[0.602s] Invoking command in '/root/kadai2/ros2_ws/src/mypkg': PYTHONPATH=/root/kadai2/ros2_ws/install/mypkg/lib/python3.10/site-packages:${PYTHONPATH} /usr/bin/python3 setup.py egg_info --egg-base ../../build/mypkg build --build-base /root/kadai2/ros2_ws/build/mypkg/build install --prefix /root/kadai2/ros2_ws/install/mypkg --record /root/kadai2/ros2_ws/build/mypkg/install.log --single-version-externally-managed
[0.824s] running egg_info
[0.824s] writing ../../build/mypkg/mypkg.egg-info/PKG-INFO
[0.825s] writing dependency_links to ../../build/mypkg/mypkg.egg-info/dependency_links.txt
[0.825s] writing entry points to ../../build/mypkg/mypkg.egg-info/entry_points.txt
[0.825s] writing requirements to ../../build/mypkg/mypkg.egg-info/requires.txt
[0.825s] writing top-level names to ../../build/mypkg/mypkg.egg-info/top_level.txt
[0.827s] reading manifest file '../../build/mypkg/mypkg.egg-info/SOURCES.txt'
[0.828s] writing manifest file '../../build/mypkg/mypkg.egg-info/SOURCES.txt'
[0.828s] running build
[0.829s] running build_py
[0.829s] copying mypkg/talker.py -> /root/kadai2/ros2_ws/build/mypkg/build/lib/mypkg
[0.829s] running install
[0.829s] /usr/lib/python3/dist-packages/setuptools/command/install.py:34: SetuptoolsDeprecationWarning: setup.py install is deprecated. Use build and pip and other standards-based tools.
[0.830s]   warnings.warn(
[0.830s] running install_lib
[0.830s] copying /root/kadai2/ros2_ws/build/mypkg/build/lib/mypkg/talker.py -> /root/kadai2/ros2_ws/install/mypkg/lib/python3.10/site-packages/mypkg
[0.831s] byte-compiling /root/kadai2/ros2_ws/install/mypkg/lib/python3.10/site-packages/mypkg/talker.py to talker.cpython-310.pyc
[0.831s]   File "/root/kadai2/ros2_ws/install/mypkg/lib/python3.10/site-packages/mypkg/talker.py", line 11
[0.831s]     grobal n
[0.831s]            ^
[0.831s] SyntaxError: invalid syntax
[0.831s] 
[0.831s] running install_data
[0.831s] copying package.xml -> /root/kadai2/ros2_ws/install/mypkg/share/mypkg
[0.831s] running install_egg_info
[0.833s] removing '/root/kadai2/ros2_ws/install/mypkg/lib/python3.10/site-packages/mypkg-0.0.0-py3.10.egg-info' (and everything under it)
[0.833s] Copying ../../build/mypkg/mypkg.egg-info to /root/kadai2/ros2_ws/install/mypkg/lib/python3.10/site-packages/mypkg-0.0.0-py3.10.egg-info
[0.834s] running install_scripts
[0.856s] Installing talker script to /root/kadai2/ros2_ws/install/mypkg/lib/mypkg
[0.856s] writing list of installed files to '/root/kadai2/ros2_ws/build/mypkg/install.log'
[0.882s] Invoked command in '/root/kadai2/ros2_ws/src/mypkg' returned '0': PYTHONPATH=/root/kadai2/ros2_ws/install/mypkg/lib/python3.10/site-packages:${PYTHONPATH} /usr/bin/python3 setup.py egg_info --egg-base ../../build/mypkg build --build-base /root/kadai2/ros2_ws/build/mypkg/build install --prefix /root/kadai2/ros2_ws/install/mypkg --record /root/kadai2/ros2_ws/build/mypkg/install.log --single-version-externally-managed
