[0.272s] Invoking command in '/root/kadai2/ros2_ws/build/person_msgs': CMAKE_PREFIX_PATH=${CMAKE_PREFIX_PATH}:/root/kadai2/ros2_ws/install/mypkg:/root/ros2_ws/install/mypkg:/opt/ros/humble /usr/bin/cmake --build /root/kadai2/ros2_ws/build/person_msgs -- -j8 -l8
[0.320s] [  9%] Built target person_msgs__rosidl_generator_c
[0.321s] [ 12%] Built target person_msgs__cpp
[0.330s] [ 12%] Built target ament_cmake_python_copy_person_msgs
[0.345s] [ 29%] Built target person_msgs__rosidl_typesupport_introspection_cpp
[0.345s] [ 32%] Built target person_msgs__rosidl_typesupport_introspection_c
[0.346s] [ 41%] Built target person_msgs__rosidl_typesupport_fastrtps_c
[0.346s] [ 51%] Built target person_msgs__rosidl_typesupport_c
[0.351s] [ 61%] Built target person_msgs__rosidl_typesupport_fastrtps_cpp
[0.355s] [ 70%] Built target person_msgs__rosidl_typesupport_cpp
[0.373s] [ 70%] Built target person_msgs
[0.393s] [ 74%] Built target person_msgs__py
[0.412s] [ 80%] Built target person_msgs__rosidl_generator_py
[0.432s] [ 87%] Built target person_msgs__rosidl_typesupport_fastrtps_c__pyext
[0.433s] [ 93%] Built target person_msgs__rosidl_typesupport_introspection_c__pyext
[0.434s] [100%] Built target person_msgs__rosidl_typesupport_c__pyext
[0.594s] running egg_info
[0.595s] writing person_msgs.egg-info/PKG-INFO
[0.596s] writing dependency_links to person_msgs.egg-info/dependency_links.txt
[0.596s] writing top-level names to person_msgs.egg-info/top_level.txt
[0.599s] reading manifest file 'person_msgs.egg-info/SOURCES.txt'
[0.599s] writing manifest file 'person_msgs.egg-info/SOURCES.txt'
[0.638s] [100%] Built target ament_cmake_python_build_person_msgs_egg
[0.656s] Invoked command in '/root/kadai2/ros2_ws/build/person_msgs' returned '0': CMAKE_PREFIX_PATH=${CMAKE_PREFIX_PATH}:/root/kadai2/ros2_ws/install/mypkg:/root/ros2_ws/install/mypkg:/opt/ros/humble /usr/bin/cmake --build /root/kadai2/ros2_ws/build/person_msgs -- -j8 -l8
[0.726s] Invoking command in '/root/kadai2/ros2_ws/build/person_msgs': CMAKE_PREFIX_PATH=${CMAKE_PREFIX_PATH}:/root/kadai2/ros2_ws/install/mypkg:/root/ros2_ws/install/mypkg:/opt/ros/humble /usr/bin/cmake --install /root/kadai2/ros2_ws/build/person_msgs
[0.732s] -- Install configuration: ""
[0.732s] -- Up-to-date: /root/kadai2/ros2_ws/install/person_msgs/share/ament_index/resource_index/rosidl_interfaces/person_msgs
[0.732s] -- Up-to-date: /root/kadai2/ros2_ws/install/person_msgs/include/person_msgs/person_msgs
[0.732s] -- Up-to-date: /root/kadai2/ros2_ws/install/person_msgs/include/person_msgs/person_msgs/msg
[0.733s] -- Up-to-date: /root/kadai2/ros2_ws/install/person_msgs/include/person_msgs/person_msgs/msg/person.h
[0.733s] -- Up-to-date: /root/kadai2/ros2_ws/install/person_msgs/include/person_msgs/person_msgs/msg/rosidl_generator_c__visibility_control.h
[0.733s] -- Up-to-date: /root/kadai2/ros2_ws/install/person_msgs/include/person_msgs/person_msgs/msg/detail
[0.733s] -- Up-to-date: /root/kadai2/ros2_ws/install/person_msgs/include/person_msgs/person_msgs/msg/detail/person__functions.c
[0.733s] -- Up-to-date: /root/kadai2/ros2_ws/install/person_msgs/include/person_msgs/person_msgs/msg/detail/person__type_support.h
[0.734s] -- Up-to-date: /root/kadai2/ros2_ws/install/person_msgs/include/person_msgs/person_msgs/msg/detail/person__functions.h
[0.734s] -- Up-to-date: /root/kadai2/ros2_ws/install/person_msgs/include/person_msgs/person_msgs/msg/detail/person__struct.h
[0.734s] -- Up-to-date: /root/kadai2/ros2_ws/install/person_msgs/share/person_msgs/environment/library_path.sh
[0.734s] -- Up-to-date: /root/kadai2/ros2_ws/install/person_msgs/share/person_msgs/environment/library_path.dsv
[0.734s] -- Up-to-date: /root/kadai2/ros2_ws/install/person_msgs/lib/libperson_msgs__rosidl_generator_c.so
[0.734s] -- Up-to-date: /root/kadai2/ros2_ws/install/person_msgs/include/person_msgs/person_msgs
[0.734s] -- Up-to-date: /root/kadai2/ros2_ws/install/person_msgs/include/person_msgs/person_msgs/msg
[0.735s] -- Up-to-date: /root/kadai2/ros2_ws/install/person_msgs/include/person_msgs/person_msgs/msg/rosidl_typesupport_fastrtps_c__visibility_control.h
[0.735s] -- Up-to-date: /root/kadai2/ros2_ws/install/person_msgs/include/person_msgs/person_msgs/msg/detail
[0.735s] -- Up-to-date: /root/kadai2/ros2_ws/install/person_msgs/include/person_msgs/person_msgs/msg/detail/person__rosidl_typesupport_fastrtps_c.h
[0.735s] -- Up-to-date: /root/kadai2/ros2_ws/install/person_msgs/lib/libperson_msgs__rosidl_typesupport_fastrtps_c.so
[0.735s] -- Up-to-date: /root/kadai2/ros2_ws/install/person_msgs/include/person_msgs/person_msgs
[0.735s] -- Up-to-date: /root/kadai2/ros2_ws/install/person_msgs/include/person_msgs/person_msgs/msg
[0.735s] -- Up-to-date: /root/kadai2/ros2_ws/install/person_msgs/include/person_msgs/person_msgs/msg/rosidl_typesupport_introspection_c__visibility_control.h
[0.736s] -- Up-to-date: /root/kadai2/ros2_ws/install/person_msgs/include/person_msgs/person_msgs/msg/detail
[0.736s] -- Up-to-date: /root/kadai2/ros2_ws/install/person_msgs/include/person_msgs/person_msgs/msg/detail/person__type_support.c
[0.736s] -- Up-to-date: /root/kadai2/ros2_ws/install/person_msgs/include/person_msgs/person_msgs/msg/detail/person__rosidl_typesupport_introspection_c.h
[0.736s] -- Up-to-date: /root/kadai2/ros2_ws/install/person_msgs/lib/libperson_msgs__rosidl_typesupport_introspection_c.so
[0.737s] -- Up-to-date: /root/kadai2/ros2_ws/install/person_msgs/lib/libperson_msgs__rosidl_typesupport_c.so
[0.737s] -- Up-to-date: /root/kadai2/ros2_ws/install/person_msgs/include/person_msgs/person_msgs
[0.737s] -- Up-to-date: /root/kadai2/ros2_ws/install/person_msgs/include/person_msgs/person_msgs/msg
[0.737s] -- Up-to-date: /root/kadai2/ros2_ws/install/person_msgs/include/person_msgs/person_msgs/msg/person.hpp
[0.737s] -- Up-to-date: /root/kadai2/ros2_ws/install/person_msgs/include/person_msgs/person_msgs/msg/detail
[0.737s] -- Up-to-date: /root/kadai2/ros2_ws/install/person_msgs/include/person_msgs/person_msgs/msg/detail/person__builder.hpp
[0.737s] -- Up-to-date: /root/kadai2/ros2_ws/install/person_msgs/include/person_msgs/person_msgs/msg/detail/person__traits.hpp
[0.737s] -- Up-to-date: /root/kadai2/ros2_ws/install/person_msgs/include/person_msgs/person_msgs/msg/detail/person__struct.hpp
[0.737s] -- Up-to-date: /root/kadai2/ros2_ws/install/person_msgs/include/person_msgs/person_msgs
[0.737s] -- Up-to-date: /root/kadai2/ros2_ws/install/person_msgs/include/person_msgs/person_msgs/msg
[0.737s] -- Up-to-date: /root/kadai2/ros2_ws/install/person_msgs/include/person_msgs/person_msgs/msg/rosidl_typesupport_fastrtps_cpp__visibility_control.h
[0.737s] -- Up-to-date: /root/kadai2/ros2_ws/install/person_msgs/include/person_msgs/person_msgs/msg/detail
[0.737s] -- Up-to-date: /root/kadai2/ros2_ws/install/person_msgs/include/person_msgs/person_msgs/msg/detail/dds_fastrtps
[0.737s] -- Up-to-date: /root/kadai2/ros2_ws/install/person_msgs/include/person_msgs/person_msgs/msg/detail/person__rosidl_typesupport_fastrtps_cpp.hpp
[0.737s] -- Up-to-date: /root/kadai2/ros2_ws/install/person_msgs/lib/libperson_msgs__rosidl_typesupport_fastrtps_cpp.so
[0.738s] -- Up-to-date: /root/kadai2/ros2_ws/install/person_msgs/include/person_msgs/person_msgs
[0.738s] -- Up-to-date: /root/kadai2/ros2_ws/install/person_msgs/include/person_msgs/person_msgs/msg
[0.738s] -- Up-to-date: /root/kadai2/ros2_ws/install/person_msgs/include/person_msgs/person_msgs/msg/detail
[0.738s] -- Up-to-date: /root/kadai2/ros2_ws/install/person_msgs/include/person_msgs/person_msgs/msg/detail/person__rosidl_typesupport_introspection_cpp.hpp
[0.738s] -- Up-to-date: /root/kadai2/ros2_ws/install/person_msgs/include/person_msgs/person_msgs/msg/detail/person__type_support.cpp
[0.738s] -- Up-to-date: /root/kadai2/ros2_ws/install/person_msgs/lib/libperson_msgs__rosidl_typesupport_introspection_cpp.so
[0.738s] -- Up-to-date: /root/kadai2/ros2_ws/install/person_msgs/lib/libperson_msgs__rosidl_typesupport_cpp.so
[0.738s] -- Up-to-date: /root/kadai2/ros2_ws/install/person_msgs/share/person_msgs/environment/pythonpath.sh
[0.738s] -- Up-to-date: /root/kadai2/ros2_ws/install/person_msgs/share/person_msgs/environment/pythonpath.dsv
[0.738s] -- Up-to-date: /root/kadai2/ros2_ws/install/person_msgs/local/lib/python3.10/dist-packages/person_msgs-0.0.0-py3.10.egg-info
[0.738s] -- Installing: /root/kadai2/ros2_ws/install/person_msgs/local/lib/python3.10/dist-packages/person_msgs-0.0.0-py3.10.egg-info/top_level.txt
[0.738s] -- Installing: /root/kadai2/ros2_ws/install/person_msgs/local/lib/python3.10/dist-packages/person_msgs-0.0.0-py3.10.egg-info/dependency_links.txt
[0.738s] -- Installing: /root/kadai2/ros2_ws/install/person_msgs/local/lib/python3.10/dist-packages/person_msgs-0.0.0-py3.10.egg-info/SOURCES.txt
[0.738s] -- Installing: /root/kadai2/ros2_ws/install/person_msgs/local/lib/python3.10/dist-packages/person_msgs-0.0.0-py3.10.egg-info/PKG-INFO
[0.738s] -- Up-to-date: /root/kadai2/ros2_ws/install/person_msgs/local/lib/python3.10/dist-packages/person_msgs
[0.738s] -- Up-to-date: /root/kadai2/ros2_ws/install/person_msgs/local/lib/python3.10/dist-packages/person_msgs/libperson_msgs__rosidl_generator_py.so
[0.738s] -- Up-to-date: /root/kadai2/ros2_ws/install/person_msgs/local/lib/python3.10/dist-packages/person_msgs/_person_msgs_s.ep.rosidl_typesupport_introspection_c.c
[0.738s] -- Up-to-date: /root/kadai2/ros2_ws/install/person_msgs/local/lib/python3.10/dist-packages/person_msgs/_person_msgs_s.ep.rosidl_typesupport_c.c
[0.738s] -- Up-to-date: /root/kadai2/ros2_ws/install/person_msgs/local/lib/python3.10/dist-packages/person_msgs/person_msgs_s__rosidl_typesupport_fastrtps_c.cpython-310-x86_64-linux-gnu.so
[0.739s] -- Up-to-date: /root/kadai2/ros2_ws/install/person_msgs/local/lib/python3.10/dist-packages/person_msgs/msg
[0.739s] -- Up-to-date: /root/kadai2/ros2_ws/install/person_msgs/local/lib/python3.10/dist-packages/person_msgs/msg/_person.py
[0.739s] -- Up-to-date: /root/kadai2/ros2_ws/install/person_msgs/local/lib/python3.10/dist-packages/person_msgs/msg/_person_s.c
[0.739s] -- Up-to-date: /root/kadai2/ros2_ws/install/person_msgs/local/lib/python3.10/dist-packages/person_msgs/msg/__init__.py
[0.739s] -- Up-to-date: /root/kadai2/ros2_ws/install/person_msgs/local/lib/python3.10/dist-packages/person_msgs/person_msgs_s__rosidl_typesupport_introspection_c.cpython-310-x86_64-linux-gnu.so
[0.739s] -- Up-to-date: /root/kadai2/ros2_ws/install/person_msgs/local/lib/python3.10/dist-packages/person_msgs/person_msgs_s__rosidl_typesupport_c.cpython-310-x86_64-linux-gnu.so
[0.739s] -- Up-to-date: /root/kadai2/ros2_ws/install/person_msgs/local/lib/python3.10/dist-packages/person_msgs/_person_msgs_s.ep.rosidl_typesupport_fastrtps_c.c
[0.739s] -- Up-to-date: /root/kadai2/ros2_ws/install/person_msgs/local/lib/python3.10/dist-packages/person_msgs/__init__.py
[0.765s] Listing '/root/kadai2/ros2_ws/install/person_msgs/local/lib/python3.10/dist-packages/person_msgs'...
[0.765s] Listing '/root/kadai2/ros2_ws/install/person_msgs/local/lib/python3.10/dist-packages/person_msgs/msg'...
[0.769s] -- Up-to-date: /root/kadai2/ros2_ws/install/person_msgs/local/lib/python3.10/dist-packages/person_msgs/person_msgs_s__rosidl_typesupport_fastrtps_c.cpython-310-x86_64-linux-gnu.so
[0.769s] -- Up-to-date: /root/kadai2/ros2_ws/install/person_msgs/local/lib/python3.10/dist-packages/person_msgs/person_msgs_s__rosidl_typesupport_introspection_c.cpython-310-x86_64-linux-gnu.so
[0.770s] -- Up-to-date: /root/kadai2/ros2_ws/install/person_msgs/local/lib/python3.10/dist-packages/person_msgs/person_msgs_s__rosidl_typesupport_c.cpython-310-x86_64-linux-gnu.so
[0.770s] -- Up-to-date: /root/kadai2/ros2_ws/install/person_msgs/lib/libperson_msgs__rosidl_generator_py.so
[0.770s] -- Up-to-date: /root/kadai2/ros2_ws/install/person_msgs/share/person_msgs/msg/Person.idl
[0.770s] -- Up-to-date: /root/kadai2/ros2_ws/install/person_msgs/share/person_msgs/msg/Person.msg
[0.771s] -- Up-to-date: /root/kadai2/ros2_ws/install/person_msgs/share/ament_index/resource_index/package_run_dependencies/person_msgs
[0.771s] -- Up-to-date: /root/kadai2/ros2_ws/install/person_msgs/share/ament_index/resource_index/parent_prefix_path/person_msgs
[0.771s] -- Up-to-date: /root/kadai2/ros2_ws/install/person_msgs/share/person_msgs/environment/ament_prefix_path.sh
[0.771s] -- Up-to-date: /root/kadai2/ros2_ws/install/person_msgs/share/person_msgs/environment/ament_prefix_path.dsv
[0.772s] -- Up-to-date: /root/kadai2/ros2_ws/install/person_msgs/share/person_msgs/environment/path.sh
[0.772s] -- Up-to-date: /root/kadai2/ros2_ws/install/person_msgs/share/person_msgs/environment/path.dsv
[0.772s] -- Up-to-date: /root/kadai2/ros2_ws/install/person_msgs/share/person_msgs/local_setup.bash
[0.772s] -- Up-to-date: /root/kadai2/ros2_ws/install/person_msgs/share/person_msgs/local_setup.sh
[0.773s] -- Up-to-date: /root/kadai2/ros2_ws/install/person_msgs/share/person_msgs/local_setup.zsh
[0.773s] -- Up-to-date: /root/kadai2/ros2_ws/install/person_msgs/share/person_msgs/local_setup.dsv
[0.773s] -- Installing: /root/kadai2/ros2_ws/install/person_msgs/share/person_msgs/package.dsv
[0.773s] -- Up-to-date: /root/kadai2/ros2_ws/install/person_msgs/share/ament_index/resource_index/packages/person_msgs
[0.773s] -- Up-to-date: /root/kadai2/ros2_ws/install/person_msgs/share/person_msgs/cmake/export_person_msgs__rosidl_generator_cExport.cmake
[0.773s] -- Up-to-date: /root/kadai2/ros2_ws/install/person_msgs/share/person_msgs/cmake/export_person_msgs__rosidl_generator_cExport-noconfig.cmake
[0.773s] -- Up-to-date: /root/kadai2/ros2_ws/install/person_msgs/share/person_msgs/cmake/export_person_msgs__rosidl_typesupport_fastrtps_cExport.cmake
[0.773s] -- Up-to-date: /root/kadai2/ros2_ws/install/person_msgs/share/person_msgs/cmake/export_person_msgs__rosidl_typesupport_fastrtps_cExport-noconfig.cmake
[0.773s] -- Up-to-date: /root/kadai2/ros2_ws/install/person_msgs/share/person_msgs/cmake/person_msgs__rosidl_typesupport_introspection_cExport.cmake
[0.773s] -- Up-to-date: /root/kadai2/ros2_ws/install/person_msgs/share/person_msgs/cmake/person_msgs__rosidl_typesupport_introspection_cExport-noconfig.cmake
[0.774s] -- Up-to-date: /root/kadai2/ros2_ws/install/person_msgs/share/person_msgs/cmake/person_msgs__rosidl_typesupport_cExport.cmake
[0.774s] -- Up-to-date: /root/kadai2/ros2_ws/install/person_msgs/share/person_msgs/cmake/person_msgs__rosidl_typesupport_cExport-noconfig.cmake
[0.774s] -- Up-to-date: /root/kadai2/ros2_ws/install/person_msgs/share/person_msgs/cmake/export_person_msgs__rosidl_generator_cppExport.cmake
[0.774s] -- Up-to-date: /root/kadai2/ros2_ws/install/person_msgs/share/person_msgs/cmake/export_person_msgs__rosidl_typesupport_fastrtps_cppExport.cmake
[0.774s] -- Up-to-date: /root/kadai2/ros2_ws/install/person_msgs/share/person_msgs/cmake/export_person_msgs__rosidl_typesupport_fastrtps_cppExport-noconfig.cmake
[0.774s] -- Up-to-date: /root/kadai2/ros2_ws/install/person_msgs/share/person_msgs/cmake/person_msgs__rosidl_typesupport_introspection_cppExport.cmake
[0.774s] -- Up-to-date: /root/kadai2/ros2_ws/install/person_msgs/share/person_msgs/cmake/person_msgs__rosidl_typesupport_introspection_cppExport-noconfig.cmake
[0.774s] -- Up-to-date: /root/kadai2/ros2_ws/install/person_msgs/share/person_msgs/cmake/person_msgs__rosidl_typesupport_cppExport.cmake
[0.774s] -- Up-to-date: /root/kadai2/ros2_ws/install/person_msgs/share/person_msgs/cmake/person_msgs__rosidl_typesupport_cppExport-noconfig.cmake
[0.774s] -- Up-to-date: /root/kadai2/ros2_ws/install/person_msgs/share/person_msgs/cmake/export_person_msgs__rosidl_generator_pyExport.cmake
[0.774s] -- Up-to-date: /root/kadai2/ros2_ws/install/person_msgs/share/person_msgs/cmake/export_person_msgs__rosidl_generator_pyExport-noconfig.cmake
[0.774s] -- Up-to-date: /root/kadai2/ros2_ws/install/person_msgs/share/person_msgs/cmake/rosidl_cmake-extras.cmake
[0.774s] -- Up-to-date: /root/kadai2/ros2_ws/install/person_msgs/share/person_msgs/cmake/ament_cmake_export_include_directories-extras.cmake
[0.774s] -- Up-to-date: /root/kadai2/ros2_ws/install/person_msgs/share/person_msgs/cmake/ament_cmake_export_libraries-extras.cmake
[0.774s] -- Up-to-date: /root/kadai2/ros2_ws/install/person_msgs/share/person_msgs/cmake/ament_cmake_export_targets-extras.cmake
[0.774s] -- Up-to-date: /root/kadai2/ros2_ws/install/person_msgs/share/person_msgs/cmake/rosidl_cmake_export_typesupport_targets-extras.cmake
[0.774s] -- Up-to-date: /root/kadai2/ros2_ws/install/person_msgs/share/person_msgs/cmake/ament_cmake_export_dependencies-extras.cmake
[0.774s] -- Up-to-date: /root/kadai2/ros2_ws/install/person_msgs/share/person_msgs/cmake/rosidl_cmake_export_typesupport_libraries-extras.cmake
[0.775s] -- Up-to-date: /root/kadai2/ros2_ws/install/person_msgs/share/person_msgs/cmake/person_msgsConfig.cmake
[0.775s] -- Up-to-date: /root/kadai2/ros2_ws/install/person_msgs/share/person_msgs/cmake/person_msgsConfig-version.cmake
[0.775s] -- Up-to-date: /root/kadai2/ros2_ws/install/person_msgs/share/person_msgs/package.xml
[0.776s] Invoked command in '/root/kadai2/ros2_ws/build/person_msgs' returned '0': CMAKE_PREFIX_PATH=${CMAKE_PREFIX_PATH}:/root/kadai2/ros2_ws/install/mypkg:/root/ros2_ws/install/mypkg:/opt/ros/humble /usr/bin/cmake --install /root/kadai2/ros2_ws/build/person_msgs
