[0.754s] Invoking command in '/root/kadai2/ros2_ws/src/mypkg': PYTHONPATH=/root/kadai2/ros2_ws/install/mypkg/lib/python3.10/site-packages:${PYTHONPATH} /usr/bin/python3 setup.py egg_info --egg-base ../../build/mypkg build --build-base /root/kadai2/ros2_ws/build/mypkg/build install --prefix /root/kadai2/ros2_ws/install/mypkg --record /root/kadai2/ros2_ws/build/mypkg/install.log --single-version-externally-managed
[0.994s] running egg_info
[0.995s] writing ../../build/mypkg/mypkg.egg-info/PKG-INFO
[0.995s] writing dependency_links to ../../build/mypkg/mypkg.egg-info/dependency_links.txt
[0.996s] writing entry points to ../../build/mypkg/mypkg.egg-info/entry_points.txt
[0.996s] writing requirements to ../../build/mypkg/mypkg.egg-info/requires.txt
[0.996s] writing top-level names to ../../build/mypkg/mypkg.egg-info/top_level.txt
[0.998s] reading manifest file '../../build/mypkg/mypkg.egg-info/SOURCES.txt'
[1.000s] writing manifest file '../../build/mypkg/mypkg.egg-info/SOURCES.txt'
[1.000s] running build
[1.000s] running build_py
[1.001s] copying mypkg/talker.py -> /root/kadai2/ros2_ws/build/mypkg/build/lib/mypkg
[1.001s] /usr/lib/python3/dist-packages/setuptools/command/install.py:34: SetuptoolsDeprecationWarning: setup.py install is deprecated. Use build and pip and other standards-based tools.
[1.001s]   warnings.warn(
[1.001s] running install
[1.001s] running install_lib
[1.001s] copying /root/kadai2/ros2_ws/build/mypkg/build/lib/mypkg/talker.py -> /root/kadai2/ros2_ws/install/mypkg/lib/python3.10/site-packages/mypkg
[1.002s] byte-compiling /root/kadai2/ros2_ws/install/mypkg/lib/python3.10/site-packages/mypkg/talker.py to talker.cpython-310.pyc
[1.002s] running install_data
[1.003s] running install_egg_info
[1.004s] removing '/root/kadai2/ros2_ws/install/mypkg/lib/python3.10/site-packages/mypkg-0.0.0-py3.10.egg-info' (and everything under it)
[1.005s] Copying ../../build/mypkg/mypkg.egg-info to /root/kadai2/ros2_ws/install/mypkg/lib/python3.10/site-packages/mypkg-0.0.0-py3.10.egg-info
[1.005s] running install_scripts
[1.029s] Installing listener script to /root/kadai2/ros2_ws/install/mypkg/lib/mypkg
[1.029s] Installing talker script to /root/kadai2/ros2_ws/install/mypkg/lib/mypkg
[1.029s] writing list of installed files to '/root/kadai2/ros2_ws/build/mypkg/install.log'
[1.067s] Invoked command in '/root/kadai2/ros2_ws/src/mypkg' returned '0': PYTHONPATH=/root/kadai2/ros2_ws/install/mypkg/lib/python3.10/site-packages:${PYTHONPATH} /usr/bin/python3 setup.py egg_info --egg-base ../../build/mypkg build --build-base /root/kadai2/ros2_ws/build/mypkg/build install --prefix /root/kadai2/ros2_ws/install/mypkg --record /root/kadai2/ros2_ws/build/mypkg/install.log --single-version-externally-managed
