[0.733s] Invoking command in '/root/kadai2/ros2_ws/src/mypkg': PYTHONPATH=/root/kadai2/ros2_ws/install/mypkg/lib/python3.10/site-packages:${PYTHONPATH} /usr/bin/python3 setup.py egg_info --egg-base ../../build/mypkg build --build-base /root/kadai2/ros2_ws/build/mypkg/build install --prefix /root/kadai2/ros2_ws/install/mypkg --record /root/kadai2/ros2_ws/build/mypkg/install.log --single-version-externally-managed
[1.017s] running egg_info
[1.017s] writing ../../build/mypkg/mypkg.egg-info/PKG-INFO
[1.018s] writing dependency_links to ../../build/mypkg/mypkg.egg-info/dependency_links.txt
[1.018s] writing entry points to ../../build/mypkg/mypkg.egg-info/entry_points.txt
[1.018s] writing requirements to ../../build/mypkg/mypkg.egg-info/requires.txt
[1.018s] writing top-level names to ../../build/mypkg/mypkg.egg-info/top_level.txt
[1.020s] reading manifest file '../../build/mypkg/mypkg.egg-info/SOURCES.txt'
[1.021s] writing manifest file '../../build/mypkg/mypkg.egg-info/SOURCES.txt'
[1.021s] running build
[1.021s] running build_py
[1.021s] running install
[1.021s] /usr/lib/python3/dist-packages/setuptools/command/install.py:34: SetuptoolsDeprecationWarning: setup.py install is deprecated. Use build and pip and other standards-based tools.
[1.021s]   warnings.warn(
[1.022s] running install_lib
[1.023s] running install_data
[1.023s] running install_egg_info
[1.026s] removing '/root/kadai2/ros2_ws/install/mypkg/lib/python3.10/site-packages/mypkg-0.0.0-py3.10.egg-info' (and everything under it)
[1.026s] Copying ../../build/mypkg/mypkg.egg-info to /root/kadai2/ros2_ws/install/mypkg/lib/python3.10/site-packages/mypkg-0.0.0-py3.10.egg-info
[1.028s] running install_scripts
[1.056s] Installing listener script to /root/kadai2/ros2_ws/install/mypkg/lib/mypkg
[1.056s] Installing talker script to /root/kadai2/ros2_ws/install/mypkg/lib/mypkg
[1.056s] writing list of installed files to '/root/kadai2/ros2_ws/build/mypkg/install.log'
[1.083s] Invoked command in '/root/kadai2/ros2_ws/src/mypkg' returned '0': PYTHONPATH=/root/kadai2/ros2_ws/install/mypkg/lib/python3.10/site-packages:${PYTHONPATH} /usr/bin/python3 setup.py egg_info --egg-base ../../build/mypkg build --build-base /root/kadai2/ros2_ws/build/mypkg/build install --prefix /root/kadai2/ros2_ws/install/mypkg --record /root/kadai2/ros2_ws/build/mypkg/install.log --single-version-externally-managed
