[0.685s] Invoking command in '/root/kadai2/ros2_ws/src/mypkg': PYTHONPATH=/root/kadai2/ros2_ws/install/mypkg/lib/python3.10/site-packages:${PYTHONPATH} /usr/bin/python3 setup.py egg_info --egg-base ../../build/mypkg build --build-base /root/kadai2/ros2_ws/build/mypkg/build install --prefix /root/kadai2/ros2_ws/install/mypkg --record /root/kadai2/ros2_ws/build/mypkg/install.log --single-version-externally-managed
[0.917s] running egg_info
[0.919s] writing ../../build/mypkg/mypkg.egg-info/PKG-INFO
[0.919s] writing dependency_links to ../../build/mypkg/mypkg.egg-info/dependency_links.txt
[0.919s] writing entry points to ../../build/mypkg/mypkg.egg-info/entry_points.txt
[0.920s] writing requirements to ../../build/mypkg/mypkg.egg-info/requires.txt
[0.920s] writing top-level names to ../../build/mypkg/mypkg.egg-info/top_level.txt
[0.921s] reading manifest file '../../build/mypkg/mypkg.egg-info/SOURCES.txt'
[0.922s] writing manifest file '../../build/mypkg/mypkg.egg-info/SOURCES.txt'
[0.923s] running build
[0.923s] running build_py
[0.923s] copying mypkg/talker.py -> /root/kadai2/ros2_ws/build/mypkg/build/lib/mypkg
[0.923s] running install
[0.923s] /usr/lib/python3/dist-packages/setuptools/command/install.py:34: SetuptoolsDeprecationWarning: setup.py install is deprecated. Use build and pip and other standards-based tools.
[0.923s]   warnings.warn(
[0.924s] running install_lib
[0.925s] copying /root/kadai2/ros2_ws/build/mypkg/build/lib/mypkg/talker.py -> /root/kadai2/ros2_ws/install/mypkg/lib/python3.10/site-packages/mypkg
[0.926s] byte-compiling /root/kadai2/ros2_ws/install/mypkg/lib/python3.10/site-packages/mypkg/talker.py to talker.cpython-310.pyc
[0.926s] running install_data
[0.929s] running install_egg_info
[0.932s] removing '/root/kadai2/ros2_ws/install/mypkg/lib/python3.10/site-packages/mypkg-0.0.0-py3.10.egg-info' (and everything under it)
[0.934s] Copying ../../build/mypkg/mypkg.egg-info to /root/kadai2/ros2_ws/install/mypkg/lib/python3.10/site-packages/mypkg-0.0.0-py3.10.egg-info
[0.934s] running install_scripts
[0.960s] Installing talker script to /root/kadai2/ros2_ws/install/mypkg/lib/mypkg
[0.961s] writing list of installed files to '/root/kadai2/ros2_ws/build/mypkg/install.log'
[1.005s] Invoked command in '/root/kadai2/ros2_ws/src/mypkg' returned '0': PYTHONPATH=/root/kadai2/ros2_ws/install/mypkg/lib/python3.10/site-packages:${PYTHONPATH} /usr/bin/python3 setup.py egg_info --egg-base ../../build/mypkg build --build-base /root/kadai2/ros2_ws/build/mypkg/build install --prefix /root/kadai2/ros2_ws/install/mypkg --record /root/kadai2/ros2_ws/build/mypkg/install.log --single-version-externally-managed
