[0.476s] DEBUG:colcon:Command line arguments: ['/usr/bin/colcon', 'build']
[0.476s] DEBUG:colcon:Parsed command line arguments: Namespace(log_base=None, log_level=None, verb_name='build', build_base='build', install_base='install', merge_install=False, symlink_install=False, test_result_base=None, continue_on_error=False, executor='parallel', parallel_workers=8, event_handlers=None, ignore_user_meta=False, metas=['./colcon.meta'], base_paths=['.'], packages_ignore=None, packages_ignore_regex=None, paths=None, packages_up_to=None, packages_up_to_regex=None, packages_above=None, packages_above_and_dependencies=None, packages_above_depth=None, packages_select_by_dep=None, packages_skip_by_dep=None, packages_skip_up_to=None, packages_select_build_failed=False, packages_skip_build_finished=False, packages_select_test_failures=False, packages_skip_test_passed=False, packages_select=None, packages_skip=None, packages_select_regex=None, packages_skip_regex=None, packages_start=None, packages_end=None, allow_overriding=[], cmake_args=None, cmake_target=None, cmake_target_skip_unavailable=False, cmake_clean_cache=False, cmake_clean_first=False, cmake_force_configure=False, ament_cmake_args=None, catkin_cmake_args=None, catkin_skip_building_tests=False, verb_parser=<colcon_defaults.argument_parser.defaults.DefaultArgumentsDecorator object at 0x7f04144c9960>, verb_extension=<colcon_core.verb.build.BuildVerb object at 0x7f0414dee3b0>, main=<bound method BuildVerb.main of <colcon_core.verb.build.BuildVerb object at 0x7f0414dee3b0>>)
[0.500s] Level 1:colcon.colcon_core.package_discovery:discover_packages(colcon_meta) check parameters
[0.501s] Level 1:colcon.colcon_core.package_discovery:discover_packages(recursive) check parameters
[0.501s] Level 1:colcon.colcon_core.package_discovery:discover_packages(ignore) check parameters
[0.501s] Level 1:colcon.colcon_core.package_discovery:discover_packages(path) check parameters
[0.501s] Level 1:colcon.colcon_core.package_discovery:discover_packages(colcon_meta) discover
[0.501s] Level 1:colcon.colcon_core.package_discovery:discover_packages(recursive) discover
[0.501s] INFO:colcon.colcon_core.package_discovery:Crawling recursively for packages in '/root/kadai2/ros2_ws'
[0.501s] Level 1:colcon.colcon_core.package_identification:_identify(.) by extensions ['ignore', 'ignore_ament_install']
[0.501s] Level 1:colcon.colcon_core.package_identification:_identify(.) by extension 'ignore'
[0.501s] Level 1:colcon.colcon_core.package_identification:_identify(.) by extension 'ignore_ament_install'
[0.501s] Level 1:colcon.colcon_core.package_identification:_identify(.) by extensions ['colcon_pkg']
[0.501s] Level 1:colcon.colcon_core.package_identification:_identify(.) by extension 'colcon_pkg'
[0.501s] Level 1:colcon.colcon_core.package_identification:_identify(.) by extensions ['colcon_meta']
[0.501s] Level 1:colcon.colcon_core.package_identification:_identify(.) by extension 'colcon_meta'
[0.501s] Level 1:colcon.colcon_core.package_identification:_identify(.) by extensions ['ros']
[0.501s] Level 1:colcon.colcon_core.package_identification:_identify(.) by extension 'ros'
[0.523s] Level 1:colcon.colcon_core.package_identification:_identify(.) by extensions ['cmake', 'python']
[0.524s] Level 1:colcon.colcon_core.package_identification:_identify(.) by extension 'cmake'
[0.524s] Level 1:colcon.colcon_core.package_identification:_identify(.) by extension 'python'
[0.524s] Level 1:colcon.colcon_core.package_identification:_identify(.) by extensions ['python_setup_py']
[0.524s] Level 1:colcon.colcon_core.package_identification:_identify(.) by extension 'python_setup_py'
[0.524s] Level 1:colcon.colcon_core.package_identification:_identify(build) by extensions ['ignore', 'ignore_ament_install']
[0.524s] Level 1:colcon.colcon_core.package_identification:_identify(build) by extension 'ignore'
[0.524s] Level 1:colcon.colcon_core.package_identification:_identify(build) ignored
[0.524s] Level 1:colcon.colcon_core.package_identification:_identify(install) by extensions ['ignore', 'ignore_ament_install']
[0.524s] Level 1:colcon.colcon_core.package_identification:_identify(install) by extension 'ignore'
[0.524s] Level 1:colcon.colcon_core.package_identification:_identify(install) ignored
[0.524s] Level 1:colcon.colcon_core.package_identification:_identify(log) by extensions ['ignore', 'ignore_ament_install']
[0.524s] Level 1:colcon.colcon_core.package_identification:_identify(log) by extension 'ignore'
[0.524s] Level 1:colcon.colcon_core.package_identification:_identify(log) ignored
[0.524s] Level 1:colcon.colcon_core.package_identification:_identify(src) by extensions ['ignore', 'ignore_ament_install']
[0.525s] Level 1:colcon.colcon_core.package_identification:_identify(src) by extension 'ignore'
[0.525s] Level 1:colcon.colcon_core.package_identification:_identify(src) by extension 'ignore_ament_install'
[0.525s] Level 1:colcon.colcon_core.package_identification:_identify(src) by extensions ['colcon_pkg']
[0.525s] Level 1:colcon.colcon_core.package_identification:_identify(src) by extension 'colcon_pkg'
[0.525s] Level 1:colcon.colcon_core.package_identification:_identify(src) by extensions ['colcon_meta']
[0.525s] Level 1:colcon.colcon_core.package_identification:_identify(src) by extension 'colcon_meta'
[0.525s] Level 1:colcon.colcon_core.package_identification:_identify(src) by extensions ['ros']
[0.525s] Level 1:colcon.colcon_core.package_identification:_identify(src) by extension 'ros'
[0.525s] Level 1:colcon.colcon_core.package_identification:_identify(src) by extensions ['cmake', 'python']
[0.525s] Level 1:colcon.colcon_core.package_identification:_identify(src) by extension 'cmake'
[0.525s] Level 1:colcon.colcon_core.package_identification:_identify(src) by extension 'python'
[0.525s] Level 1:colcon.colcon_core.package_identification:_identify(src) by extensions ['python_setup_py']
[0.525s] Level 1:colcon.colcon_core.package_identification:_identify(src) by extension 'python_setup_py'
[0.525s] Level 1:colcon.colcon_core.package_identification:_identify(src/mypkg) by extensions ['ignore', 'ignore_ament_install']
[0.525s] Level 1:colcon.colcon_core.package_identification:_identify(src/mypkg) by extension 'ignore'
[0.525s] Level 1:colcon.colcon_core.package_identification:_identify(src/mypkg) by extension 'ignore_ament_install'
[0.525s] Level 1:colcon.colcon_core.package_identification:_identify(src/mypkg) by extensions ['colcon_pkg']
[0.525s] Level 1:colcon.colcon_core.package_identification:_identify(src/mypkg) by extension 'colcon_pkg'
[0.525s] Level 1:colcon.colcon_core.package_identification:_identify(src/mypkg) by extensions ['colcon_meta']
[0.525s] Level 1:colcon.colcon_core.package_identification:_identify(src/mypkg) by extension 'colcon_meta'
[0.525s] Level 1:colcon.colcon_core.package_identification:_identify(src/mypkg) by extensions ['ros']
[0.525s] Level 1:colcon.colcon_core.package_identification:_identify(src/mypkg) by extension 'ros'
[0.528s] DEBUG:colcon.colcon_core.package_identification:Package 'src/mypkg' with type 'ros.ament_python' and name 'mypkg'
[0.528s] Level 1:colcon.colcon_core.package_identification:_identify(src/person_msgs) by extensions ['ignore', 'ignore_ament_install']
[0.528s] Level 1:colcon.colcon_core.package_identification:_identify(src/person_msgs) by extension 'ignore'
[0.528s] Level 1:colcon.colcon_core.package_identification:_identify(src/person_msgs) by extension 'ignore_ament_install'
[0.528s] Level 1:colcon.colcon_core.package_identification:_identify(src/person_msgs) by extensions ['colcon_pkg']
[0.528s] Level 1:colcon.colcon_core.package_identification:_identify(src/person_msgs) by extension 'colcon_pkg'
[0.529s] Level 1:colcon.colcon_core.package_identification:_identify(src/person_msgs) by extensions ['colcon_meta']
[0.529s] Level 1:colcon.colcon_core.package_identification:_identify(src/person_msgs) by extension 'colcon_meta'
[0.529s] Level 1:colcon.colcon_core.package_identification:_identify(src/person_msgs) by extensions ['ros']
[0.529s] Level 1:colcon.colcon_core.package_identification:_identify(src/person_msgs) by extension 'ros'
[0.529s] DEBUG:colcon.colcon_core.package_identification:Package 'src/person_msgs' with type 'ros.ament_cmake' and name 'person_msgs'
[0.529s] Level 1:colcon.colcon_core.package_discovery:discover_packages(recursive) using defaults
[0.529s] Level 1:colcon.colcon_core.package_discovery:discover_packages(ignore) discover
[0.529s] Level 1:colcon.colcon_core.package_discovery:discover_packages(ignore) using defaults
[0.529s] Level 1:colcon.colcon_core.package_discovery:discover_packages(path) discover
[0.529s] Level 1:colcon.colcon_core.package_discovery:discover_packages(path) using defaults
[0.557s] Level 1:colcon.colcon_core.package_discovery:discover_packages(prefix_path) check parameters
[0.557s] Level 1:colcon.colcon_core.package_discovery:discover_packages(prefix_path) discover
[0.558s] WARNING:colcon.colcon_core.prefix_path.colcon:The path '/root/ros2_ws/install' in the environment variable COLCON_PREFIX_PATH doesn't exist
[0.558s] WARNING:colcon.colcon_ros.prefix_path.ament:The path '/root/ros2_ws/install/mypkg' in the environment variable AMENT_PREFIX_PATH doesn't exist
[0.560s] DEBUG:colcon.colcon_installed_package_information.package_discovery:Found 2 installed packages in /root/kadai2/ros2_ws/install
[0.561s] DEBUG:colcon.colcon_installed_package_information.package_discovery:Found 270 installed packages in /opt/ros/humble
[0.563s] Level 1:colcon.colcon_core.package_discovery:discover_packages(prefix_path) using defaults
[0.636s] Level 5:colcon.colcon_core.verb:set package 'mypkg' build argument 'cmake_args' from command line to 'None'
[0.636s] Level 5:colcon.colcon_core.verb:set package 'mypkg' build argument 'cmake_target' from command line to 'None'
[0.636s] Level 5:colcon.colcon_core.verb:set package 'mypkg' build argument 'cmake_target_skip_unavailable' from command line to 'False'
[0.636s] Level 5:colcon.colcon_core.verb:set package 'mypkg' build argument 'cmake_clean_cache' from command line to 'False'
[0.636s] Level 5:colcon.colcon_core.verb:set package 'mypkg' build argument 'cmake_clean_first' from command line to 'False'
[0.636s] Level 5:colcon.colcon_core.verb:set package 'mypkg' build argument 'cmake_force_configure' from command line to 'False'
[0.636s] Level 5:colcon.colcon_core.verb:set package 'mypkg' build argument 'ament_cmake_args' from command line to 'None'
[0.637s] Level 5:colcon.colcon_core.verb:set package 'mypkg' build argument 'catkin_cmake_args' from command line to 'None'
[0.637s] Level 5:colcon.colcon_core.verb:set package 'mypkg' build argument 'catkin_skip_building_tests' from command line to 'False'
[0.637s] DEBUG:colcon.colcon_core.verb:Building package 'mypkg' with the following arguments: {'ament_cmake_args': None, 'build_base': '/root/kadai2/ros2_ws/build/mypkg', 'catkin_cmake_args': None, 'catkin_skip_building_tests': False, 'cmake_args': None, 'cmake_clean_cache': False, 'cmake_clean_first': False, 'cmake_force_configure': False, 'cmake_target': None, 'cmake_target_skip_unavailable': False, 'install_base': '/root/kadai2/ros2_ws/install/mypkg', 'merge_install': False, 'path': '/root/kadai2/ros2_ws/src/mypkg', 'symlink_install': False, 'test_result_base': None}
[0.639s] Level 5:colcon.colcon_core.verb:set package 'person_msgs' build argument 'cmake_args' from command line to 'None'
[0.639s] Level 5:colcon.colcon_core.verb:set package 'person_msgs' build argument 'cmake_target' from command line to 'None'
[0.639s] Level 5:colcon.colcon_core.verb:set package 'person_msgs' build argument 'cmake_target_skip_unavailable' from command line to 'False'
[0.639s] Level 5:colcon.colcon_core.verb:set package 'person_msgs' build argument 'cmake_clean_cache' from command line to 'False'
[0.639s] Level 5:colcon.colcon_core.verb:set package 'person_msgs' build argument 'cmake_clean_first' from command line to 'False'
[0.639s] Level 5:colcon.colcon_core.verb:set package 'person_msgs' build argument 'cmake_force_configure' from command line to 'False'
[0.639s] Level 5:colcon.colcon_core.verb:set package 'person_msgs' build argument 'ament_cmake_args' from command line to 'None'
[0.639s] Level 5:colcon.colcon_core.verb:set package 'person_msgs' build argument 'catkin_cmake_args' from command line to 'None'
[0.639s] Level 5:colcon.colcon_core.verb:set package 'person_msgs' build argument 'catkin_skip_building_tests' from command line to 'False'
[0.639s] DEBUG:colcon.colcon_core.verb:Building package 'person_msgs' with the following arguments: {'ament_cmake_args': None, 'build_base': '/root/kadai2/ros2_ws/build/person_msgs', 'catkin_cmake_args': None, 'catkin_skip_building_tests': False, 'cmake_args': None, 'cmake_clean_cache': False, 'cmake_clean_first': False, 'cmake_force_configure': False, 'cmake_target': None, 'cmake_target_skip_unavailable': False, 'install_base': '/root/kadai2/ros2_ws/install/person_msgs', 'merge_install': False, 'path': '/root/kadai2/ros2_ws/src/person_msgs', 'symlink_install': False, 'test_result_base': None}
[0.640s] INFO:colcon.colcon_core.executor:Executing jobs using 'parallel' executor
[0.651s] DEBUG:colcon.colcon_parallel_executor.executor.parallel:run_until_complete
[0.651s] INFO:colcon.colcon_ros.task.ament_python.build:Building ROS package in '/root/kadai2/ros2_ws/src/mypkg' with build type 'ament_python'
[0.652s] Level 1:colcon.colcon_core.shell:create_environment_hook('mypkg', 'ament_prefix_path')
[0.657s] INFO:colcon.colcon_core.plugin_system:Skipping extension 'colcon_core.shell.bat': Not used on non-Windows systems
[0.658s] INFO:colcon.colcon_core.shell:Creating environment hook '/root/kadai2/ros2_ws/install/mypkg/share/mypkg/hook/ament_prefix_path.ps1'
[0.658s] INFO:colcon.colcon_core.shell:Creating environment descriptor '/root/kadai2/ros2_ws/install/mypkg/share/mypkg/hook/ament_prefix_path.dsv'
[0.659s] INFO:colcon.colcon_core.shell:Creating environment hook '/root/kadai2/ros2_ws/install/mypkg/share/mypkg/hook/ament_prefix_path.sh'
[0.660s] INFO:colcon.colcon_core.shell:Skip shell extension 'powershell' for command environment: Not usable outside of PowerShell
[0.660s] DEBUG:colcon.colcon_core.shell:Skip shell extension 'dsv' for command environment
[0.667s] INFO:colcon.colcon_ros.task.ament_cmake.build:Building ROS package in '/root/kadai2/ros2_ws/src/person_msgs' with build type 'ament_cmake'
[0.667s] INFO:colcon.colcon_cmake.task.cmake.build:Building CMake package in '/root/kadai2/ros2_ws/src/person_msgs'
[0.668s] INFO:colcon.colcon_core.shell:Skip shell extension 'powershell' for command environment: Not usable outside of PowerShell
[0.668s] DEBUG:colcon.colcon_core.shell:Skip shell extension 'dsv' for command environment
[0.977s] INFO:colcon.colcon_core.task.python.build:Building Python package in '/root/kadai2/ros2_ws/src/mypkg'
[0.980s] INFO:colcon.colcon_core.shell:Skip shell extension 'powershell' for command environment: Not usable outside of PowerShell
[0.980s] DEBUG:colcon.colcon_core.shell:Skip shell extension 'dsv' for command environment
[1.002s] DEBUG:colcon.colcon_core.event_handler.log_command:Invoking command in '/root/kadai2/ros2_ws/build/person_msgs': CMAKE_PREFIX_PATH=/root/kadai2/ros2_ws/install/mypkg:/root/ros2_ws/install/mypkg:/opt/ros/humble /usr/bin/cmake /root/kadai2/ros2_ws/src/person_msgs -DCMAKE_INSTALL_PREFIX=/root/kadai2/ros2_ws/install/person_msgs
[1.432s] DEBUG:colcon.colcon_core.event_handler.log_command:Invoking command in '/root/kadai2/ros2_ws/src/mypkg': PYTHONPATH=/root/kadai2/ros2_ws/install/mypkg/lib/python3.10/site-packages:${PYTHONPATH} /usr/bin/python3 setup.py egg_info --egg-base ../../build/mypkg build --build-base /root/kadai2/ros2_ws/build/mypkg/build install --prefix /root/kadai2/ros2_ws/install/mypkg --record /root/kadai2/ros2_ws/build/mypkg/install.log --single-version-externally-managed
[1.791s] DEBUG:colcon.colcon_core.event_handler.log_command:Invoked command in '/root/kadai2/ros2_ws/src/mypkg' returned '0': PYTHONPATH=/root/kadai2/ros2_ws/install/mypkg/lib/python3.10/site-packages:${PYTHONPATH} /usr/bin/python3 setup.py egg_info --egg-base ../../build/mypkg build --build-base /root/kadai2/ros2_ws/build/mypkg/build install --prefix /root/kadai2/ros2_ws/install/mypkg --record /root/kadai2/ros2_ws/build/mypkg/install.log --single-version-externally-managed
[1.796s] Level 1:colcon.colcon_core.environment:checking '/root/kadai2/ros2_ws/install/mypkg' for CMake module files
[1.796s] Level 1:colcon.colcon_core.environment:checking '/root/kadai2/ros2_ws/install/mypkg' for CMake config files
[1.797s] Level 1:colcon.colcon_core.environment:checking '/root/kadai2/ros2_ws/install/mypkg/lib'
[1.798s] Level 1:colcon.colcon_core.environment:checking '/root/kadai2/ros2_ws/install/mypkg/bin'
[1.798s] Level 1:colcon.colcon_core.environment:checking '/root/kadai2/ros2_ws/install/mypkg/lib/pkgconfig/mypkg.pc'
[1.798s] Level 1:colcon.colcon_core.environment:checking '/root/kadai2/ros2_ws/install/mypkg/lib/python3.10/site-packages'
[1.798s] Level 1:colcon.colcon_core.shell:create_environment_hook('mypkg', 'pythonpath')
[1.800s] INFO:colcon.colcon_core.shell:Creating environment hook '/root/kadai2/ros2_ws/install/mypkg/share/mypkg/hook/pythonpath.ps1'
[1.800s] INFO:colcon.colcon_core.shell:Creating environment descriptor '/root/kadai2/ros2_ws/install/mypkg/share/mypkg/hook/pythonpath.dsv'
[1.801s] INFO:colcon.colcon_core.shell:Creating environment hook '/root/kadai2/ros2_ws/install/mypkg/share/mypkg/hook/pythonpath.sh'
[1.801s] Level 1:colcon.colcon_core.environment:checking '/root/kadai2/ros2_ws/install/mypkg/bin'
[1.802s] Level 1:colcon.colcon_core.environment:create_environment_scripts_only(mypkg)
[1.804s] INFO:colcon.colcon_core.shell:Creating package script '/root/kadai2/ros2_ws/install/mypkg/share/mypkg/package.ps1'
[1.805s] INFO:colcon.colcon_core.shell:Creating package descriptor '/root/kadai2/ros2_ws/install/mypkg/share/mypkg/package.dsv'
[1.806s] INFO:colcon.colcon_core.shell:Creating package script '/root/kadai2/ros2_ws/install/mypkg/share/mypkg/package.sh'
[1.807s] INFO:colcon.colcon_core.shell:Creating package script '/root/kadai2/ros2_ws/install/mypkg/share/mypkg/package.bash'
[1.808s] INFO:colcon.colcon_core.shell:Creating package script '/root/kadai2/ros2_ws/install/mypkg/share/mypkg/package.zsh'
[1.809s] Level 1:colcon.colcon_core.environment:create_file_with_runtime_dependencies(/root/kadai2/ros2_ws/install/mypkg/share/colcon-core/packages/mypkg)
[3.514s] DEBUG:colcon.colcon_core.event_handler.log_command:Invoked command in '/root/kadai2/ros2_ws/build/person_msgs' returned '0': CMAKE_PREFIX_PATH=/root/kadai2/ros2_ws/install/mypkg:/root/ros2_ws/install/mypkg:/opt/ros/humble /usr/bin/cmake /root/kadai2/ros2_ws/src/person_msgs -DCMAKE_INSTALL_PREFIX=/root/kadai2/ros2_ws/install/person_msgs
[3.515s] DEBUG:colcon.colcon_core.event_handler.log_command:Invoking command in '/root/kadai2/ros2_ws/build/person_msgs': CMAKE_PREFIX_PATH=/root/kadai2/ros2_ws/install/mypkg:/root/ros2_ws/install/mypkg:/opt/ros/humble /usr/bin/cmake --build /root/kadai2/ros2_ws/build/person_msgs -- -j8 -l8
[6.087s] DEBUG:colcon.colcon_core.event_handler.log_command:Invoked command in '/root/kadai2/ros2_ws/build/person_msgs' returned '0': CMAKE_PREFIX_PATH=/root/kadai2/ros2_ws/install/mypkg:/root/ros2_ws/install/mypkg:/opt/ros/humble /usr/bin/cmake --build /root/kadai2/ros2_ws/build/person_msgs -- -j8 -l8
[6.147s] DEBUG:colcon.colcon_core.event_handler.log_command:Invoking command in '/root/kadai2/ros2_ws/build/person_msgs': CMAKE_PREFIX_PATH=/root/kadai2/ros2_ws/install/mypkg:/root/ros2_ws/install/mypkg:/opt/ros/humble /usr/bin/cmake --install /root/kadai2/ros2_ws/build/person_msgs
[6.214s] Level 1:colcon.colcon_core.environment:create_environment_scripts_only(person_msgs)
[6.217s] Level 1:colcon.colcon_core.environment:checking '/root/kadai2/ros2_ws/install/person_msgs' for CMake module files
[6.218s] DEBUG:colcon.colcon_core.event_handler.log_command:Invoked command in '/root/kadai2/ros2_ws/build/person_msgs' returned '0': CMAKE_PREFIX_PATH=/root/kadai2/ros2_ws/install/mypkg:/root/ros2_ws/install/mypkg:/opt/ros/humble /usr/bin/cmake --install /root/kadai2/ros2_ws/build/person_msgs
[6.218s] Level 1:colcon.colcon_core.environment:checking '/root/kadai2/ros2_ws/install/person_msgs' for CMake config files
[6.218s] Level 1:colcon.colcon_core.shell:create_environment_hook('person_msgs', 'cmake_prefix_path')
[6.219s] INFO:colcon.colcon_core.shell:Creating environment hook '/root/kadai2/ros2_ws/install/person_msgs/share/person_msgs/hook/cmake_prefix_path.ps1'
[6.220s] INFO:colcon.colcon_core.shell:Creating environment descriptor '/root/kadai2/ros2_ws/install/person_msgs/share/person_msgs/hook/cmake_prefix_path.dsv'
[6.220s] INFO:colcon.colcon_core.shell:Creating environment hook '/root/kadai2/ros2_ws/install/person_msgs/share/person_msgs/hook/cmake_prefix_path.sh'
[6.220s] Level 1:colcon.colcon_core.environment:checking '/root/kadai2/ros2_ws/install/person_msgs/lib'
[6.221s] Level 1:colcon.colcon_core.shell:create_environment_hook('person_msgs', 'ld_library_path_lib')
[6.222s] INFO:colcon.colcon_core.shell:Creating environment hook '/root/kadai2/ros2_ws/install/person_msgs/share/person_msgs/hook/ld_library_path_lib.ps1'
[6.222s] INFO:colcon.colcon_core.shell:Creating environment descriptor '/root/kadai2/ros2_ws/install/person_msgs/share/person_msgs/hook/ld_library_path_lib.dsv'
[6.222s] INFO:colcon.colcon_core.shell:Creating environment hook '/root/kadai2/ros2_ws/install/person_msgs/share/person_msgs/hook/ld_library_path_lib.sh'
[6.222s] Level 1:colcon.colcon_core.environment:checking '/root/kadai2/ros2_ws/install/person_msgs/bin'
[6.222s] Level 1:colcon.colcon_core.environment:checking '/root/kadai2/ros2_ws/install/person_msgs/lib/pkgconfig/person_msgs.pc'
[6.223s] Level 1:colcon.colcon_core.environment:checking '/root/kadai2/ros2_ws/install/person_msgs/lib/python3.10/site-packages'
[6.223s] Level 1:colcon.colcon_core.environment:checking '/root/kadai2/ros2_ws/install/person_msgs/bin'
[6.224s] INFO:colcon.colcon_core.shell:Creating package script '/root/kadai2/ros2_ws/install/person_msgs/share/person_msgs/package.ps1'
[6.224s] INFO:colcon.colcon_core.shell:Creating package descriptor '/root/kadai2/ros2_ws/install/person_msgs/share/person_msgs/package.dsv'
[6.225s] INFO:colcon.colcon_core.shell:Creating package script '/root/kadai2/ros2_ws/install/person_msgs/share/person_msgs/package.sh'
[6.225s] INFO:colcon.colcon_core.shell:Creating package script '/root/kadai2/ros2_ws/install/person_msgs/share/person_msgs/package.bash'
[6.225s] INFO:colcon.colcon_core.shell:Creating package script '/root/kadai2/ros2_ws/install/person_msgs/share/person_msgs/package.zsh'
[6.225s] Level 1:colcon.colcon_core.environment:create_file_with_runtime_dependencies(/root/kadai2/ros2_ws/install/person_msgs/share/colcon-core/packages/person_msgs)
[6.281s] Level 1:colcon.colcon_core.environment:create_environment_scripts_only(person_msgs)
[6.283s] Level 1:colcon.colcon_core.environment:checking '/root/kadai2/ros2_ws/install/person_msgs' for CMake module files
[6.283s] Level 1:colcon.colcon_core.environment:checking '/root/kadai2/ros2_ws/install/person_msgs' for CMake config files
[6.283s] Level 1:colcon.colcon_core.shell:create_environment_hook('person_msgs', 'cmake_prefix_path')
[6.285s] INFO:colcon.colcon_core.shell:Creating environment hook '/root/kadai2/ros2_ws/install/person_msgs/share/person_msgs/hook/cmake_prefix_path.ps1'
[6.285s] INFO:colcon.colcon_core.shell:Creating environment descriptor '/root/kadai2/ros2_ws/install/person_msgs/share/person_msgs/hook/cmake_prefix_path.dsv'
[6.286s] INFO:colcon.colcon_core.shell:Creating environment hook '/root/kadai2/ros2_ws/install/person_msgs/share/person_msgs/hook/cmake_prefix_path.sh'
[6.286s] Level 1:colcon.colcon_core.environment:checking '/root/kadai2/ros2_ws/install/person_msgs/lib'
[6.286s] Level 1:colcon.colcon_core.shell:create_environment_hook('person_msgs', 'ld_library_path_lib')
[6.288s] INFO:colcon.colcon_core.shell:Creating environment hook '/root/kadai2/ros2_ws/install/person_msgs/share/person_msgs/hook/ld_library_path_lib.ps1'
[6.288s] INFO:colcon.colcon_core.shell:Creating environment descriptor '/root/kadai2/ros2_ws/install/person_msgs/share/person_msgs/hook/ld_library_path_lib.dsv'
[6.289s] INFO:colcon.colcon_core.shell:Creating environment hook '/root/kadai2/ros2_ws/install/person_msgs/share/person_msgs/hook/ld_library_path_lib.sh'
[6.289s] Level 1:colcon.colcon_core.environment:checking '/root/kadai2/ros2_ws/install/person_msgs/bin'
[6.289s] Level 1:colcon.colcon_core.environment:checking '/root/kadai2/ros2_ws/install/person_msgs/lib/pkgconfig/person_msgs.pc'
[6.289s] Level 1:colcon.colcon_core.environment:checking '/root/kadai2/ros2_ws/install/person_msgs/lib/python3.10/site-packages'
[6.290s] Level 1:colcon.colcon_core.environment:checking '/root/kadai2/ros2_ws/install/person_msgs/bin'
[6.291s] INFO:colcon.colcon_core.shell:Creating package script '/root/kadai2/ros2_ws/install/person_msgs/share/person_msgs/package.ps1'
[6.292s] INFO:colcon.colcon_core.shell:Creating package descriptor '/root/kadai2/ros2_ws/install/person_msgs/share/person_msgs/package.dsv'
[6.292s] INFO:colcon.colcon_core.shell:Creating package script '/root/kadai2/ros2_ws/install/person_msgs/share/person_msgs/package.sh'
[6.292s] INFO:colcon.colcon_core.shell:Creating package script '/root/kadai2/ros2_ws/install/person_msgs/share/person_msgs/package.bash'
[6.293s] INFO:colcon.colcon_core.shell:Creating package script '/root/kadai2/ros2_ws/install/person_msgs/share/person_msgs/package.zsh'
[6.293s] Level 1:colcon.colcon_core.environment:create_file_with_runtime_dependencies(/root/kadai2/ros2_ws/install/person_msgs/share/colcon-core/packages/person_msgs)
[6.293s] DEBUG:colcon.colcon_parallel_executor.executor.parallel:closing loop
[6.295s] DEBUG:colcon.colcon_parallel_executor.executor.parallel:loop closed
[6.295s] DEBUG:colcon.colcon_parallel_executor.executor.parallel:run_until_complete finished with '0'
[6.295s] DEBUG:colcon.colcon_core.event_reactor:joining thread
[6.347s] INFO:colcon.colcon_core.plugin_system:Skipping extension 'colcon_notification.desktop_notification.notify_send': Could not find 'notify-send'
[6.348s] INFO:colcon.colcon_core.plugin_system:Skipping extension 'colcon_notification.desktop_notification.terminal_notifier': Not used on non-Darwin systems
[6.348s] INFO:colcon.colcon_core.plugin_system:Skipping extension 'colcon_notification.desktop_notification.win32': Not used on non-Windows systems
[6.348s] INFO:colcon.colcon_notification.desktop_notification:Sending desktop notification using 'notify2'
[6.348s] DEBUG:colcon.colcon_notification.desktop_notification.notify2:Failed to initialize notify2: org.freedesktop.DBus.Error.NotSupported: Unable to autolaunch a dbus-daemon without a $DISPLAY for X11
[6.348s] DEBUG:colcon.colcon_core.event_reactor:joined thread
[6.350s] INFO:colcon.colcon_core.shell:Creating prefix script '/root/kadai2/ros2_ws/install/local_setup.ps1'
[6.351s] INFO:colcon.colcon_core.shell:Creating prefix util module '/root/kadai2/ros2_ws/install/_local_setup_util_ps1.py'
[6.353s] INFO:colcon.colcon_core.shell:Creating prefix chain script '/root/kadai2/ros2_ws/install/setup.ps1'
[6.354s] INFO:colcon.colcon_core.shell:Creating prefix script '/root/kadai2/ros2_ws/install/local_setup.sh'
[6.355s] INFO:colcon.colcon_core.shell:Creating prefix util module '/root/kadai2/ros2_ws/install/_local_setup_util_sh.py'
[6.355s] INFO:colcon.colcon_core.shell:Creating prefix chain script '/root/kadai2/ros2_ws/install/setup.sh'
[6.356s] INFO:colcon.colcon_core.shell:Creating prefix script '/root/kadai2/ros2_ws/install/local_setup.bash'
[6.357s] INFO:colcon.colcon_core.shell:Creating prefix chain script '/root/kadai2/ros2_ws/install/setup.bash'
[6.358s] INFO:colcon.colcon_core.shell:Creating prefix script '/root/kadai2/ros2_ws/install/local_setup.zsh'
[6.359s] INFO:colcon.colcon_core.shell:Creating prefix chain script '/root/kadai2/ros2_ws/install/setup.zsh'
