[0.799s] Invoking command in '/root/kadai2/ros2_ws/src/mypkg': PYTHONPATH=/root/kadai2/ros2_ws/install/mypkg/lib/python3.10/site-packages:${PYTHONPATH} /usr/bin/python3 setup.py egg_info --egg-base ../../build/mypkg build --build-base /root/kadai2/ros2_ws/build/mypkg/build install --prefix /root/kadai2/ros2_ws/install/mypkg --record /root/kadai2/ros2_ws/build/mypkg/install.log --single-version-externally-managed
[1.100s] running egg_info
[1.101s] writing ../../build/mypkg/mypkg.egg-info/PKG-INFO
[1.101s] writing dependency_links to ../../build/mypkg/mypkg.egg-info/dependency_links.txt
[1.101s] writing entry points to ../../build/mypkg/mypkg.egg-info/entry_points.txt
[1.101s] writing requirements to ../../build/mypkg/mypkg.egg-info/requires.txt
[1.101s] writing top-level names to ../../build/mypkg/mypkg.egg-info/top_level.txt
[1.104s] reading manifest file '../../build/mypkg/mypkg.egg-info/SOURCES.txt'
[1.105s] writing manifest file '../../build/mypkg/mypkg.egg-info/SOURCES.txt'
[1.105s] running build
[1.106s] running build_py
[1.106s] copying mypkg/talker.py -> /root/kadai2/ros2_ws/build/mypkg/build/lib/mypkg
[1.106s] running install
[1.107s] /usr/lib/python3/dist-packages/setuptools/command/install.py:34: SetuptoolsDeprecationWarning: setup.py install is deprecated. Use build and pip and other standards-based tools.
[1.107s]   warnings.warn(
[1.107s] running install_lib
[1.107s] copying /root/kadai2/ros2_ws/build/mypkg/build/lib/mypkg/talker.py -> /root/kadai2/ros2_ws/install/mypkg/lib/python3.10/site-packages/mypkg
[1.108s] byte-compiling /root/kadai2/ros2_ws/install/mypkg/lib/python3.10/site-packages/mypkg/talker.py to talker.cpython-310.pyc
[1.108s] running install_data
[1.109s] running install_egg_info
[1.111s] removing '/root/kadai2/ros2_ws/install/mypkg/lib/python3.10/site-packages/mypkg-0.0.0-py3.10.egg-info' (and everything under it)
[1.111s] Copying ../../build/mypkg/mypkg.egg-info to /root/kadai2/ros2_ws/install/mypkg/lib/python3.10/site-packages/mypkg-0.0.0-py3.10.egg-info
[1.113s] running install_scripts
[1.143s] Installing listener script to /root/kadai2/ros2_ws/install/mypkg/lib/mypkg
[1.144s] Installing talker script to /root/kadai2/ros2_ws/install/mypkg/lib/mypkg
[1.144s] writing list of installed files to '/root/kadai2/ros2_ws/build/mypkg/install.log'
[1.175s] Invoked command in '/root/kadai2/ros2_ws/src/mypkg' returned '0': PYTHONPATH=/root/kadai2/ros2_ws/install/mypkg/lib/python3.10/site-packages:${PYTHONPATH} /usr/bin/python3 setup.py egg_info --egg-base ../../build/mypkg build --build-base /root/kadai2/ros2_ws/build/mypkg/build install --prefix /root/kadai2/ros2_ws/install/mypkg --record /root/kadai2/ros2_ws/build/mypkg/install.log --single-version-externally-managed
