[0.426s] DEBUG:colcon:Command line arguments: ['/usr/bin/colcon', 'build']
[0.426s] DEBUG:colcon:Parsed command line arguments: Namespace(log_base=None, log_level=None, verb_name='build', build_base='build', install_base='install', merge_install=False, symlink_install=False, test_result_base=None, continue_on_error=False, executor='parallel', parallel_workers=8, event_handlers=None, ignore_user_meta=False, metas=['./colcon.meta'], base_paths=['.'], packages_ignore=None, packages_ignore_regex=None, paths=None, packages_up_to=None, packages_up_to_regex=None, packages_above=None, packages_above_and_dependencies=None, packages_above_depth=None, packages_select_by_dep=None, packages_skip_by_dep=None, packages_skip_up_to=None, packages_select_build_failed=False, packages_skip_build_finished=False, packages_select_test_failures=False, packages_skip_test_passed=False, packages_select=None, packages_skip=None, packages_select_regex=None, packages_skip_regex=None, packages_start=None, packages_end=None, allow_overriding=[], cmake_args=None, cmake_target=None, cmake_target_skip_unavailable=False, cmake_clean_cache=False, cmake_clean_first=False, cmake_force_configure=False, ament_cmake_args=None, catkin_cmake_args=None, catkin_skip_building_tests=False, verb_parser=<colcon_defaults.argument_parser.defaults.DefaultArgumentsDecorator object at 0x7f3f47b65a20>, verb_extension=<colcon_core.verb.build.BuildVerb object at 0x7f3f484a1ab0>, main=<bound method BuildVerb.main of <colcon_core.verb.build.BuildVerb object at 0x7f3f484a1ab0>>)
[0.455s] Level 1:colcon.colcon_core.package_discovery:discover_packages(colcon_meta) check parameters
[0.455s] Level 1:colcon.colcon_core.package_discovery:discover_packages(recursive) check parameters
[0.455s] Level 1:colcon.colcon_core.package_discovery:discover_packages(ignore) check parameters
[0.455s] Level 1:colcon.colcon_core.package_discovery:discover_packages(path) check parameters
[0.455s] Level 1:colcon.colcon_core.package_discovery:discover_packages(colcon_meta) discover
[0.456s] Level 1:colcon.colcon_core.package_discovery:discover_packages(recursive) discover
[0.456s] INFO:colcon.colcon_core.package_discovery:Crawling recursively for packages in '/root/kadai2/ros2_ws'
[0.456s] Level 1:colcon.colcon_core.package_identification:_identify(.) by extensions ['ignore', 'ignore_ament_install']
[0.456s] Level 1:colcon.colcon_core.package_identification:_identify(.) by extension 'ignore'
[0.456s] Level 1:colcon.colcon_core.package_identification:_identify(.) by extension 'ignore_ament_install'
[0.456s] Level 1:colcon.colcon_core.package_identification:_identify(.) by extensions ['colcon_pkg']
[0.456s] Level 1:colcon.colcon_core.package_identification:_identify(.) by extension 'colcon_pkg'
[0.456s] Level 1:colcon.colcon_core.package_identification:_identify(.) by extensions ['colcon_meta']
[0.456s] Level 1:colcon.colcon_core.package_identification:_identify(.) by extension 'colcon_meta'
[0.456s] Level 1:colcon.colcon_core.package_identification:_identify(.) by extensions ['ros']
[0.456s] Level 1:colcon.colcon_core.package_identification:_identify(.) by extension 'ros'
[0.482s] Level 1:colcon.colcon_core.package_identification:_identify(.) by extensions ['cmake', 'python']
[0.482s] Level 1:colcon.colcon_core.package_identification:_identify(.) by extension 'cmake'
[0.482s] Level 1:colcon.colcon_core.package_identification:_identify(.) by extension 'python'
[0.482s] Level 1:colcon.colcon_core.package_identification:_identify(.) by extensions ['python_setup_py']
[0.482s] Level 1:colcon.colcon_core.package_identification:_identify(.) by extension 'python_setup_py'
[0.482s] Level 1:colcon.colcon_core.package_identification:_identify(build) by extensions ['ignore', 'ignore_ament_install']
[0.483s] Level 1:colcon.colcon_core.package_identification:_identify(build) by extension 'ignore'
[0.483s] Level 1:colcon.colcon_core.package_identification:_identify(build) ignored
[0.483s] Level 1:colcon.colcon_core.package_identification:_identify(install) by extensions ['ignore', 'ignore_ament_install']
[0.483s] Level 1:colcon.colcon_core.package_identification:_identify(install) by extension 'ignore'
[0.483s] Level 1:colcon.colcon_core.package_identification:_identify(install) ignored
[0.483s] Level 1:colcon.colcon_core.package_identification:_identify(log) by extensions ['ignore', 'ignore_ament_install']
[0.483s] Level 1:colcon.colcon_core.package_identification:_identify(log) by extension 'ignore'
[0.483s] Level 1:colcon.colcon_core.package_identification:_identify(log) ignored
[0.483s] Level 1:colcon.colcon_core.package_identification:_identify(src) by extensions ['ignore', 'ignore_ament_install']
[0.483s] Level 1:colcon.colcon_core.package_identification:_identify(src) by extension 'ignore'
[0.483s] Level 1:colcon.colcon_core.package_identification:_identify(src) by extension 'ignore_ament_install'
[0.483s] Level 1:colcon.colcon_core.package_identification:_identify(src) by extensions ['colcon_pkg']
[0.483s] Level 1:colcon.colcon_core.package_identification:_identify(src) by extension 'colcon_pkg'
[0.483s] Level 1:colcon.colcon_core.package_identification:_identify(src) by extensions ['colcon_meta']
[0.483s] Level 1:colcon.colcon_core.package_identification:_identify(src) by extension 'colcon_meta'
[0.483s] Level 1:colcon.colcon_core.package_identification:_identify(src) by extensions ['ros']
[0.483s] Level 1:colcon.colcon_core.package_identification:_identify(src) by extension 'ros'
[0.484s] Level 1:colcon.colcon_core.package_identification:_identify(src) by extensions ['cmake', 'python']
[0.484s] Level 1:colcon.colcon_core.package_identification:_identify(src) by extension 'cmake'
[0.484s] Level 1:colcon.colcon_core.package_identification:_identify(src) by extension 'python'
[0.484s] Level 1:colcon.colcon_core.package_identification:_identify(src) by extensions ['python_setup_py']
[0.484s] Level 1:colcon.colcon_core.package_identification:_identify(src) by extension 'python_setup_py'
[0.484s] Level 1:colcon.colcon_core.package_identification:_identify(src/mypkg) by extensions ['ignore', 'ignore_ament_install']
[0.484s] Level 1:colcon.colcon_core.package_identification:_identify(src/mypkg) by extension 'ignore'
[0.484s] Level 1:colcon.colcon_core.package_identification:_identify(src/mypkg) by extension 'ignore_ament_install'
[0.484s] Level 1:colcon.colcon_core.package_identification:_identify(src/mypkg) by extensions ['colcon_pkg']
[0.484s] Level 1:colcon.colcon_core.package_identification:_identify(src/mypkg) by extension 'colcon_pkg'
[0.484s] Level 1:colcon.colcon_core.package_identification:_identify(src/mypkg) by extensions ['colcon_meta']
[0.484s] Level 1:colcon.colcon_core.package_identification:_identify(src/mypkg) by extension 'colcon_meta'
[0.484s] Level 1:colcon.colcon_core.package_identification:_identify(src/mypkg) by extensions ['ros']
[0.484s] Level 1:colcon.colcon_core.package_identification:_identify(src/mypkg) by extension 'ros'
[0.486s] DEBUG:colcon.colcon_core.package_identification:Package 'src/mypkg' with type 'ros.ament_python' and name 'mypkg'
[0.487s] Level 1:colcon.colcon_core.package_identification:_identify(src/person_msgs) by extensions ['ignore', 'ignore_ament_install']
[0.487s] Level 1:colcon.colcon_core.package_identification:_identify(src/person_msgs) by extension 'ignore'
[0.487s] Level 1:colcon.colcon_core.package_identification:_identify(src/person_msgs) by extension 'ignore_ament_install'
[0.487s] Level 1:colcon.colcon_core.package_identification:_identify(src/person_msgs) by extensions ['colcon_pkg']
[0.487s] Level 1:colcon.colcon_core.package_identification:_identify(src/person_msgs) by extension 'colcon_pkg'
[0.487s] Level 1:colcon.colcon_core.package_identification:_identify(src/person_msgs) by extensions ['colcon_meta']
[0.487s] Level 1:colcon.colcon_core.package_identification:_identify(src/person_msgs) by extension 'colcon_meta'
[0.487s] Level 1:colcon.colcon_core.package_identification:_identify(src/person_msgs) by extensions ['ros']
[0.487s] Level 1:colcon.colcon_core.package_identification:_identify(src/person_msgs) by extension 'ros'
[0.488s] DEBUG:colcon.colcon_core.package_identification:Package 'src/person_msgs' with type 'ros.ament_cmake' and name 'person_msgs'
[0.488s] Level 1:colcon.colcon_core.package_discovery:discover_packages(recursive) using defaults
[0.488s] Level 1:colcon.colcon_core.package_discovery:discover_packages(ignore) discover
[0.488s] Level 1:colcon.colcon_core.package_discovery:discover_packages(ignore) using defaults
[0.488s] Level 1:colcon.colcon_core.package_discovery:discover_packages(path) discover
[0.488s] Level 1:colcon.colcon_core.package_discovery:discover_packages(path) using defaults
[0.515s] Level 1:colcon.colcon_core.package_discovery:discover_packages(prefix_path) check parameters
[0.515s] Level 1:colcon.colcon_core.package_discovery:discover_packages(prefix_path) discover
[0.516s] WARNING:colcon.colcon_core.prefix_path.colcon:The path '/root/ros2_ws/install' in the environment variable COLCON_PREFIX_PATH doesn't exist
[0.516s] WARNING:colcon.colcon_ros.prefix_path.ament:The path '/root/ros2_ws/install/mypkg' in the environment variable AMENT_PREFIX_PATH doesn't exist
[0.518s] DEBUG:colcon.colcon_installed_package_information.package_discovery:Found 2 installed packages in /root/kadai2/ros2_ws/install
[0.520s] DEBUG:colcon.colcon_installed_package_information.package_discovery:Found 270 installed packages in /opt/ros/humble
[0.522s] Level 1:colcon.colcon_core.package_discovery:discover_packages(prefix_path) using defaults
[0.600s] Level 5:colcon.colcon_core.verb:set package 'mypkg' build argument 'cmake_args' from command line to 'None'
[0.600s] Level 5:colcon.colcon_core.verb:set package 'mypkg' build argument 'cmake_target' from command line to 'None'
[0.600s] Level 5:colcon.colcon_core.verb:set package 'mypkg' build argument 'cmake_target_skip_unavailable' from command line to 'False'
[0.600s] Level 5:colcon.colcon_core.verb:set package 'mypkg' build argument 'cmake_clean_cache' from command line to 'False'
[0.600s] Level 5:colcon.colcon_core.verb:set package 'mypkg' build argument 'cmake_clean_first' from command line to 'False'
[0.600s] Level 5:colcon.colcon_core.verb:set package 'mypkg' build argument 'cmake_force_configure' from command line to 'False'
[0.600s] Level 5:colcon.colcon_core.verb:set package 'mypkg' build argument 'ament_cmake_args' from command line to 'None'
[0.600s] Level 5:colcon.colcon_core.verb:set package 'mypkg' build argument 'catkin_cmake_args' from command line to 'None'
[0.601s] Level 5:colcon.colcon_core.verb:set package 'mypkg' build argument 'catkin_skip_building_tests' from command line to 'False'
[0.601s] DEBUG:colcon.colcon_core.verb:Building package 'mypkg' with the following arguments: {'ament_cmake_args': None, 'build_base': '/root/kadai2/ros2_ws/build/mypkg', 'catkin_cmake_args': None, 'catkin_skip_building_tests': False, 'cmake_args': None, 'cmake_clean_cache': False, 'cmake_clean_first': False, 'cmake_force_configure': False, 'cmake_target': None, 'cmake_target_skip_unavailable': False, 'install_base': '/root/kadai2/ros2_ws/install/mypkg', 'merge_install': False, 'path': '/root/kadai2/ros2_ws/src/mypkg', 'symlink_install': False, 'test_result_base': None}
[0.602s] Level 5:colcon.colcon_core.verb:set package 'person_msgs' build argument 'cmake_args' from command line to 'None'
[0.602s] Level 5:colcon.colcon_core.verb:set package 'person_msgs' build argument 'cmake_target' from command line to 'None'
[0.602s] Level 5:colcon.colcon_core.verb:set package 'person_msgs' build argument 'cmake_target_skip_unavailable' from command line to 'False'
[0.602s] Level 5:colcon.colcon_core.verb:set package 'person_msgs' build argument 'cmake_clean_cache' from command line to 'False'
[0.602s] Level 5:colcon.colcon_core.verb:set package 'person_msgs' build argument 'cmake_clean_first' from command line to 'False'
[0.602s] Level 5:colcon.colcon_core.verb:set package 'person_msgs' build argument 'cmake_force_configure' from command line to 'False'
[0.602s] Level 5:colcon.colcon_core.verb:set package 'person_msgs' build argument 'ament_cmake_args' from command line to 'None'
[0.602s] Level 5:colcon.colcon_core.verb:set package 'person_msgs' build argument 'catkin_cmake_args' from command line to 'None'
[0.602s] Level 5:colcon.colcon_core.verb:set package 'person_msgs' build argument 'catkin_skip_building_tests' from command line to 'False'
[0.602s] DEBUG:colcon.colcon_core.verb:Building package 'person_msgs' with the following arguments: {'ament_cmake_args': None, 'build_base': '/root/kadai2/ros2_ws/build/person_msgs', 'catkin_cmake_args': None, 'catkin_skip_building_tests': False, 'cmake_args': None, 'cmake_clean_cache': False, 'cmake_clean_first': False, 'cmake_force_configure': False, 'cmake_target': None, 'cmake_target_skip_unavailable': False, 'install_base': '/root/kadai2/ros2_ws/install/person_msgs', 'merge_install': False, 'path': '/root/kadai2/ros2_ws/src/person_msgs', 'symlink_install': False, 'test_result_base': None}
[0.603s] INFO:colcon.colcon_core.executor:Executing jobs using 'parallel' executor
[0.608s] DEBUG:colcon.colcon_parallel_executor.executor.parallel:run_until_complete
[0.608s] INFO:colcon.colcon_ros.task.ament_python.build:Building ROS package in '/root/kadai2/ros2_ws/src/mypkg' with build type 'ament_python'
[0.608s] Level 1:colcon.colcon_core.shell:create_environment_hook('mypkg', 'ament_prefix_path')
[0.613s] INFO:colcon.colcon_core.plugin_system:Skipping extension 'colcon_core.shell.bat': Not used on non-Windows systems
[0.613s] INFO:colcon.colcon_core.shell:Creating environment hook '/root/kadai2/ros2_ws/install/mypkg/share/mypkg/hook/ament_prefix_path.ps1'
[0.614s] INFO:colcon.colcon_core.shell:Creating environment descriptor '/root/kadai2/ros2_ws/install/mypkg/share/mypkg/hook/ament_prefix_path.dsv'
[0.614s] INFO:colcon.colcon_core.shell:Creating environment hook '/root/kadai2/ros2_ws/install/mypkg/share/mypkg/hook/ament_prefix_path.sh'
[0.616s] INFO:colcon.colcon_core.shell:Skip shell extension 'powershell' for command environment: Not usable outside of PowerShell
[0.616s] DEBUG:colcon.colcon_core.shell:Skip shell extension 'dsv' for command environment
[0.620s] INFO:colcon.colcon_ros.task.ament_cmake.build:Building ROS package in '/root/kadai2/ros2_ws/src/person_msgs' with build type 'ament_cmake'
[0.620s] INFO:colcon.colcon_cmake.task.cmake.build:Building CMake package in '/root/kadai2/ros2_ws/src/person_msgs'
[0.622s] INFO:colcon.colcon_core.shell:Skip shell extension 'powershell' for command environment: Not usable outside of PowerShell
[0.622s] DEBUG:colcon.colcon_core.shell:Skip shell extension 'dsv' for command environment
[0.916s] INFO:colcon.colcon_core.task.python.build:Building Python package in '/root/kadai2/ros2_ws/src/mypkg'
[0.917s] INFO:colcon.colcon_core.shell:Skip shell extension 'powershell' for command environment: Not usable outside of PowerShell
[0.917s] DEBUG:colcon.colcon_core.shell:Skip shell extension 'dsv' for command environment
[0.929s] DEBUG:colcon.colcon_core.event_handler.log_command:Invoking command in '/root/kadai2/ros2_ws/build/person_msgs': CMAKE_PREFIX_PATH=${CMAKE_PREFIX_PATH}:/root/kadai2/ros2_ws/install/mypkg:/root/ros2_ws/install/mypkg:/opt/ros/humble /usr/bin/cmake --build /root/kadai2/ros2_ws/build/person_msgs -- -j8 -l8
[1.366s] DEBUG:colcon.colcon_core.event_handler.log_command:Invoked command in '/root/kadai2/ros2_ws/build/person_msgs' returned '0': CMAKE_PREFIX_PATH=${CMAKE_PREFIX_PATH}:/root/kadai2/ros2_ws/install/mypkg:/root/ros2_ws/install/mypkg:/opt/ros/humble /usr/bin/cmake --build /root/kadai2/ros2_ws/build/person_msgs -- -j8 -l8
[1.408s] DEBUG:colcon.colcon_core.event_handler.log_command:Invoking command in '/root/kadai2/ros2_ws/src/mypkg': PYTHONPATH=/root/kadai2/ros2_ws/install/mypkg/lib/python3.10/site-packages:${PYTHONPATH} /usr/bin/python3 setup.py egg_info --egg-base ../../build/mypkg build --build-base /root/kadai2/ros2_ws/build/mypkg/build install --prefix /root/kadai2/ros2_ws/install/mypkg --record /root/kadai2/ros2_ws/build/mypkg/install.log --single-version-externally-managed
[1.459s] DEBUG:colcon.colcon_core.event_handler.log_command:Invoking command in '/root/kadai2/ros2_ws/build/person_msgs': CMAKE_PREFIX_PATH=${CMAKE_PREFIX_PATH}:/root/kadai2/ros2_ws/install/mypkg:/root/ros2_ws/install/mypkg:/opt/ros/humble /usr/bin/cmake --install /root/kadai2/ros2_ws/build/person_msgs
[1.528s] Level 1:colcon.colcon_core.environment:create_environment_scripts_only(person_msgs)
[1.528s] DEBUG:colcon.colcon_core.event_handler.log_command:Invoked command in '/root/kadai2/ros2_ws/build/person_msgs' returned '0': CMAKE_PREFIX_PATH=${CMAKE_PREFIX_PATH}:/root/kadai2/ros2_ws/install/mypkg:/root/ros2_ws/install/mypkg:/opt/ros/humble /usr/bin/cmake --install /root/kadai2/ros2_ws/build/person_msgs
[1.533s] Level 1:colcon.colcon_core.environment:checking '/root/kadai2/ros2_ws/install/person_msgs' for CMake module files
[1.533s] Level 1:colcon.colcon_core.environment:checking '/root/kadai2/ros2_ws/install/person_msgs' for CMake config files
[1.534s] Level 1:colcon.colcon_core.shell:create_environment_hook('person_msgs', 'cmake_prefix_path')
[1.535s] INFO:colcon.colcon_core.shell:Creating environment hook '/root/kadai2/ros2_ws/install/person_msgs/share/person_msgs/hook/cmake_prefix_path.ps1'
[1.535s] INFO:colcon.colcon_core.shell:Creating environment descriptor '/root/kadai2/ros2_ws/install/person_msgs/share/person_msgs/hook/cmake_prefix_path.dsv'
[1.536s] INFO:colcon.colcon_core.shell:Creating environment hook '/root/kadai2/ros2_ws/install/person_msgs/share/person_msgs/hook/cmake_prefix_path.sh'
[1.537s] Level 1:colcon.colcon_core.environment:checking '/root/kadai2/ros2_ws/install/person_msgs/lib'
[1.537s] Level 1:colcon.colcon_core.shell:create_environment_hook('person_msgs', 'ld_library_path_lib')
[1.540s] INFO:colcon.colcon_core.shell:Creating environment hook '/root/kadai2/ros2_ws/install/person_msgs/share/person_msgs/hook/ld_library_path_lib.ps1'
[1.540s] INFO:colcon.colcon_core.shell:Creating environment descriptor '/root/kadai2/ros2_ws/install/person_msgs/share/person_msgs/hook/ld_library_path_lib.dsv'
[1.541s] INFO:colcon.colcon_core.shell:Creating environment hook '/root/kadai2/ros2_ws/install/person_msgs/share/person_msgs/hook/ld_library_path_lib.sh'
[1.541s] Level 1:colcon.colcon_core.environment:checking '/root/kadai2/ros2_ws/install/person_msgs/bin'
[1.541s] Level 1:colcon.colcon_core.environment:checking '/root/kadai2/ros2_ws/install/person_msgs/lib/pkgconfig/person_msgs.pc'
[1.542s] Level 1:colcon.colcon_core.environment:checking '/root/kadai2/ros2_ws/install/person_msgs/lib/python3.10/site-packages'
[1.542s] Level 1:colcon.colcon_core.environment:checking '/root/kadai2/ros2_ws/install/person_msgs/bin'
[1.544s] INFO:colcon.colcon_core.shell:Creating package script '/root/kadai2/ros2_ws/install/person_msgs/share/person_msgs/package.ps1'
[1.545s] INFO:colcon.colcon_core.shell:Creating package descriptor '/root/kadai2/ros2_ws/install/person_msgs/share/person_msgs/package.dsv'
[1.546s] INFO:colcon.colcon_core.shell:Creating package script '/root/kadai2/ros2_ws/install/person_msgs/share/person_msgs/package.sh'
[1.547s] INFO:colcon.colcon_core.shell:Creating package script '/root/kadai2/ros2_ws/install/person_msgs/share/person_msgs/package.bash'
[1.548s] INFO:colcon.colcon_core.shell:Creating package script '/root/kadai2/ros2_ws/install/person_msgs/share/person_msgs/package.zsh'
[1.548s] Level 1:colcon.colcon_core.environment:create_file_with_runtime_dependencies(/root/kadai2/ros2_ws/install/person_msgs/share/colcon-core/packages/person_msgs)
[1.638s] Level 1:colcon.colcon_core.environment:create_environment_scripts_only(person_msgs)
[1.640s] Level 1:colcon.colcon_core.environment:checking '/root/kadai2/ros2_ws/install/person_msgs' for CMake module files
[1.641s] Level 1:colcon.colcon_core.environment:checking '/root/kadai2/ros2_ws/install/person_msgs' for CMake config files
[1.641s] Level 1:colcon.colcon_core.shell:create_environment_hook('person_msgs', 'cmake_prefix_path')
[1.643s] INFO:colcon.colcon_core.shell:Creating environment hook '/root/kadai2/ros2_ws/install/person_msgs/share/person_msgs/hook/cmake_prefix_path.ps1'
[1.643s] INFO:colcon.colcon_core.shell:Creating environment descriptor '/root/kadai2/ros2_ws/install/person_msgs/share/person_msgs/hook/cmake_prefix_path.dsv'
[1.644s] INFO:colcon.colcon_core.shell:Creating environment hook '/root/kadai2/ros2_ws/install/person_msgs/share/person_msgs/hook/cmake_prefix_path.sh'
[1.644s] Level 1:colcon.colcon_core.environment:checking '/root/kadai2/ros2_ws/install/person_msgs/lib'
[1.644s] Level 1:colcon.colcon_core.shell:create_environment_hook('person_msgs', 'ld_library_path_lib')
[1.646s] INFO:colcon.colcon_core.shell:Creating environment hook '/root/kadai2/ros2_ws/install/person_msgs/share/person_msgs/hook/ld_library_path_lib.ps1'
[1.646s] INFO:colcon.colcon_core.shell:Creating environment descriptor '/root/kadai2/ros2_ws/install/person_msgs/share/person_msgs/hook/ld_library_path_lib.dsv'
[1.646s] INFO:colcon.colcon_core.shell:Creating environment hook '/root/kadai2/ros2_ws/install/person_msgs/share/person_msgs/hook/ld_library_path_lib.sh'
[1.647s] Level 1:colcon.colcon_core.environment:checking '/root/kadai2/ros2_ws/install/person_msgs/bin'
[1.647s] Level 1:colcon.colcon_core.environment:checking '/root/kadai2/ros2_ws/install/person_msgs/lib/pkgconfig/person_msgs.pc'
[1.647s] Level 1:colcon.colcon_core.environment:checking '/root/kadai2/ros2_ws/install/person_msgs/lib/python3.10/site-packages'
[1.647s] Level 1:colcon.colcon_core.environment:checking '/root/kadai2/ros2_ws/install/person_msgs/bin'
[1.649s] INFO:colcon.colcon_core.shell:Creating package script '/root/kadai2/ros2_ws/install/person_msgs/share/person_msgs/package.ps1'
[1.650s] INFO:colcon.colcon_core.shell:Creating package descriptor '/root/kadai2/ros2_ws/install/person_msgs/share/person_msgs/package.dsv'
[1.651s] INFO:colcon.colcon_core.shell:Creating package script '/root/kadai2/ros2_ws/install/person_msgs/share/person_msgs/package.sh'
[1.651s] INFO:colcon.colcon_core.shell:Creating package script '/root/kadai2/ros2_ws/install/person_msgs/share/person_msgs/package.bash'
[1.652s] INFO:colcon.colcon_core.shell:Creating package script '/root/kadai2/ros2_ws/install/person_msgs/share/person_msgs/package.zsh'
[1.653s] Level 1:colcon.colcon_core.environment:create_file_with_runtime_dependencies(/root/kadai2/ros2_ws/install/person_msgs/share/colcon-core/packages/person_msgs)
[1.783s] Level 1:colcon.colcon_core.environment:checking '/root/kadai2/ros2_ws/install/mypkg' for CMake module files
[1.784s] DEBUG:colcon.colcon_core.event_handler.log_command:Invoked command in '/root/kadai2/ros2_ws/src/mypkg' returned '0': PYTHONPATH=/root/kadai2/ros2_ws/install/mypkg/lib/python3.10/site-packages:${PYTHONPATH} /usr/bin/python3 setup.py egg_info --egg-base ../../build/mypkg build --build-base /root/kadai2/ros2_ws/build/mypkg/build install --prefix /root/kadai2/ros2_ws/install/mypkg --record /root/kadai2/ros2_ws/build/mypkg/install.log --single-version-externally-managed
[1.785s] Level 1:colcon.colcon_core.environment:checking '/root/kadai2/ros2_ws/install/mypkg' for CMake config files
[1.786s] Level 1:colcon.colcon_core.environment:checking '/root/kadai2/ros2_ws/install/mypkg/lib'
[1.786s] Level 1:colcon.colcon_core.environment:checking '/root/kadai2/ros2_ws/install/mypkg/bin'
[1.786s] Level 1:colcon.colcon_core.environment:checking '/root/kadai2/ros2_ws/install/mypkg/lib/pkgconfig/mypkg.pc'
[1.787s] Level 1:colcon.colcon_core.environment:checking '/root/kadai2/ros2_ws/install/mypkg/lib/python3.10/site-packages'
[1.787s] Level 1:colcon.colcon_core.shell:create_environment_hook('mypkg', 'pythonpath')
[1.789s] INFO:colcon.colcon_core.shell:Creating environment hook '/root/kadai2/ros2_ws/install/mypkg/share/mypkg/hook/pythonpath.ps1'
[1.789s] INFO:colcon.colcon_core.shell:Creating environment descriptor '/root/kadai2/ros2_ws/install/mypkg/share/mypkg/hook/pythonpath.dsv'
[1.790s] INFO:colcon.colcon_core.shell:Creating environment hook '/root/kadai2/ros2_ws/install/mypkg/share/mypkg/hook/pythonpath.sh'
[1.791s] Level 1:colcon.colcon_core.environment:checking '/root/kadai2/ros2_ws/install/mypkg/bin'
[1.791s] Level 1:colcon.colcon_core.environment:create_environment_scripts_only(mypkg)
[1.793s] INFO:colcon.colcon_core.shell:Creating package script '/root/kadai2/ros2_ws/install/mypkg/share/mypkg/package.ps1'
[1.794s] INFO:colcon.colcon_core.shell:Creating package descriptor '/root/kadai2/ros2_ws/install/mypkg/share/mypkg/package.dsv'
[1.794s] INFO:colcon.colcon_core.shell:Creating package script '/root/kadai2/ros2_ws/install/mypkg/share/mypkg/package.sh'
[1.795s] INFO:colcon.colcon_core.shell:Creating package script '/root/kadai2/ros2_ws/install/mypkg/share/mypkg/package.bash'
[1.795s] INFO:colcon.colcon_core.shell:Creating package script '/root/kadai2/ros2_ws/install/mypkg/share/mypkg/package.zsh'
[1.796s] Level 1:colcon.colcon_core.environment:create_file_with_runtime_dependencies(/root/kadai2/ros2_ws/install/mypkg/share/colcon-core/packages/mypkg)
[1.796s] DEBUG:colcon.colcon_parallel_executor.executor.parallel:closing loop
[1.798s] DEBUG:colcon.colcon_parallel_executor.executor.parallel:loop closed
[1.798s] DEBUG:colcon.colcon_parallel_executor.executor.parallel:run_until_complete finished with '0'
[1.799s] DEBUG:colcon.colcon_core.event_reactor:joining thread
[1.853s] INFO:colcon.colcon_core.plugin_system:Skipping extension 'colcon_notification.desktop_notification.notify_send': Could not find 'notify-send'
[1.854s] INFO:colcon.colcon_core.plugin_system:Skipping extension 'colcon_notification.desktop_notification.terminal_notifier': Not used on non-Darwin systems
[1.854s] INFO:colcon.colcon_core.plugin_system:Skipping extension 'colcon_notification.desktop_notification.win32': Not used on non-Windows systems
[1.854s] INFO:colcon.colcon_notification.desktop_notification:Sending desktop notification using 'notify2'
[1.854s] DEBUG:colcon.colcon_notification.desktop_notification.notify2:Failed to initialize notify2: org.freedesktop.DBus.Error.NotSupported: Unable to autolaunch a dbus-daemon without a $DISPLAY for X11
[1.854s] DEBUG:colcon.colcon_core.event_reactor:joined thread
[1.857s] INFO:colcon.colcon_core.shell:Creating prefix script '/root/kadai2/ros2_ws/install/local_setup.ps1'
[1.858s] INFO:colcon.colcon_core.shell:Creating prefix util module '/root/kadai2/ros2_ws/install/_local_setup_util_ps1.py'
[1.860s] INFO:colcon.colcon_core.shell:Creating prefix chain script '/root/kadai2/ros2_ws/install/setup.ps1'
[1.861s] INFO:colcon.colcon_core.shell:Creating prefix script '/root/kadai2/ros2_ws/install/local_setup.sh'
[1.862s] INFO:colcon.colcon_core.shell:Creating prefix util module '/root/kadai2/ros2_ws/install/_local_setup_util_sh.py'
[1.862s] INFO:colcon.colcon_core.shell:Creating prefix chain script '/root/kadai2/ros2_ws/install/setup.sh'
[1.864s] INFO:colcon.colcon_core.shell:Creating prefix script '/root/kadai2/ros2_ws/install/local_setup.bash'
[1.865s] INFO:colcon.colcon_core.shell:Creating prefix chain script '/root/kadai2/ros2_ws/install/setup.bash'
[1.866s] INFO:colcon.colcon_core.shell:Creating prefix script '/root/kadai2/ros2_ws/install/local_setup.zsh'
[1.867s] INFO:colcon.colcon_core.shell:Creating prefix chain script '/root/kadai2/ros2_ws/install/setup.zsh'
