[0.381s] Invoking command in '/root/kadai2/ros2_ws/build/person_msgs': CMAKE_PREFIX_PATH=${CMAKE_PREFIX_PATH}:/root/kadai2/ros2_ws/install/mypkg:/root/ros2_ws/install/mypkg:/opt/ros/humble /usr/bin/cmake --build /root/kadai2/ros2_ws/build/person_msgs -- -j8 -l8
[0.422s] [35m[1mConsolidate compiler generated dependencies of target person_msgs__rosidl_generator_c[0m
[0.431s] [  9%] Built target person_msgs__rosidl_generator_c
[0.431s] [ 12%] Built target person_msgs__cpp
[0.442s] [ 12%] Built target ament_cmake_python_copy_person_msgs
[0.442s] [35m[1mConsolidate compiler generated dependencies of target person_msgs__rosidl_typesupport_fastrtps_c[0m
[0.443s] [35m[1mConsolidate compiler generated dependencies of target person_msgs__rosidl_typesupport_introspection_c[0m
[0.443s] [35m[1mConsolidate compiler generated dependencies of target person_msgs__rosidl_typesupport_fastrtps_cpp[0m
[0.444s] [35m[1mConsolidate compiler generated dependencies of target person_msgs__rosidl_typesupport_introspection_cpp[0m
[0.444s] [35m[1mConsolidate compiler generated dependencies of target person_msgs__rosidl_typesupport_c[0m
[0.454s] [ 22%] Built target person_msgs__rosidl_typesupport_introspection_c
[0.455s] [35m[1mConsolidate compiler generated dependencies of target person_msgs__rosidl_typesupport_cpp[0m
[0.455s] [ 32%] Built target person_msgs__rosidl_typesupport_c
[0.463s] [ 45%] Built target person_msgs__rosidl_typesupport_fastrtps_cpp
[0.463s] [ 51%] Built target person_msgs__rosidl_typesupport_fastrtps_c
[0.463s] [ 61%] Built target person_msgs__rosidl_typesupport_introspection_cpp
[0.467s] [ 70%] Built target person_msgs__rosidl_typesupport_cpp
[0.485s] [ 70%] Built target person_msgs
[0.505s] [ 74%] Built target person_msgs__py
[0.514s] [35m[1mConsolidate compiler generated dependencies of target person_msgs__rosidl_generator_py[0m
[0.527s] [ 80%] Built target person_msgs__rosidl_generator_py
[0.538s] [35m[1mConsolidate compiler generated dependencies of target person_msgs__rosidl_typesupport_fastrtps_c__pyext[0m
[0.538s] [35m[1mConsolidate compiler generated dependencies of target person_msgs__rosidl_typesupport_introspection_c__pyext[0m
[0.539s] [35m[1mConsolidate compiler generated dependencies of target person_msgs__rosidl_typesupport_c__pyext[0m
[0.550s] [100%] Built target person_msgs__rosidl_typesupport_fastrtps_c__pyext
[0.551s] [100%] Built target person_msgs__rosidl_typesupport_c__pyext
[0.551s] [100%] Built target person_msgs__rosidl_typesupport_introspection_c__pyext
[0.717s] running egg_info
[0.718s] writing person_msgs.egg-info/PKG-INFO
[0.718s] writing dependency_links to person_msgs.egg-info/dependency_links.txt
[0.719s] writing top-level names to person_msgs.egg-info/top_level.txt
[0.721s] reading manifest file 'person_msgs.egg-info/SOURCES.txt'
[0.722s] writing manifest file 'person_msgs.egg-info/SOURCES.txt'
[0.751s] [100%] Built target ament_cmake_python_build_person_msgs_egg
[0.764s] Invoked command in '/root/kadai2/ros2_ws/build/person_msgs' returned '0': CMAKE_PREFIX_PATH=${CMAKE_PREFIX_PATH}:/root/kadai2/ros2_ws/install/mypkg:/root/ros2_ws/install/mypkg:/opt/ros/humble /usr/bin/cmake --build /root/kadai2/ros2_ws/build/person_msgs -- -j8 -l8
[0.831s] Invoking command in '/root/kadai2/ros2_ws/build/person_msgs': CMAKE_PREFIX_PATH=${CMAKE_PREFIX_PATH}:/root/kadai2/ros2_ws/install/mypkg:/root/ros2_ws/install/mypkg:/opt/ros/humble /usr/bin/cmake --install /root/kadai2/ros2_ws/build/person_msgs
[0.840s] -- Install configuration: ""
[0.840s] -- Up-to-date: /root/kadai2/ros2_ws/install/person_msgs/share/ament_index/resource_index/rosidl_interfaces/person_msgs
[0.840s] -- Up-to-date: /root/kadai2/ros2_ws/install/person_msgs/include/person_msgs/person_msgs
[0.840s] -- Up-to-date: /root/kadai2/ros2_ws/install/person_msgs/include/person_msgs/person_msgs/msg
[0.841s] -- Up-to-date: /root/kadai2/ros2_ws/install/person_msgs/include/person_msgs/person_msgs/msg/person.h
[0.841s] -- Up-to-date: /root/kadai2/ros2_ws/install/person_msgs/include/person_msgs/person_msgs/msg/rosidl_generator_c__visibility_control.h
[0.841s] -- Up-to-date: /root/kadai2/ros2_ws/install/person_msgs/include/person_msgs/person_msgs/msg/detail
[0.841s] -- Up-to-date: /root/kadai2/ros2_ws/install/person_msgs/include/person_msgs/person_msgs/msg/detail/person__functions.c
[0.842s] -- Up-to-date: /root/kadai2/ros2_ws/install/person_msgs/include/person_msgs/person_msgs/msg/detail/person__type_support.h
[0.842s] -- Up-to-date: /root/kadai2/ros2_ws/install/person_msgs/include/person_msgs/person_msgs/msg/detail/person__functions.h
[0.842s] -- Up-to-date: /root/kadai2/ros2_ws/install/person_msgs/include/person_msgs/person_msgs/msg/detail/person__struct.h
[0.842s] -- Up-to-date: /root/kadai2/ros2_ws/install/person_msgs/share/person_msgs/environment/library_path.sh
[0.842s] -- Up-to-date: /root/kadai2/ros2_ws/install/person_msgs/share/person_msgs/environment/library_path.dsv
[0.843s] -- Up-to-date: /root/kadai2/ros2_ws/install/person_msgs/lib/libperson_msgs__rosidl_generator_c.so
[0.843s] -- Up-to-date: /root/kadai2/ros2_ws/install/person_msgs/include/person_msgs/person_msgs
[0.843s] -- Up-to-date: /root/kadai2/ros2_ws/install/person_msgs/include/person_msgs/person_msgs/msg
[0.843s] -- Up-to-date: /root/kadai2/ros2_ws/install/person_msgs/include/person_msgs/person_msgs/msg/rosidl_typesupport_fastrtps_c__visibility_control.h
[0.844s] -- Up-to-date: /root/kadai2/ros2_ws/install/person_msgs/include/person_msgs/person_msgs/msg/detail
[0.844s] -- Up-to-date: /root/kadai2/ros2_ws/install/person_msgs/include/person_msgs/person_msgs/msg/detail/person__rosidl_typesupport_fastrtps_c.h
[0.844s] -- Up-to-date: /root/kadai2/ros2_ws/install/person_msgs/lib/libperson_msgs__rosidl_typesupport_fastrtps_c.so
[0.844s] -- Up-to-date: /root/kadai2/ros2_ws/install/person_msgs/include/person_msgs/person_msgs
[0.844s] -- Up-to-date: /root/kadai2/ros2_ws/install/person_msgs/include/person_msgs/person_msgs/msg
[0.844s] -- Up-to-date: /root/kadai2/ros2_ws/install/person_msgs/include/person_msgs/person_msgs/msg/rosidl_typesupport_introspection_c__visibility_control.h
[0.844s] -- Up-to-date: /root/kadai2/ros2_ws/install/person_msgs/include/person_msgs/person_msgs/msg/detail
[0.844s] -- Up-to-date: /root/kadai2/ros2_ws/install/person_msgs/include/person_msgs/person_msgs/msg/detail/person__type_support.c
[0.844s] -- Up-to-date: /root/kadai2/ros2_ws/install/person_msgs/include/person_msgs/person_msgs/msg/detail/person__rosidl_typesupport_introspection_c.h
[0.844s] -- Up-to-date: /root/kadai2/ros2_ws/install/person_msgs/lib/libperson_msgs__rosidl_typesupport_introspection_c.so
[0.844s] -- Up-to-date: /root/kadai2/ros2_ws/install/person_msgs/lib/libperson_msgs__rosidl_typesupport_c.so
[0.845s] -- Up-to-date: /root/kadai2/ros2_ws/install/person_msgs/include/person_msgs/person_msgs
[0.845s] -- Up-to-date: /root/kadai2/ros2_ws/install/person_msgs/include/person_msgs/person_msgs/msg
[0.845s] -- Up-to-date: /root/kadai2/ros2_ws/install/person_msgs/include/person_msgs/person_msgs/msg/person.hpp
[0.845s] -- Up-to-date: /root/kadai2/ros2_ws/install/person_msgs/include/person_msgs/person_msgs/msg/detail
[0.845s] -- Up-to-date: /root/kadai2/ros2_ws/install/person_msgs/include/person_msgs/person_msgs/msg/detail/person__builder.hpp
[0.845s] -- Up-to-date: /root/kadai2/ros2_ws/install/person_msgs/include/person_msgs/person_msgs/msg/detail/person__traits.hpp
[0.845s] -- Up-to-date: /root/kadai2/ros2_ws/install/person_msgs/include/person_msgs/person_msgs/msg/detail/person__struct.hpp
[0.845s] -- Up-to-date: /root/kadai2/ros2_ws/install/person_msgs/include/person_msgs/person_msgs
[0.845s] -- Up-to-date: /root/kadai2/ros2_ws/install/person_msgs/include/person_msgs/person_msgs/msg
[0.845s] -- Up-to-date: /root/kadai2/ros2_ws/install/person_msgs/include/person_msgs/person_msgs/msg/rosidl_typesupport_fastrtps_cpp__visibility_control.h
[0.845s] -- Up-to-date: /root/kadai2/ros2_ws/install/person_msgs/include/person_msgs/person_msgs/msg/detail
[0.845s] -- Up-to-date: /root/kadai2/ros2_ws/install/person_msgs/include/person_msgs/person_msgs/msg/detail/dds_fastrtps
[0.846s] -- Up-to-date: /root/kadai2/ros2_ws/install/person_msgs/include/person_msgs/person_msgs/msg/detail/person__rosidl_typesupport_fastrtps_cpp.hpp
[0.846s] -- Up-to-date: /root/kadai2/ros2_ws/install/person_msgs/lib/libperson_msgs__rosidl_typesupport_fastrtps_cpp.so
[0.846s] -- Up-to-date: /root/kadai2/ros2_ws/install/person_msgs/include/person_msgs/person_msgs
[0.846s] -- Up-to-date: /root/kadai2/ros2_ws/install/person_msgs/include/person_msgs/person_msgs/msg
[0.846s] -- Up-to-date: /root/kadai2/ros2_ws/install/person_msgs/include/person_msgs/person_msgs/msg/detail
[0.846s] -- Up-to-date: /root/kadai2/ros2_ws/install/person_msgs/include/person_msgs/person_msgs/msg/detail/person__rosidl_typesupport_introspection_cpp.hpp
[0.846s] -- Up-to-date: /root/kadai2/ros2_ws/install/person_msgs/include/person_msgs/person_msgs/msg/detail/person__type_support.cpp
[0.846s] -- Up-to-date: /root/kadai2/ros2_ws/install/person_msgs/lib/libperson_msgs__rosidl_typesupport_introspection_cpp.so
[0.846s] -- Up-to-date: /root/kadai2/ros2_ws/install/person_msgs/lib/libperson_msgs__rosidl_typesupport_cpp.so
[0.846s] -- Up-to-date: /root/kadai2/ros2_ws/install/person_msgs/share/person_msgs/environment/pythonpath.sh
[0.846s] -- Up-to-date: /root/kadai2/ros2_ws/install/person_msgs/share/person_msgs/environment/pythonpath.dsv
[0.846s] -- Up-to-date: /root/kadai2/ros2_ws/install/person_msgs/local/lib/python3.10/dist-packages/person_msgs-0.0.0-py3.10.egg-info
[0.847s] -- Installing: /root/kadai2/ros2_ws/install/person_msgs/local/lib/python3.10/dist-packages/person_msgs-0.0.0-py3.10.egg-info/top_level.txt
[0.847s] -- Installing: /root/kadai2/ros2_ws/install/person_msgs/local/lib/python3.10/dist-packages/person_msgs-0.0.0-py3.10.egg-info/dependency_links.txt
[0.847s] -- Installing: /root/kadai2/ros2_ws/install/person_msgs/local/lib/python3.10/dist-packages/person_msgs-0.0.0-py3.10.egg-info/SOURCES.txt
[0.847s] -- Installing: /root/kadai2/ros2_ws/install/person_msgs/local/lib/python3.10/dist-packages/person_msgs-0.0.0-py3.10.egg-info/PKG-INFO
[0.847s] -- Up-to-date: /root/kadai2/ros2_ws/install/person_msgs/local/lib/python3.10/dist-packages/person_msgs
[0.847s] -- Up-to-date: /root/kadai2/ros2_ws/install/person_msgs/local/lib/python3.10/dist-packages/person_msgs/libperson_msgs__rosidl_generator_py.so
[0.847s] -- Up-to-date: /root/kadai2/ros2_ws/install/person_msgs/local/lib/python3.10/dist-packages/person_msgs/_person_msgs_s.ep.rosidl_typesupport_introspection_c.c
[0.847s] -- Up-to-date: /root/kadai2/ros2_ws/install/person_msgs/local/lib/python3.10/dist-packages/person_msgs/_person_msgs_s.ep.rosidl_typesupport_c.c
[0.847s] -- Up-to-date: /root/kadai2/ros2_ws/install/person_msgs/local/lib/python3.10/dist-packages/person_msgs/person_msgs_s__rosidl_typesupport_fastrtps_c.cpython-310-x86_64-linux-gnu.so
[0.847s] -- Up-to-date: /root/kadai2/ros2_ws/install/person_msgs/local/lib/python3.10/dist-packages/person_msgs/msg
[0.847s] -- Up-to-date: /root/kadai2/ros2_ws/install/person_msgs/local/lib/python3.10/dist-packages/person_msgs/msg/_person.py
[0.848s] -- Up-to-date: /root/kadai2/ros2_ws/install/person_msgs/local/lib/python3.10/dist-packages/person_msgs/msg/_person_s.c
[0.848s] -- Up-to-date: /root/kadai2/ros2_ws/install/person_msgs/local/lib/python3.10/dist-packages/person_msgs/msg/__init__.py
[0.848s] -- Up-to-date: /root/kadai2/ros2_ws/install/person_msgs/local/lib/python3.10/dist-packages/person_msgs/person_msgs_s__rosidl_typesupport_introspection_c.cpython-310-x86_64-linux-gnu.so
[0.848s] -- Up-to-date: /root/kadai2/ros2_ws/install/person_msgs/local/lib/python3.10/dist-packages/person_msgs/person_msgs_s__rosidl_typesupport_c.cpython-310-x86_64-linux-gnu.so
[0.848s] -- Up-to-date: /root/kadai2/ros2_ws/install/person_msgs/local/lib/python3.10/dist-packages/person_msgs/_person_msgs_s.ep.rosidl_typesupport_fastrtps_c.c
[0.848s] -- Up-to-date: /root/kadai2/ros2_ws/install/person_msgs/local/lib/python3.10/dist-packages/person_msgs/__init__.py
[0.879s] Listing '/root/kadai2/ros2_ws/install/person_msgs/local/lib/python3.10/dist-packages/person_msgs'...
[0.879s] Listing '/root/kadai2/ros2_ws/install/person_msgs/local/lib/python3.10/dist-packages/person_msgs/msg'...
[0.885s] -- Up-to-date: /root/kadai2/ros2_ws/install/person_msgs/local/lib/python3.10/dist-packages/person_msgs/person_msgs_s__rosidl_typesupport_fastrtps_c.cpython-310-x86_64-linux-gnu.so
[0.886s] -- Up-to-date: /root/kadai2/ros2_ws/install/person_msgs/local/lib/python3.10/dist-packages/person_msgs/person_msgs_s__rosidl_typesupport_introspection_c.cpython-310-x86_64-linux-gnu.so
[0.886s] -- Up-to-date: /root/kadai2/ros2_ws/install/person_msgs/local/lib/python3.10/dist-packages/person_msgs/person_msgs_s__rosidl_typesupport_c.cpython-310-x86_64-linux-gnu.so
[0.887s] -- Up-to-date: /root/kadai2/ros2_ws/install/person_msgs/lib/libperson_msgs__rosidl_generator_py.so
[0.887s] -- Up-to-date: /root/kadai2/ros2_ws/install/person_msgs/share/person_msgs/msg/Person.idl
[0.887s] -- Up-to-date: /root/kadai2/ros2_ws/install/person_msgs/share/person_msgs/msg/Person.msg
[0.887s] -- Up-to-date: /root/kadai2/ros2_ws/install/person_msgs/share/ament_index/resource_index/package_run_dependencies/person_msgs
[0.888s] -- Up-to-date: /root/kadai2/ros2_ws/install/person_msgs/share/ament_index/resource_index/parent_prefix_path/person_msgs
[0.888s] -- Up-to-date: /root/kadai2/ros2_ws/install/person_msgs/share/person_msgs/environment/ament_prefix_path.sh
[0.888s] -- Up-to-date: /root/kadai2/ros2_ws/install/person_msgs/share/person_msgs/environment/ament_prefix_path.dsv
[0.888s] -- Up-to-date: /root/kadai2/ros2_ws/install/person_msgs/share/person_msgs/environment/path.sh
[0.888s] -- Up-to-date: /root/kadai2/ros2_ws/install/person_msgs/share/person_msgs/environment/path.dsv
[0.889s] -- Up-to-date: /root/kadai2/ros2_ws/install/person_msgs/share/person_msgs/local_setup.bash
[0.889s] -- Up-to-date: /root/kadai2/ros2_ws/install/person_msgs/share/person_msgs/local_setup.sh
[0.889s] -- Up-to-date: /root/kadai2/ros2_ws/install/person_msgs/share/person_msgs/local_setup.zsh
[0.889s] -- Up-to-date: /root/kadai2/ros2_ws/install/person_msgs/share/person_msgs/local_setup.dsv
[0.889s] -- Installing: /root/kadai2/ros2_ws/install/person_msgs/share/person_msgs/package.dsv
[0.890s] -- Up-to-date: /root/kadai2/ros2_ws/install/person_msgs/share/ament_index/resource_index/packages/person_msgs
[0.890s] -- Up-to-date: /root/kadai2/ros2_ws/install/person_msgs/share/person_msgs/cmake/export_person_msgs__rosidl_generator_cExport.cmake
[0.890s] -- Up-to-date: /root/kadai2/ros2_ws/install/person_msgs/share/person_msgs/cmake/export_person_msgs__rosidl_generator_cExport-noconfig.cmake
[0.890s] -- Up-to-date: /root/kadai2/ros2_ws/install/person_msgs/share/person_msgs/cmake/export_person_msgs__rosidl_typesupport_fastrtps_cExport.cmake
[0.891s] -- Up-to-date: /root/kadai2/ros2_ws/install/person_msgs/share/person_msgs/cmake/export_person_msgs__rosidl_typesupport_fastrtps_cExport-noconfig.cmake
[0.891s] -- Up-to-date: /root/kadai2/ros2_ws/install/person_msgs/share/person_msgs/cmake/person_msgs__rosidl_typesupport_introspection_cExport.cmake
[0.891s] -- Up-to-date: /root/kadai2/ros2_ws/install/person_msgs/share/person_msgs/cmake/person_msgs__rosidl_typesupport_introspection_cExport-noconfig.cmake
[0.891s] -- Up-to-date: /root/kadai2/ros2_ws/install/person_msgs/share/person_msgs/cmake/person_msgs__rosidl_typesupport_cExport.cmake
[0.892s] -- Up-to-date: /root/kadai2/ros2_ws/install/person_msgs/share/person_msgs/cmake/person_msgs__rosidl_typesupport_cExport-noconfig.cmake
[0.892s] -- Up-to-date: /root/kadai2/ros2_ws/install/person_msgs/share/person_msgs/cmake/export_person_msgs__rosidl_generator_cppExport.cmake
[0.892s] -- Up-to-date: /root/kadai2/ros2_ws/install/person_msgs/share/person_msgs/cmake/export_person_msgs__rosidl_typesupport_fastrtps_cppExport.cmake
[0.892s] -- Up-to-date: /root/kadai2/ros2_ws/install/person_msgs/share/person_msgs/cmake/export_person_msgs__rosidl_typesupport_fastrtps_cppExport-noconfig.cmake
[0.892s] -- Up-to-date: /root/kadai2/ros2_ws/install/person_msgs/share/person_msgs/cmake/person_msgs__rosidl_typesupport_introspection_cppExport.cmake
[0.893s] -- Up-to-date: /root/kadai2/ros2_ws/install/person_msgs/share/person_msgs/cmake/person_msgs__rosidl_typesupport_introspection_cppExport-noconfig.cmake
[0.893s] -- Up-to-date: /root/kadai2/ros2_ws/install/person_msgs/share/person_msgs/cmake/person_msgs__rosidl_typesupport_cppExport.cmake
[0.893s] -- Up-to-date: /root/kadai2/ros2_ws/install/person_msgs/share/person_msgs/cmake/person_msgs__rosidl_typesupport_cppExport-noconfig.cmake
[0.893s] -- Up-to-date: /root/kadai2/ros2_ws/install/person_msgs/share/person_msgs/cmake/export_person_msgs__rosidl_generator_pyExport.cmake
[0.893s] -- Up-to-date: /root/kadai2/ros2_ws/install/person_msgs/share/person_msgs/cmake/export_person_msgs__rosidl_generator_pyExport-noconfig.cmake
[0.893s] -- Up-to-date: /root/kadai2/ros2_ws/install/person_msgs/share/person_msgs/cmake/rosidl_cmake-extras.cmake
[0.894s] -- Up-to-date: /root/kadai2/ros2_ws/install/person_msgs/share/person_msgs/cmake/ament_cmake_export_include_directories-extras.cmake
[0.894s] -- Up-to-date: /root/kadai2/ros2_ws/install/person_msgs/share/person_msgs/cmake/ament_cmake_export_libraries-extras.cmake
[0.894s] -- Up-to-date: /root/kadai2/ros2_ws/install/person_msgs/share/person_msgs/cmake/ament_cmake_export_targets-extras.cmake
[0.894s] -- Up-to-date: /root/kadai2/ros2_ws/install/person_msgs/share/person_msgs/cmake/rosidl_cmake_export_typesupport_targets-extras.cmake
[0.894s] -- Up-to-date: /root/kadai2/ros2_ws/install/person_msgs/share/person_msgs/cmake/ament_cmake_export_dependencies-extras.cmake
[0.894s] -- Up-to-date: /root/kadai2/ros2_ws/install/person_msgs/share/person_msgs/cmake/rosidl_cmake_export_typesupport_libraries-extras.cmake
[0.894s] -- Up-to-date: /root/kadai2/ros2_ws/install/person_msgs/share/person_msgs/cmake/person_msgsConfig.cmake
[0.894s] -- Up-to-date: /root/kadai2/ros2_ws/install/person_msgs/share/person_msgs/cmake/person_msgsConfig-version.cmake
[0.895s] -- Up-to-date: /root/kadai2/ros2_ws/install/person_msgs/share/person_msgs/package.xml
[0.895s] Invoked command in '/root/kadai2/ros2_ws/build/person_msgs' returned '0': CMAKE_PREFIX_PATH=${CMAKE_PREFIX_PATH}:/root/kadai2/ros2_ws/install/mypkg:/root/ros2_ws/install/mypkg:/opt/ros/humble /usr/bin/cmake --install /root/kadai2/ros2_ws/build/person_msgs
