[0.416s] DEBUG:colcon:Command line arguments: ['/usr/bin/colcon', 'build']
[0.416s] DEBUG:colcon:Parsed command line arguments: Namespace(log_base=None, log_level=None, verb_name='build', build_base='build', install_base='install', merge_install=False, symlink_install=False, test_result_base=None, continue_on_error=False, executor='parallel', parallel_workers=8, event_handlers=None, ignore_user_meta=False, metas=['./colcon.meta'], base_paths=['.'], packages_ignore=None, packages_ignore_regex=None, paths=None, packages_up_to=None, packages_up_to_regex=None, packages_above=None, packages_above_and_dependencies=None, packages_above_depth=None, packages_select_by_dep=None, packages_skip_by_dep=None, packages_skip_up_to=None, packages_select_build_failed=False, packages_skip_build_finished=False, packages_select_test_failures=False, packages_skip_test_passed=False, packages_select=None, packages_skip=None, packages_select_regex=None, packages_skip_regex=None, packages_start=None, packages_end=None, allow_overriding=[], cmake_args=None, cmake_target=None, cmake_target_skip_unavailable=False, cmake_clean_cache=False, cmake_clean_first=False, cmake_force_configure=False, ament_cmake_args=None, catkin_cmake_args=None, catkin_skip_building_tests=False, verb_parser=<colcon_defaults.argument_parser.defaults.DefaultArgumentsDecorator object at 0x7fcba4b21a50>, verb_extension=<colcon_core.verb.build.BuildVerb object at 0x7fcba544f760>, main=<bound method BuildVerb.main of <colcon_core.verb.build.BuildVerb object at 0x7fcba544f760>>)
[0.436s] Level 1:colcon.colcon_core.package_discovery:discover_packages(colcon_meta) check parameters
[0.436s] Level 1:colcon.colcon_core.package_discovery:discover_packages(recursive) check parameters
[0.436s] Level 1:colcon.colcon_core.package_discovery:discover_packages(ignore) check parameters
[0.436s] Level 1:colcon.colcon_core.package_discovery:discover_packages(path) check parameters
[0.436s] Level 1:colcon.colcon_core.package_discovery:discover_packages(colcon_meta) discover
[0.437s] Level 1:colcon.colcon_core.package_discovery:discover_packages(recursive) discover
[0.437s] INFO:colcon.colcon_core.package_discovery:Crawling recursively for packages in '/root/kadai2/ros2_ws'
[0.437s] Level 1:colcon.colcon_core.package_identification:_identify(.) by extensions ['ignore', 'ignore_ament_install']
[0.437s] Level 1:colcon.colcon_core.package_identification:_identify(.) by extension 'ignore'
[0.437s] Level 1:colcon.colcon_core.package_identification:_identify(.) by extension 'ignore_ament_install'
[0.437s] Level 1:colcon.colcon_core.package_identification:_identify(.) by extensions ['colcon_pkg']
[0.437s] Level 1:colcon.colcon_core.package_identification:_identify(.) by extension 'colcon_pkg'
[0.437s] Level 1:colcon.colcon_core.package_identification:_identify(.) by extensions ['colcon_meta']
[0.437s] Level 1:colcon.colcon_core.package_identification:_identify(.) by extension 'colcon_meta'
[0.437s] Level 1:colcon.colcon_core.package_identification:_identify(.) by extensions ['ros']
[0.437s] Level 1:colcon.colcon_core.package_identification:_identify(.) by extension 'ros'
[0.457s] Level 1:colcon.colcon_core.package_identification:_identify(.) by extensions ['cmake', 'python']
[0.458s] Level 1:colcon.colcon_core.package_identification:_identify(.) by extension 'cmake'
[0.458s] Level 1:colcon.colcon_core.package_identification:_identify(.) by extension 'python'
[0.458s] Level 1:colcon.colcon_core.package_identification:_identify(.) by extensions ['python_setup_py']
[0.458s] Level 1:colcon.colcon_core.package_identification:_identify(.) by extension 'python_setup_py'
[0.458s] Level 1:colcon.colcon_core.package_identification:_identify(build) by extensions ['ignore', 'ignore_ament_install']
[0.458s] Level 1:colcon.colcon_core.package_identification:_identify(build) by extension 'ignore'
[0.458s] Level 1:colcon.colcon_core.package_identification:_identify(build) ignored
[0.458s] Level 1:colcon.colcon_core.package_identification:_identify(install) by extensions ['ignore', 'ignore_ament_install']
[0.458s] Level 1:colcon.colcon_core.package_identification:_identify(install) by extension 'ignore'
[0.458s] Level 1:colcon.colcon_core.package_identification:_identify(install) ignored
[0.458s] Level 1:colcon.colcon_core.package_identification:_identify(log) by extensions ['ignore', 'ignore_ament_install']
[0.459s] Level 1:colcon.colcon_core.package_identification:_identify(log) by extension 'ignore'
[0.459s] Level 1:colcon.colcon_core.package_identification:_identify(log) ignored
[0.459s] Level 1:colcon.colcon_core.package_identification:_identify(src) by extensions ['ignore', 'ignore_ament_install']
[0.459s] Level 1:colcon.colcon_core.package_identification:_identify(src) by extension 'ignore'
[0.459s] Level 1:colcon.colcon_core.package_identification:_identify(src) by extension 'ignore_ament_install'
[0.459s] Level 1:colcon.colcon_core.package_identification:_identify(src) by extensions ['colcon_pkg']
[0.459s] Level 1:colcon.colcon_core.package_identification:_identify(src) by extension 'colcon_pkg'
[0.459s] Level 1:colcon.colcon_core.package_identification:_identify(src) by extensions ['colcon_meta']
[0.459s] Level 1:colcon.colcon_core.package_identification:_identify(src) by extension 'colcon_meta'
[0.459s] Level 1:colcon.colcon_core.package_identification:_identify(src) by extensions ['ros']
[0.459s] Level 1:colcon.colcon_core.package_identification:_identify(src) by extension 'ros'
[0.459s] Level 1:colcon.colcon_core.package_identification:_identify(src) by extensions ['cmake', 'python']
[0.459s] Level 1:colcon.colcon_core.package_identification:_identify(src) by extension 'cmake'
[0.459s] Level 1:colcon.colcon_core.package_identification:_identify(src) by extension 'python'
[0.459s] Level 1:colcon.colcon_core.package_identification:_identify(src) by extensions ['python_setup_py']
[0.459s] Level 1:colcon.colcon_core.package_identification:_identify(src) by extension 'python_setup_py'
[0.459s] Level 1:colcon.colcon_core.package_identification:_identify(src/mypkg) by extensions ['ignore', 'ignore_ament_install']
[0.460s] Level 1:colcon.colcon_core.package_identification:_identify(src/mypkg) by extension 'ignore'
[0.460s] Level 1:colcon.colcon_core.package_identification:_identify(src/mypkg) by extension 'ignore_ament_install'
[0.460s] Level 1:colcon.colcon_core.package_identification:_identify(src/mypkg) by extensions ['colcon_pkg']
[0.460s] Level 1:colcon.colcon_core.package_identification:_identify(src/mypkg) by extension 'colcon_pkg'
[0.460s] Level 1:colcon.colcon_core.package_identification:_identify(src/mypkg) by extensions ['colcon_meta']
[0.460s] Level 1:colcon.colcon_core.package_identification:_identify(src/mypkg) by extension 'colcon_meta'
[0.460s] Level 1:colcon.colcon_core.package_identification:_identify(src/mypkg) by extensions ['ros']
[0.460s] Level 1:colcon.colcon_core.package_identification:_identify(src/mypkg) by extension 'ros'
[0.463s] DEBUG:colcon.colcon_core.package_identification:Package 'src/mypkg' with type 'ros.ament_python' and name 'mypkg'
[0.463s] Level 1:colcon.colcon_core.package_identification:_identify(src/person_msgs) by extensions ['ignore', 'ignore_ament_install']
[0.463s] Level 1:colcon.colcon_core.package_identification:_identify(src/person_msgs) by extension 'ignore'
[0.463s] Level 1:colcon.colcon_core.package_identification:_identify(src/person_msgs) by extension 'ignore_ament_install'
[0.463s] Level 1:colcon.colcon_core.package_identification:_identify(src/person_msgs) by extensions ['colcon_pkg']
[0.463s] Level 1:colcon.colcon_core.package_identification:_identify(src/person_msgs) by extension 'colcon_pkg'
[0.463s] Level 1:colcon.colcon_core.package_identification:_identify(src/person_msgs) by extensions ['colcon_meta']
[0.463s] Level 1:colcon.colcon_core.package_identification:_identify(src/person_msgs) by extension 'colcon_meta'
[0.463s] Level 1:colcon.colcon_core.package_identification:_identify(src/person_msgs) by extensions ['ros']
[0.463s] Level 1:colcon.colcon_core.package_identification:_identify(src/person_msgs) by extension 'ros'
[0.464s] DEBUG:colcon.colcon_core.package_identification:Package 'src/person_msgs' with type 'ros.ament_cmake' and name 'person_msgs'
[0.464s] Level 1:colcon.colcon_core.package_discovery:discover_packages(recursive) using defaults
[0.464s] Level 1:colcon.colcon_core.package_discovery:discover_packages(ignore) discover
[0.464s] Level 1:colcon.colcon_core.package_discovery:discover_packages(ignore) using defaults
[0.464s] Level 1:colcon.colcon_core.package_discovery:discover_packages(path) discover
[0.464s] Level 1:colcon.colcon_core.package_discovery:discover_packages(path) using defaults
[0.491s] Level 1:colcon.colcon_core.package_discovery:discover_packages(prefix_path) check parameters
[0.491s] Level 1:colcon.colcon_core.package_discovery:discover_packages(prefix_path) discover
[0.492s] WARNING:colcon.colcon_core.prefix_path.colcon:The path '/root/ros2_ws/install' in the environment variable COLCON_PREFIX_PATH doesn't exist
[0.492s] WARNING:colcon.colcon_ros.prefix_path.ament:The path '/root/ros2_ws/install/mypkg' in the environment variable AMENT_PREFIX_PATH doesn't exist
[0.494s] DEBUG:colcon.colcon_installed_package_information.package_discovery:Found 1 installed packages in /root/kadai2/ros2_ws/install
[0.495s] DEBUG:colcon.colcon_installed_package_information.package_discovery:Found 270 installed packages in /opt/ros/humble
[0.498s] Level 1:colcon.colcon_core.package_discovery:discover_packages(prefix_path) using defaults
[0.556s] Level 5:colcon.colcon_core.verb:set package 'mypkg' build argument 'cmake_args' from command line to 'None'
[0.556s] Level 5:colcon.colcon_core.verb:set package 'mypkg' build argument 'cmake_target' from command line to 'None'
[0.556s] Level 5:colcon.colcon_core.verb:set package 'mypkg' build argument 'cmake_target_skip_unavailable' from command line to 'False'
[0.556s] Level 5:colcon.colcon_core.verb:set package 'mypkg' build argument 'cmake_clean_cache' from command line to 'False'
[0.556s] Level 5:colcon.colcon_core.verb:set package 'mypkg' build argument 'cmake_clean_first' from command line to 'False'
[0.556s] Level 5:colcon.colcon_core.verb:set package 'mypkg' build argument 'cmake_force_configure' from command line to 'False'
[0.556s] Level 5:colcon.colcon_core.verb:set package 'mypkg' build argument 'ament_cmake_args' from command line to 'None'
[0.556s] Level 5:colcon.colcon_core.verb:set package 'mypkg' build argument 'catkin_cmake_args' from command line to 'None'
[0.556s] Level 5:colcon.colcon_core.verb:set package 'mypkg' build argument 'catkin_skip_building_tests' from command line to 'False'
[0.556s] DEBUG:colcon.colcon_core.verb:Building package 'mypkg' with the following arguments: {'ament_cmake_args': None, 'build_base': '/root/kadai2/ros2_ws/build/mypkg', 'catkin_cmake_args': None, 'catkin_skip_building_tests': False, 'cmake_args': None, 'cmake_clean_cache': False, 'cmake_clean_first': False, 'cmake_force_configure': False, 'cmake_target': None, 'cmake_target_skip_unavailable': False, 'install_base': '/root/kadai2/ros2_ws/install/mypkg', 'merge_install': False, 'path': '/root/kadai2/ros2_ws/src/mypkg', 'symlink_install': False, 'test_result_base': None}
[0.558s] Level 5:colcon.colcon_core.verb:set package 'person_msgs' build argument 'cmake_args' from command line to 'None'
[0.558s] Level 5:colcon.colcon_core.verb:set package 'person_msgs' build argument 'cmake_target' from command line to 'None'
[0.558s] Level 5:colcon.colcon_core.verb:set package 'person_msgs' build argument 'cmake_target_skip_unavailable' from command line to 'False'
[0.558s] Level 5:colcon.colcon_core.verb:set package 'person_msgs' build argument 'cmake_clean_cache' from command line to 'False'
[0.558s] Level 5:colcon.colcon_core.verb:set package 'person_msgs' build argument 'cmake_clean_first' from command line to 'False'
[0.558s] Level 5:colcon.colcon_core.verb:set package 'person_msgs' build argument 'cmake_force_configure' from command line to 'False'
[0.558s] Level 5:colcon.colcon_core.verb:set package 'person_msgs' build argument 'ament_cmake_args' from command line to 'None'
[0.558s] Level 5:colcon.colcon_core.verb:set package 'person_msgs' build argument 'catkin_cmake_args' from command line to 'None'
[0.558s] Level 5:colcon.colcon_core.verb:set package 'person_msgs' build argument 'catkin_skip_building_tests' from command line to 'False'
[0.558s] DEBUG:colcon.colcon_core.verb:Building package 'person_msgs' with the following arguments: {'ament_cmake_args': None, 'build_base': '/root/kadai2/ros2_ws/build/person_msgs', 'catkin_cmake_args': None, 'catkin_skip_building_tests': False, 'cmake_args': None, 'cmake_clean_cache': False, 'cmake_clean_first': False, 'cmake_force_configure': False, 'cmake_target': None, 'cmake_target_skip_unavailable': False, 'install_base': '/root/kadai2/ros2_ws/install/person_msgs', 'merge_install': False, 'path': '/root/kadai2/ros2_ws/src/person_msgs', 'symlink_install': False, 'test_result_base': None}
[0.559s] INFO:colcon.colcon_core.executor:Executing jobs using 'parallel' executor
[0.563s] DEBUG:colcon.colcon_parallel_executor.executor.parallel:run_until_complete
[0.563s] INFO:colcon.colcon_ros.task.ament_python.build:Building ROS package in '/root/kadai2/ros2_ws/src/mypkg' with build type 'ament_python'
[0.563s] Level 1:colcon.colcon_core.shell:create_environment_hook('mypkg', 'ament_prefix_path')
[0.569s] INFO:colcon.colcon_core.plugin_system:Skipping extension 'colcon_core.shell.bat': Not used on non-Windows systems
[0.569s] INFO:colcon.colcon_core.shell:Creating environment hook '/root/kadai2/ros2_ws/install/mypkg/share/mypkg/hook/ament_prefix_path.ps1'
[0.569s] INFO:colcon.colcon_core.shell:Creating environment descriptor '/root/kadai2/ros2_ws/install/mypkg/share/mypkg/hook/ament_prefix_path.dsv'
[0.570s] INFO:colcon.colcon_core.shell:Creating environment hook '/root/kadai2/ros2_ws/install/mypkg/share/mypkg/hook/ament_prefix_path.sh'
[0.571s] INFO:colcon.colcon_core.shell:Skip shell extension 'powershell' for command environment: Not usable outside of PowerShell
[0.571s] DEBUG:colcon.colcon_core.shell:Skip shell extension 'dsv' for command environment
[0.575s] INFO:colcon.colcon_ros.task.ament_cmake.build:Building ROS package in '/root/kadai2/ros2_ws/src/person_msgs' with build type 'ament_cmake'
[0.575s] INFO:colcon.colcon_cmake.task.cmake.build:Building CMake package in '/root/kadai2/ros2_ws/src/person_msgs'
[0.577s] INFO:colcon.colcon_core.shell:Skip shell extension 'powershell' for command environment: Not usable outside of PowerShell
[0.577s] DEBUG:colcon.colcon_core.shell:Skip shell extension 'dsv' for command environment
[0.826s] INFO:colcon.colcon_core.task.python.build:Building Python package in '/root/kadai2/ros2_ws/src/mypkg'
[0.827s] INFO:colcon.colcon_core.shell:Skip shell extension 'powershell' for command environment: Not usable outside of PowerShell
[0.827s] DEBUG:colcon.colcon_core.shell:Skip shell extension 'dsv' for command environment
[0.840s] DEBUG:colcon.colcon_core.event_handler.log_command:Invoking command in '/root/kadai2/ros2_ws/build/person_msgs': CMAKE_PREFIX_PATH=/root/kadai2/ros2_ws/install/mypkg:/root/ros2_ws/install/mypkg:/opt/ros/humble /usr/bin/cmake /root/kadai2/ros2_ws/src/person_msgs -DCMAKE_INSTALL_PREFIX=/root/kadai2/ros2_ws/install/person_msgs
[1.211s] DEBUG:colcon.colcon_core.event_handler.log_command:Invoking command in '/root/kadai2/ros2_ws/src/mypkg': PYTHONPATH=/root/kadai2/ros2_ws/install/mypkg/lib/python3.10/site-packages:${PYTHONPATH} /usr/bin/python3 setup.py egg_info --egg-base ../../build/mypkg build --build-base /root/kadai2/ros2_ws/build/mypkg/build install --prefix /root/kadai2/ros2_ws/install/mypkg --record /root/kadai2/ros2_ws/build/mypkg/install.log --single-version-externally-managed
[1.548s] DEBUG:colcon.colcon_core.event_handler.log_command:Invoked command in '/root/kadai2/ros2_ws/src/mypkg' returned '0': PYTHONPATH=/root/kadai2/ros2_ws/install/mypkg/lib/python3.10/site-packages:${PYTHONPATH} /usr/bin/python3 setup.py egg_info --egg-base ../../build/mypkg build --build-base /root/kadai2/ros2_ws/build/mypkg/build install --prefix /root/kadai2/ros2_ws/install/mypkg --record /root/kadai2/ros2_ws/build/mypkg/install.log --single-version-externally-managed
[1.553s] Level 1:colcon.colcon_core.environment:checking '/root/kadai2/ros2_ws/install/mypkg' for CMake module files
[1.553s] Level 1:colcon.colcon_core.environment:checking '/root/kadai2/ros2_ws/install/mypkg' for CMake config files
[1.554s] Level 1:colcon.colcon_core.environment:checking '/root/kadai2/ros2_ws/install/mypkg/lib'
[1.554s] Level 1:colcon.colcon_core.environment:checking '/root/kadai2/ros2_ws/install/mypkg/bin'
[1.554s] Level 1:colcon.colcon_core.environment:checking '/root/kadai2/ros2_ws/install/mypkg/lib/pkgconfig/mypkg.pc'
[1.554s] Level 1:colcon.colcon_core.environment:checking '/root/kadai2/ros2_ws/install/mypkg/lib/python3.10/site-packages'
[1.555s] Level 1:colcon.colcon_core.shell:create_environment_hook('mypkg', 'pythonpath')
[1.556s] INFO:colcon.colcon_core.shell:Creating environment hook '/root/kadai2/ros2_ws/install/mypkg/share/mypkg/hook/pythonpath.ps1'
[1.556s] INFO:colcon.colcon_core.shell:Creating environment descriptor '/root/kadai2/ros2_ws/install/mypkg/share/mypkg/hook/pythonpath.dsv'
[1.557s] INFO:colcon.colcon_core.shell:Creating environment hook '/root/kadai2/ros2_ws/install/mypkg/share/mypkg/hook/pythonpath.sh'
[1.557s] Level 1:colcon.colcon_core.environment:checking '/root/kadai2/ros2_ws/install/mypkg/bin'
[1.557s] Level 1:colcon.colcon_core.environment:create_environment_scripts_only(mypkg)
[1.559s] INFO:colcon.colcon_core.shell:Creating package script '/root/kadai2/ros2_ws/install/mypkg/share/mypkg/package.ps1'
[1.560s] INFO:colcon.colcon_core.shell:Creating package descriptor '/root/kadai2/ros2_ws/install/mypkg/share/mypkg/package.dsv'
[1.560s] INFO:colcon.colcon_core.shell:Creating package script '/root/kadai2/ros2_ws/install/mypkg/share/mypkg/package.sh'
[1.561s] INFO:colcon.colcon_core.shell:Creating package script '/root/kadai2/ros2_ws/install/mypkg/share/mypkg/package.bash'
[1.561s] INFO:colcon.colcon_core.shell:Creating package script '/root/kadai2/ros2_ws/install/mypkg/share/mypkg/package.zsh'
[1.562s] Level 1:colcon.colcon_core.environment:create_file_with_runtime_dependencies(/root/kadai2/ros2_ws/install/mypkg/share/colcon-core/packages/mypkg)
[3.826s] DEBUG:colcon.colcon_core.event_handler.log_command:Invoked command in '/root/kadai2/ros2_ws/build/person_msgs' returned '1': CMAKE_PREFIX_PATH=/root/kadai2/ros2_ws/install/mypkg:/root/ros2_ws/install/mypkg:/opt/ros/humble /usr/bin/cmake /root/kadai2/ros2_ws/src/person_msgs -DCMAKE_INSTALL_PREFIX=/root/kadai2/ros2_ws/install/person_msgs
[3.837s] Level 1:colcon.colcon_core.environment:create_environment_scripts_only(person_msgs)
[3.839s] Level 1:colcon.colcon_core.environment:checking '/root/kadai2/ros2_ws/install/person_msgs' for CMake module files
[3.840s] Level 1:colcon.colcon_core.environment:checking '/root/kadai2/ros2_ws/install/person_msgs' for CMake config files
[3.840s] Level 1:colcon.colcon_core.environment:checking '/root/kadai2/ros2_ws/install/person_msgs/bin'
[3.840s] Level 1:colcon.colcon_core.environment:checking '/root/kadai2/ros2_ws/install/person_msgs/lib/pkgconfig/person_msgs.pc'
[3.840s] Level 1:colcon.colcon_core.environment:checking '/root/kadai2/ros2_ws/install/person_msgs/lib/python3.10/site-packages'
[3.840s] Level 1:colcon.colcon_core.environment:checking '/root/kadai2/ros2_ws/install/person_msgs/bin'
[3.842s] INFO:colcon.colcon_core.shell:Creating package script '/root/kadai2/ros2_ws/install/person_msgs/share/person_msgs/package.ps1'
[3.842s] INFO:colcon.colcon_core.shell:Creating package descriptor '/root/kadai2/ros2_ws/install/person_msgs/share/person_msgs/package.dsv'
[3.843s] INFO:colcon.colcon_core.shell:Creating package script '/root/kadai2/ros2_ws/install/person_msgs/share/person_msgs/package.sh'
[3.843s] INFO:colcon.colcon_core.shell:Creating package script '/root/kadai2/ros2_ws/install/person_msgs/share/person_msgs/package.bash'
[3.843s] INFO:colcon.colcon_core.shell:Creating package script '/root/kadai2/ros2_ws/install/person_msgs/share/person_msgs/package.zsh'
[3.844s] Level 1:colcon.colcon_core.environment:create_file_with_runtime_dependencies(/root/kadai2/ros2_ws/install/person_msgs/share/colcon-core/packages/person_msgs)
[3.854s] DEBUG:colcon.colcon_parallel_executor.executor.parallel:closing loop
[3.855s] DEBUG:colcon.colcon_parallel_executor.executor.parallel:loop closed
[3.855s] DEBUG:colcon.colcon_parallel_executor.executor.parallel:run_until_complete finished with '1'
[3.855s] DEBUG:colcon.colcon_core.event_reactor:joining thread
[3.928s] INFO:colcon.colcon_core.plugin_system:Skipping extension 'colcon_notification.desktop_notification.notify_send': Could not find 'notify-send'
[3.928s] INFO:colcon.colcon_core.plugin_system:Skipping extension 'colcon_notification.desktop_notification.terminal_notifier': Not used on non-Darwin systems
[3.929s] INFO:colcon.colcon_core.plugin_system:Skipping extension 'colcon_notification.desktop_notification.win32': Not used on non-Windows systems
[3.929s] INFO:colcon.colcon_notification.desktop_notification:Sending desktop notification using 'notify2'
[3.929s] DEBUG:colcon.colcon_notification.desktop_notification.notify2:Failed to initialize notify2: org.freedesktop.DBus.Error.NotSupported: Unable to autolaunch a dbus-daemon without a $DISPLAY for X11
[3.929s] DEBUG:colcon.colcon_core.event_reactor:joined thread
[3.930s] INFO:colcon.colcon_core.shell:Creating prefix script '/root/kadai2/ros2_ws/install/local_setup.ps1'
[3.931s] INFO:colcon.colcon_core.shell:Creating prefix util module '/root/kadai2/ros2_ws/install/_local_setup_util_ps1.py'
[3.932s] INFO:colcon.colcon_core.shell:Creating prefix chain script '/root/kadai2/ros2_ws/install/setup.ps1'
[3.934s] INFO:colcon.colcon_core.shell:Creating prefix script '/root/kadai2/ros2_ws/install/local_setup.sh'
[3.934s] INFO:colcon.colcon_core.shell:Creating prefix util module '/root/kadai2/ros2_ws/install/_local_setup_util_sh.py'
[3.935s] INFO:colcon.colcon_core.shell:Creating prefix chain script '/root/kadai2/ros2_ws/install/setup.sh'
[3.936s] INFO:colcon.colcon_core.shell:Creating prefix script '/root/kadai2/ros2_ws/install/local_setup.bash'
[3.936s] INFO:colcon.colcon_core.shell:Creating prefix chain script '/root/kadai2/ros2_ws/install/setup.bash'
[3.937s] INFO:colcon.colcon_core.shell:Creating prefix script '/root/kadai2/ros2_ws/install/local_setup.zsh'
[3.937s] INFO:colcon.colcon_core.shell:Creating prefix chain script '/root/kadai2/ros2_ws/install/setup.zsh'
