[0.692s] Invoking command in '/root/kadai2/ros2_ws/src/mypkg': PYTHONPATH=/root/kadai2/ros2_ws/install/mypkg/lib/python3.10/site-packages:${PYTHONPATH} /usr/bin/python3 setup.py egg_info --egg-base ../../build/mypkg build --build-base /root/kadai2/ros2_ws/build/mypkg/build install --prefix /root/kadai2/ros2_ws/install/mypkg --record /root/kadai2/ros2_ws/build/mypkg/install.log --single-version-externally-managed
[0.942s] running egg_info
[0.942s] writing ../../build/mypkg/mypkg.egg-info/PKG-INFO
[0.943s] writing dependency_links to ../../build/mypkg/mypkg.egg-info/dependency_links.txt
[0.943s] writing entry points to ../../build/mypkg/mypkg.egg-info/entry_points.txt
[0.943s] writing requirements to ../../build/mypkg/mypkg.egg-info/requires.txt
[0.944s] writing top-level names to ../../build/mypkg/mypkg.egg-info/top_level.txt
[0.945s] reading manifest file '../../build/mypkg/mypkg.egg-info/SOURCES.txt'
[0.946s] writing manifest file '../../build/mypkg/mypkg.egg-info/SOURCES.txt'
[0.946s] running build
[0.946s] running build_py
[0.947s] copying mypkg/listener.py -> /root/kadai2/ros2_ws/build/mypkg/build/lib/mypkg
[0.947s] /usr/lib/python3/dist-packages/setuptools/command/install.py:34: SetuptoolsDeprecationWarning: setup.py install is deprecated. Use build and pip and other standards-based tools.
[0.947s]   warnings.warn(
[0.947s] running install
[0.948s] running install_lib
[0.948s] copying /root/kadai2/ros2_ws/build/mypkg/build/lib/mypkg/listener.py -> /root/kadai2/ros2_ws/install/mypkg/lib/python3.10/site-packages/mypkg
[0.949s] byte-compiling /root/kadai2/ros2_ws/install/mypkg/lib/python3.10/site-packages/mypkg/listener.py to listener.cpython-310.pyc
[0.949s] running install_data
[0.950s] running install_egg_info
[0.951s] removing '/root/kadai2/ros2_ws/install/mypkg/lib/python3.10/site-packages/mypkg-0.0.0-py3.10.egg-info' (and everything under it)
[0.952s] Copying ../../build/mypkg/mypkg.egg-info to /root/kadai2/ros2_ws/install/mypkg/lib/python3.10/site-packages/mypkg-0.0.0-py3.10.egg-info
[0.952s] running install_scripts
[0.975s] Installing listener script to /root/kadai2/ros2_ws/install/mypkg/lib/mypkg
[0.975s] Installing talker script to /root/kadai2/ros2_ws/install/mypkg/lib/mypkg
[0.976s] writing list of installed files to '/root/kadai2/ros2_ws/build/mypkg/install.log'
[1.003s] Invoked command in '/root/kadai2/ros2_ws/src/mypkg' returned '0': PYTHONPATH=/root/kadai2/ros2_ws/install/mypkg/lib/python3.10/site-packages:${PYTHONPATH} /usr/bin/python3 setup.py egg_info --egg-base ../../build/mypkg build --build-base /root/kadai2/ros2_ws/build/mypkg/build install --prefix /root/kadai2/ros2_ws/install/mypkg --record /root/kadai2/ros2_ws/build/mypkg/install.log --single-version-externally-managed
