[0.816s] Invoking command in '/root/kadai2/ros2_ws/src/mypkg': PYTHONPATH=/root/kadai2/ros2_ws/install/mypkg/lib/python3.10/site-packages:${PYTHONPATH} /usr/bin/python3 setup.py egg_info --egg-base ../../build/mypkg build --build-base /root/kadai2/ros2_ws/build/mypkg/build install --prefix /root/kadai2/ros2_ws/install/mypkg --record /root/kadai2/ros2_ws/build/mypkg/install.log --single-version-externally-managed
[1.090s] running egg_info
[1.091s] writing ../../build/mypkg/mypkg.egg-info/PKG-INFO
[1.091s] writing dependency_links to ../../build/mypkg/mypkg.egg-info/dependency_links.txt
[1.093s] writing entry points to ../../build/mypkg/mypkg.egg-info/entry_points.txt
[1.094s] writing requirements to ../../build/mypkg/mypkg.egg-info/requires.txt
[1.094s] writing top-level names to ../../build/mypkg/mypkg.egg-info/top_level.txt
[1.097s] reading manifest file '../../build/mypkg/mypkg.egg-info/SOURCES.txt'
[1.098s] writing manifest file '../../build/mypkg/mypkg.egg-info/SOURCES.txt'
[1.098s] running build
[1.098s] running build_py
[1.098s] copying mypkg/listener.py -> /root/kadai2/ros2_ws/build/mypkg/build/lib/mypkg
[1.099s] running install
[1.099s] /usr/lib/python3/dist-packages/setuptools/command/install.py:34: SetuptoolsDeprecationWarning: setup.py install is deprecated. Use build and pip and other standards-based tools.
[1.099s]   warnings.warn(
[1.099s] running install_lib
[1.100s] copying /root/kadai2/ros2_ws/build/mypkg/build/lib/mypkg/listener.py -> /root/kadai2/ros2_ws/install/mypkg/lib/python3.10/site-packages/mypkg
[1.101s] byte-compiling /root/kadai2/ros2_ws/install/mypkg/lib/python3.10/site-packages/mypkg/listener.py to listener.cpython-310.pyc
[1.102s] running install_data
[1.103s] running install_egg_info
[1.105s] removing '/root/kadai2/ros2_ws/install/mypkg/lib/python3.10/site-packages/mypkg-0.0.0-py3.10.egg-info' (and everything under it)
[1.105s] Copying ../../build/mypkg/mypkg.egg-info to /root/kadai2/ros2_ws/install/mypkg/lib/python3.10/site-packages/mypkg-0.0.0-py3.10.egg-info
[1.106s] running install_scripts
[1.130s] Installing listener script to /root/kadai2/ros2_ws/install/mypkg/lib/mypkg
[1.130s] Installing talker script to /root/kadai2/ros2_ws/install/mypkg/lib/mypkg
[1.130s] writing list of installed files to '/root/kadai2/ros2_ws/build/mypkg/install.log'
[1.159s] Invoked command in '/root/kadai2/ros2_ws/src/mypkg' returned '0': PYTHONPATH=/root/kadai2/ros2_ws/install/mypkg/lib/python3.10/site-packages:${PYTHONPATH} /usr/bin/python3 setup.py egg_info --egg-base ../../build/mypkg build --build-base /root/kadai2/ros2_ws/build/mypkg/build install --prefix /root/kadai2/ros2_ws/install/mypkg --record /root/kadai2/ros2_ws/build/mypkg/install.log --single-version-externally-managed
