[0.333s] Invoking command in '/root/kadai2/ros2_ws/build/person_msgs': CMAKE_PREFIX_PATH=/root/kadai2/ros2_ws/install/mypkg:/root/ros2_ws/install/mypkg:/opt/ros/humble /usr/bin/cmake /root/kadai2/ros2_ws/src/person_msgs -DCMAKE_INSTALL_PREFIX=/root/kadai2/ros2_ws/install/person_msgs
[0.342s] -- Found ament_cmake: 1.3.2 (/opt/ros/humble/share/ament_cmake/cmake)
[0.501s] -- Found rosidl_default_generators: 1.2.0 (/opt/ros/humble/share/rosidl_default_generators/cmake)
[0.503s] -- Using all available rosidl_typesupport_c: rosidl_typesupport_fastrtps_c;rosidl_typesupport_introspection_c
[0.505s] -- Found rosidl_adapter: 3.1.3 (/opt/ros/humble/share/rosidl_adapter/cmake)
[0.667s] -- Using all available rosidl_typesupport_cpp: rosidl_typesupport_fastrtps_cpp;rosidl_typesupport_introspection_cpp
[1.060s] -- Found ament_cmake_ros: 0.10.0 (/opt/ros/humble/share/ament_cmake_ros/cmake)
[1.379s] -- Using all available rosidl_typesupport_c: rosidl_typesupport_fastrtps_c;rosidl_typesupport_introspection_c
[1.719s] -- Using all available rosidl_typesupport_cpp: rosidl_typesupport_fastrtps_cpp;rosidl_typesupport_introspection_cpp
[1.970s] -- Found PythonInterp: /usr/bin/python3 (found suitable version "3.10.6", minimum required is "3.6") 
[2.003s] -- Found python_cmake_module: 0.10.0 (/opt/ros/humble/share/python_cmake_module/cmake)
[2.643s] -- Found PythonLibs: /usr/lib/x86_64-linux-gnu/libpython3.10.so (found suitable version "3.10.6", minimum required is "3.5") 
[2.643s] -- Using PYTHON_EXECUTABLE: /usr/bin/python3
[2.643s] -- Using PYTHON_INCLUDE_DIRS: /usr/include/python3.10
[2.643s] -- Using PYTHON_LIBRARIES: /usr/lib/x86_64-linux-gnu/libpython3.10.so
[2.664s] -- Found PythonExtra: .so  
[2.752s] -- Found ament_lint_auto: 0.12.4 (/opt/ros/humble/share/ament_lint_auto/cmake)
[2.798s] -- Added test 'lint_cmake' to check CMake code style
[2.800s] -- Added test 'xmllint' to check XML markup files
[2.805s] -- Configuring done
[2.834s] -- Generating done
[2.836s] -- Build files have been written to: /root/kadai2/ros2_ws/build/person_msgs
[2.845s] Invoked command in '/root/kadai2/ros2_ws/build/person_msgs' returned '0': CMAKE_PREFIX_PATH=/root/kadai2/ros2_ws/install/mypkg:/root/ros2_ws/install/mypkg:/opt/ros/humble /usr/bin/cmake /root/kadai2/ros2_ws/src/person_msgs -DCMAKE_INSTALL_PREFIX=/root/kadai2/ros2_ws/install/person_msgs
[2.846s] Invoking command in '/root/kadai2/ros2_ws/build/person_msgs': CMAKE_PREFIX_PATH=/root/kadai2/ros2_ws/install/mypkg:/root/ros2_ws/install/mypkg:/opt/ros/humble /usr/bin/cmake --build /root/kadai2/ros2_ws/build/person_msgs -- -j8 -l8
[2.879s] [  3%] [34m[1mGenerating C code for ROS interfaces[0m
[2.887s] [  6%] [34m[1mGenerating C++ code for ROS interfaces[0m
[2.896s] [  6%] Built target ament_cmake_python_copy_person_msgs
[3.206s] running egg_info
[3.206s] [  6%] Built target person_msgs__cpp
[3.207s] creating person_msgs.egg-info
[3.207s] writing person_msgs.egg-info/PKG-INFO
[3.207s] writing dependency_links to person_msgs.egg-info/dependency_links.txt
[3.207s] writing top-level names to person_msgs.egg-info/top_level.txt
[3.207s] writing manifest file 'person_msgs.egg-info/SOURCES.txt'
[3.210s] reading manifest file 'person_msgs.egg-info/SOURCES.txt'
[3.210s] writing manifest file 'person_msgs.egg-info/SOURCES.txt'
[3.217s] [  9%] [34m[1mGenerating C++ type support dispatch for ROS interfaces[0m
[3.217s] [ 12%] [34m[1mGenerating C++ introspection for ROS interfaces[0m
[3.217s] [ 16%] [34m[1mGenerating C++ type support for eProsima Fast-RTPS[0m
[3.227s] [ 19%] [32mBuilding C object CMakeFiles/person_msgs__rosidl_generator_c.dir/rosidl_generator_c/person_msgs/msg/detail/person__functions.c.o[0m
[3.251s] [ 19%] Built target ament_cmake_python_build_person_msgs_egg
[3.336s] [ 22%] [32m[1mLinking C shared library libperson_msgs__rosidl_generator_c.so[0m
[3.438s] [ 22%] Built target person_msgs__rosidl_generator_c
[3.448s] [ 25%] [34m[1mGenerating C type support for eProsima Fast-RTPS[0m
[3.450s] [ 29%] [34m[1mGenerating C introspection for ROS interfaces[0m
[3.450s] [ 32%] [34m[1mGenerating C type support dispatch for ROS interfaces[0m
[3.521s] [ 35%] [32mBuilding CXX object CMakeFiles/person_msgs__rosidl_typesupport_introspection_cpp.dir/rosidl_typesupport_introspection_cpp/person_msgs/msg/detail/person__type_support.cpp.o[0m
[3.524s] [ 38%] [32mBuilding CXX object CMakeFiles/person_msgs__rosidl_typesupport_cpp.dir/rosidl_typesupport_cpp/person_msgs/msg/person__type_support.cpp.o[0m
[3.559s] [ 41%] [32mBuilding CXX object CMakeFiles/person_msgs__rosidl_typesupport_fastrtps_cpp.dir/rosidl_typesupport_fastrtps_cpp/person_msgs/msg/detail/dds_fastrtps/person__type_support.cpp.o[0m
[3.758s] [ 45%] [32mBuilding CXX object CMakeFiles/person_msgs__rosidl_typesupport_c.dir/rosidl_typesupport_c/person_msgs/msg/person__type_support.cpp.o[0m
[3.780s] [ 48%] [32mBuilding C object CMakeFiles/person_msgs__rosidl_typesupport_introspection_c.dir/rosidl_typesupport_introspection_c/person_msgs/msg/detail/person__type_support.c.o[0m
[3.799s] [ 51%] [32m[1mLinking CXX shared library libperson_msgs__rosidl_typesupport_c.so[0m
[3.802s] [ 54%] [32mBuilding CXX object CMakeFiles/person_msgs__rosidl_typesupport_fastrtps_c.dir/rosidl_typesupport_fastrtps_c/person_msgs/msg/detail/person__type_support_c.cpp.o[0m
[3.830s] [ 58%] [32m[1mLinking C shared library libperson_msgs__rosidl_typesupport_introspection_c.so[0m
[3.917s] [ 58%] Built target person_msgs__rosidl_typesupport_c
[3.924s] [ 58%] Built target person_msgs__rosidl_typesupport_introspection_c
[3.960s] [ 61%] [32m[1mLinking CXX shared library libperson_msgs__rosidl_typesupport_cpp.so[0m
[4.076s] [ 61%] Built target person_msgs__rosidl_typesupport_cpp
[4.110s] [ 64%] [32m[1mLinking CXX shared library libperson_msgs__rosidl_typesupport_introspection_cpp.so[0m
[4.122s] [ 67%] [32m[1mLinking CXX shared library libperson_msgs__rosidl_typesupport_fastrtps_cpp.so[0m
[4.225s] [ 70%] [32m[1mLinking CXX shared library libperson_msgs__rosidl_typesupport_fastrtps_c.so[0m
[4.278s] [ 70%] Built target person_msgs__rosidl_typesupport_introspection_cpp
[4.291s] [ 70%] Built target person_msgs__rosidl_typesupport_fastrtps_cpp
[4.348s] [ 70%] Built target person_msgs__rosidl_typesupport_fastrtps_c
[4.364s] [ 70%] Built target person_msgs
[4.380s] [ 74%] [34m[1mGenerating Python code for ROS interfaces[0m
[4.801s] [ 74%] Built target person_msgs__py
[4.819s] [ 77%] [32mBuilding C object CMakeFiles/person_msgs__rosidl_generator_py.dir/rosidl_generator_py/person_msgs/msg/_person_s.c.o[0m
[5.022s] [ 80%] [32m[1mLinking C shared library rosidl_generator_py/person_msgs/libperson_msgs__rosidl_generator_py.so[0m
[5.156s] [ 80%] Built target person_msgs__rosidl_generator_py
[5.173s] [ 83%] [32mBuilding C object CMakeFiles/person_msgs__rosidl_typesupport_introspection_c__pyext.dir/rosidl_generator_py/person_msgs/_person_msgs_s.ep.rosidl_typesupport_introspection_c.c.o[0m
[5.174s] [ 87%] [32mBuilding C object CMakeFiles/person_msgs__rosidl_typesupport_fastrtps_c__pyext.dir/rosidl_generator_py/person_msgs/_person_msgs_s.ep.rosidl_typesupport_fastrtps_c.c.o[0m
[5.174s] [ 90%] [32mBuilding C object CMakeFiles/person_msgs__rosidl_typesupport_c__pyext.dir/rosidl_generator_py/person_msgs/_person_msgs_s.ep.rosidl_typesupport_c.c.o[0m
[5.265s] [ 93%] [32m[1mLinking C shared library rosidl_generator_py/person_msgs/person_msgs_s__rosidl_typesupport_fastrtps_c.cpython-310-x86_64-linux-gnu.so[0m
[5.270s] [ 96%] [32m[1mLinking C shared library rosidl_generator_py/person_msgs/person_msgs_s__rosidl_typesupport_introspection_c.cpython-310-x86_64-linux-gnu.so[0m
[5.286s] [100%] [32m[1mLinking C shared library rosidl_generator_py/person_msgs/person_msgs_s__rosidl_typesupport_c.cpython-310-x86_64-linux-gnu.so[0m
[5.387s] [100%] Built target person_msgs__rosidl_typesupport_introspection_c__pyext
[5.394s] [100%] Built target person_msgs__rosidl_typesupport_fastrtps_c__pyext
[5.406s] [100%] Built target person_msgs__rosidl_typesupport_c__pyext
[5.418s] Invoked command in '/root/kadai2/ros2_ws/build/person_msgs' returned '0': CMAKE_PREFIX_PATH=/root/kadai2/ros2_ws/install/mypkg:/root/ros2_ws/install/mypkg:/opt/ros/humble /usr/bin/cmake --build /root/kadai2/ros2_ws/build/person_msgs -- -j8 -l8
[5.479s] Invoking command in '/root/kadai2/ros2_ws/build/person_msgs': CMAKE_PREFIX_PATH=/root/kadai2/ros2_ws/install/mypkg:/root/ros2_ws/install/mypkg:/opt/ros/humble /usr/bin/cmake --install /root/kadai2/ros2_ws/build/person_msgs
[5.484s] -- Install configuration: ""
[5.485s] -- Installing: /root/kadai2/ros2_ws/install/person_msgs/share/ament_index/resource_index/rosidl_interfaces/person_msgs
[5.485s] -- Installing: /root/kadai2/ros2_ws/install/person_msgs/include/person_msgs/person_msgs
[5.485s] -- Installing: /root/kadai2/ros2_ws/install/person_msgs/include/person_msgs/person_msgs/msg
[5.485s] -- Installing: /root/kadai2/ros2_ws/install/person_msgs/include/person_msgs/person_msgs/msg/person.h
[5.485s] -- Installing: /root/kadai2/ros2_ws/install/person_msgs/include/person_msgs/person_msgs/msg/rosidl_generator_c__visibility_control.h
[5.486s] -- Installing: /root/kadai2/ros2_ws/install/person_msgs/include/person_msgs/person_msgs/msg/detail
[5.486s] -- Installing: /root/kadai2/ros2_ws/install/person_msgs/include/person_msgs/person_msgs/msg/detail/person__functions.c
[5.486s] -- Installing: /root/kadai2/ros2_ws/install/person_msgs/include/person_msgs/person_msgs/msg/detail/person__type_support.h
[5.486s] -- Installing: /root/kadai2/ros2_ws/install/person_msgs/include/person_msgs/person_msgs/msg/detail/person__functions.h
[5.486s] -- Installing: /root/kadai2/ros2_ws/install/person_msgs/include/person_msgs/person_msgs/msg/detail/person__struct.h
[5.486s] -- Installing: /root/kadai2/ros2_ws/install/person_msgs/share/person_msgs/environment/library_path.sh
[5.486s] -- Installing: /root/kadai2/ros2_ws/install/person_msgs/share/person_msgs/environment/library_path.dsv
[5.486s] -- Installing: /root/kadai2/ros2_ws/install/person_msgs/lib/libperson_msgs__rosidl_generator_c.so
[5.486s] -- Set runtime path of "/root/kadai2/ros2_ws/install/person_msgs/lib/libperson_msgs__rosidl_generator_c.so" to ""
[5.487s] -- Up-to-date: /root/kadai2/ros2_ws/install/person_msgs/include/person_msgs/person_msgs
[5.487s] -- Up-to-date: /root/kadai2/ros2_ws/install/person_msgs/include/person_msgs/person_msgs/msg
[5.487s] -- Installing: /root/kadai2/ros2_ws/install/person_msgs/include/person_msgs/person_msgs/msg/rosidl_typesupport_fastrtps_c__visibility_control.h
[5.487s] -- Up-to-date: /root/kadai2/ros2_ws/install/person_msgs/include/person_msgs/person_msgs/msg/detail
[5.487s] -- Installing: /root/kadai2/ros2_ws/install/person_msgs/include/person_msgs/person_msgs/msg/detail/person__rosidl_typesupport_fastrtps_c.h
[5.487s] -- Installing: /root/kadai2/ros2_ws/install/person_msgs/lib/libperson_msgs__rosidl_typesupport_fastrtps_c.so
[5.487s] -- Set runtime path of "/root/kadai2/ros2_ws/install/person_msgs/lib/libperson_msgs__rosidl_typesupport_fastrtps_c.so" to ""
[5.487s] -- Up-to-date: /root/kadai2/ros2_ws/install/person_msgs/include/person_msgs/person_msgs
[5.488s] -- Up-to-date: /root/kadai2/ros2_ws/install/person_msgs/include/person_msgs/person_msgs/msg
[5.488s] -- Installing: /root/kadai2/ros2_ws/install/person_msgs/include/person_msgs/person_msgs/msg/rosidl_typesupport_introspection_c__visibility_control.h
[5.488s] -- Up-to-date: /root/kadai2/ros2_ws/install/person_msgs/include/person_msgs/person_msgs/msg/detail
[5.488s] -- Installing: /root/kadai2/ros2_ws/install/person_msgs/include/person_msgs/person_msgs/msg/detail/person__type_support.c
[5.488s] -- Installing: /root/kadai2/ros2_ws/install/person_msgs/include/person_msgs/person_msgs/msg/detail/person__rosidl_typesupport_introspection_c.h
[5.488s] -- Installing: /root/kadai2/ros2_ws/install/person_msgs/lib/libperson_msgs__rosidl_typesupport_introspection_c.so
[5.488s] -- Set runtime path of "/root/kadai2/ros2_ws/install/person_msgs/lib/libperson_msgs__rosidl_typesupport_introspection_c.so" to ""
[5.489s] -- Installing: /root/kadai2/ros2_ws/install/person_msgs/lib/libperson_msgs__rosidl_typesupport_c.so
[5.489s] -- Set runtime path of "/root/kadai2/ros2_ws/install/person_msgs/lib/libperson_msgs__rosidl_typesupport_c.so" to ""
[5.489s] -- Up-to-date: /root/kadai2/ros2_ws/install/person_msgs/include/person_msgs/person_msgs
[5.489s] -- Up-to-date: /root/kadai2/ros2_ws/install/person_msgs/include/person_msgs/person_msgs/msg
[5.489s] -- Installing: /root/kadai2/ros2_ws/install/person_msgs/include/person_msgs/person_msgs/msg/person.hpp
[5.489s] -- Up-to-date: /root/kadai2/ros2_ws/install/person_msgs/include/person_msgs/person_msgs/msg/detail
[5.490s] -- Installing: /root/kadai2/ros2_ws/install/person_msgs/include/person_msgs/person_msgs/msg/detail/person__builder.hpp
[5.490s] -- Installing: /root/kadai2/ros2_ws/install/person_msgs/include/person_msgs/person_msgs/msg/detail/person__traits.hpp
[5.490s] -- Installing: /root/kadai2/ros2_ws/install/person_msgs/include/person_msgs/person_msgs/msg/detail/person__struct.hpp
[5.490s] -- Up-to-date: /root/kadai2/ros2_ws/install/person_msgs/include/person_msgs/person_msgs
[5.490s] -- Up-to-date: /root/kadai2/ros2_ws/install/person_msgs/include/person_msgs/person_msgs/msg
[5.490s] -- Installing: /root/kadai2/ros2_ws/install/person_msgs/include/person_msgs/person_msgs/msg/rosidl_typesupport_fastrtps_cpp__visibility_control.h
[5.490s] -- Up-to-date: /root/kadai2/ros2_ws/install/person_msgs/include/person_msgs/person_msgs/msg/detail
[5.490s] -- Installing: /root/kadai2/ros2_ws/install/person_msgs/include/person_msgs/person_msgs/msg/detail/dds_fastrtps
[5.490s] -- Installing: /root/kadai2/ros2_ws/install/person_msgs/include/person_msgs/person_msgs/msg/detail/person__rosidl_typesupport_fastrtps_cpp.hpp
[5.490s] -- Installing: /root/kadai2/ros2_ws/install/person_msgs/lib/libperson_msgs__rosidl_typesupport_fastrtps_cpp.so
[5.490s] -- Set runtime path of "/root/kadai2/ros2_ws/install/person_msgs/lib/libperson_msgs__rosidl_typesupport_fastrtps_cpp.so" to ""
[5.491s] -- Up-to-date: /root/kadai2/ros2_ws/install/person_msgs/include/person_msgs/person_msgs
[5.491s] -- Up-to-date: /root/kadai2/ros2_ws/install/person_msgs/include/person_msgs/person_msgs/msg
[5.491s] -- Up-to-date: /root/kadai2/ros2_ws/install/person_msgs/include/person_msgs/person_msgs/msg/detail
[5.491s] -- Installing: /root/kadai2/ros2_ws/install/person_msgs/include/person_msgs/person_msgs/msg/detail/person__rosidl_typesupport_introspection_cpp.hpp
[5.491s] -- Installing: /root/kadai2/ros2_ws/install/person_msgs/include/person_msgs/person_msgs/msg/detail/person__type_support.cpp
[5.491s] -- Installing: /root/kadai2/ros2_ws/install/person_msgs/lib/libperson_msgs__rosidl_typesupport_introspection_cpp.so
[5.491s] -- Set runtime path of "/root/kadai2/ros2_ws/install/person_msgs/lib/libperson_msgs__rosidl_typesupport_introspection_cpp.so" to ""
[5.491s] -- Installing: /root/kadai2/ros2_ws/install/person_msgs/lib/libperson_msgs__rosidl_typesupport_cpp.so
[5.491s] -- Set runtime path of "/root/kadai2/ros2_ws/install/person_msgs/lib/libperson_msgs__rosidl_typesupport_cpp.so" to ""
[5.491s] -- Installing: /root/kadai2/ros2_ws/install/person_msgs/share/person_msgs/environment/pythonpath.sh
[5.492s] -- Installing: /root/kadai2/ros2_ws/install/person_msgs/share/person_msgs/environment/pythonpath.dsv
[5.492s] -- Installing: /root/kadai2/ros2_ws/install/person_msgs/local/lib/python3.10/dist-packages/person_msgs-0.0.0-py3.10.egg-info
[5.492s] -- Installing: /root/kadai2/ros2_ws/install/person_msgs/local/lib/python3.10/dist-packages/person_msgs-0.0.0-py3.10.egg-info/top_level.txt
[5.492s] -- Installing: /root/kadai2/ros2_ws/install/person_msgs/local/lib/python3.10/dist-packages/person_msgs-0.0.0-py3.10.egg-info/dependency_links.txt
[5.492s] -- Installing: /root/kadai2/ros2_ws/install/person_msgs/local/lib/python3.10/dist-packages/person_msgs-0.0.0-py3.10.egg-info/SOURCES.txt
[5.492s] -- Installing: /root/kadai2/ros2_ws/install/person_msgs/local/lib/python3.10/dist-packages/person_msgs-0.0.0-py3.10.egg-info/PKG-INFO
[5.492s] -- Installing: /root/kadai2/ros2_ws/install/person_msgs/local/lib/python3.10/dist-packages/person_msgs
[5.492s] -- Installing: /root/kadai2/ros2_ws/install/person_msgs/local/lib/python3.10/dist-packages/person_msgs/libperson_msgs__rosidl_generator_py.so
[5.492s] -- Installing: /root/kadai2/ros2_ws/install/person_msgs/local/lib/python3.10/dist-packages/person_msgs/_person_msgs_s.ep.rosidl_typesupport_introspection_c.c
[5.492s] -- Installing: /root/kadai2/ros2_ws/install/person_msgs/local/lib/python3.10/dist-packages/person_msgs/_person_msgs_s.ep.rosidl_typesupport_c.c
[5.493s] -- Installing: /root/kadai2/ros2_ws/install/person_msgs/local/lib/python3.10/dist-packages/person_msgs/person_msgs_s__rosidl_typesupport_fastrtps_c.cpython-310-x86_64-linux-gnu.so
[5.493s] -- Installing: /root/kadai2/ros2_ws/install/person_msgs/local/lib/python3.10/dist-packages/person_msgs/msg
[5.493s] -- Installing: /root/kadai2/ros2_ws/install/person_msgs/local/lib/python3.10/dist-packages/person_msgs/msg/_person.py
[5.493s] -- Installing: /root/kadai2/ros2_ws/install/person_msgs/local/lib/python3.10/dist-packages/person_msgs/msg/_person_s.c
[5.493s] -- Installing: /root/kadai2/ros2_ws/install/person_msgs/local/lib/python3.10/dist-packages/person_msgs/msg/__init__.py
[5.493s] -- Installing: /root/kadai2/ros2_ws/install/person_msgs/local/lib/python3.10/dist-packages/person_msgs/person_msgs_s__rosidl_typesupport_introspection_c.cpython-310-x86_64-linux-gnu.so
[5.493s] -- Installing: /root/kadai2/ros2_ws/install/person_msgs/local/lib/python3.10/dist-packages/person_msgs/person_msgs_s__rosidl_typesupport_c.cpython-310-x86_64-linux-gnu.so
[5.493s] -- Installing: /root/kadai2/ros2_ws/install/person_msgs/local/lib/python3.10/dist-packages/person_msgs/_person_msgs_s.ep.rosidl_typesupport_fastrtps_c.c
[5.493s] -- Installing: /root/kadai2/ros2_ws/install/person_msgs/local/lib/python3.10/dist-packages/person_msgs/__init__.py
[5.529s] Listing '/root/kadai2/ros2_ws/install/person_msgs/local/lib/python3.10/dist-packages/person_msgs'...
[5.529s] Compiling '/root/kadai2/ros2_ws/install/person_msgs/local/lib/python3.10/dist-packages/person_msgs/__init__.py'...
[5.529s] Listing '/root/kadai2/ros2_ws/install/person_msgs/local/lib/python3.10/dist-packages/person_msgs/msg'...
[5.529s] Compiling '/root/kadai2/ros2_ws/install/person_msgs/local/lib/python3.10/dist-packages/person_msgs/msg/__init__.py'...
[5.529s] Compiling '/root/kadai2/ros2_ws/install/person_msgs/local/lib/python3.10/dist-packages/person_msgs/msg/_person.py'...
[5.534s] -- Installing: /root/kadai2/ros2_ws/install/person_msgs/local/lib/python3.10/dist-packages/person_msgs/person_msgs_s__rosidl_typesupport_fastrtps_c.cpython-310-x86_64-linux-gnu.so
[5.535s] -- Set runtime path of "/root/kadai2/ros2_ws/install/person_msgs/local/lib/python3.10/dist-packages/person_msgs/person_msgs_s__rosidl_typesupport_fastrtps_c.cpython-310-x86_64-linux-gnu.so" to ""
[5.535s] -- Installing: /root/kadai2/ros2_ws/install/person_msgs/local/lib/python3.10/dist-packages/person_msgs/person_msgs_s__rosidl_typesupport_introspection_c.cpython-310-x86_64-linux-gnu.so
[5.535s] -- Set runtime path of "/root/kadai2/ros2_ws/install/person_msgs/local/lib/python3.10/dist-packages/person_msgs/person_msgs_s__rosidl_typesupport_introspection_c.cpython-310-x86_64-linux-gnu.so" to ""
[5.535s] -- Installing: /root/kadai2/ros2_ws/install/person_msgs/local/lib/python3.10/dist-packages/person_msgs/person_msgs_s__rosidl_typesupport_c.cpython-310-x86_64-linux-gnu.so
[5.535s] -- Set runtime path of "/root/kadai2/ros2_ws/install/person_msgs/local/lib/python3.10/dist-packages/person_msgs/person_msgs_s__rosidl_typesupport_c.cpython-310-x86_64-linux-gnu.so" to ""
[5.536s] -- Installing: /root/kadai2/ros2_ws/install/person_msgs/lib/libperson_msgs__rosidl_generator_py.so
[5.536s] -- Set runtime path of "/root/kadai2/ros2_ws/install/person_msgs/lib/libperson_msgs__rosidl_generator_py.so" to ""
[5.536s] -- Installing: /root/kadai2/ros2_ws/install/person_msgs/share/person_msgs/msg/Person.idl
[5.536s] -- Installing: /root/kadai2/ros2_ws/install/person_msgs/share/person_msgs/msg/Person.msg
[5.536s] -- Installing: /root/kadai2/ros2_ws/install/person_msgs/share/ament_index/resource_index/package_run_dependencies/person_msgs
[5.537s] -- Installing: /root/kadai2/ros2_ws/install/person_msgs/share/ament_index/resource_index/parent_prefix_path/person_msgs
[5.537s] -- Installing: /root/kadai2/ros2_ws/install/person_msgs/share/person_msgs/environment/ament_prefix_path.sh
[5.537s] -- Installing: /root/kadai2/ros2_ws/install/person_msgs/share/person_msgs/environment/ament_prefix_path.dsv
[5.537s] -- Installing: /root/kadai2/ros2_ws/install/person_msgs/share/person_msgs/environment/path.sh
[5.538s] -- Installing: /root/kadai2/ros2_ws/install/person_msgs/share/person_msgs/environment/path.dsv
[5.538s] -- Installing: /root/kadai2/ros2_ws/install/person_msgs/share/person_msgs/local_setup.bash
[5.538s] -- Installing: /root/kadai2/ros2_ws/install/person_msgs/share/person_msgs/local_setup.sh
[5.538s] -- Installing: /root/kadai2/ros2_ws/install/person_msgs/share/person_msgs/local_setup.zsh
[5.538s] -- Installing: /root/kadai2/ros2_ws/install/person_msgs/share/person_msgs/local_setup.dsv
[5.539s] -- Installing: /root/kadai2/ros2_ws/install/person_msgs/share/person_msgs/package.dsv
[5.539s] -- Installing: /root/kadai2/ros2_ws/install/person_msgs/share/ament_index/resource_index/packages/person_msgs
[5.539s] -- Installing: /root/kadai2/ros2_ws/install/person_msgs/share/person_msgs/cmake/export_person_msgs__rosidl_generator_cExport.cmake
[5.539s] -- Installing: /root/kadai2/ros2_ws/install/person_msgs/share/person_msgs/cmake/export_person_msgs__rosidl_generator_cExport-noconfig.cmake
[5.539s] -- Installing: /root/kadai2/ros2_ws/install/person_msgs/share/person_msgs/cmake/export_person_msgs__rosidl_typesupport_fastrtps_cExport.cmake
[5.539s] -- Installing: /root/kadai2/ros2_ws/install/person_msgs/share/person_msgs/cmake/export_person_msgs__rosidl_typesupport_fastrtps_cExport-noconfig.cmake
[5.540s] -- Installing: /root/kadai2/ros2_ws/install/person_msgs/share/person_msgs/cmake/person_msgs__rosidl_typesupport_introspection_cExport.cmake
[5.540s] -- Installing: /root/kadai2/ros2_ws/install/person_msgs/share/person_msgs/cmake/person_msgs__rosidl_typesupport_introspection_cExport-noconfig.cmake
[5.540s] -- Installing: /root/kadai2/ros2_ws/install/person_msgs/share/person_msgs/cmake/person_msgs__rosidl_typesupport_cExport.cmake
[5.540s] -- Installing: /root/kadai2/ros2_ws/install/person_msgs/share/person_msgs/cmake/person_msgs__rosidl_typesupport_cExport-noconfig.cmake
[5.541s] -- Installing: /root/kadai2/ros2_ws/install/person_msgs/share/person_msgs/cmake/export_person_msgs__rosidl_generator_cppExport.cmake
[5.541s] -- Installing: /root/kadai2/ros2_ws/install/person_msgs/share/person_msgs/cmake/export_person_msgs__rosidl_typesupport_fastrtps_cppExport.cmake
[5.541s] -- Installing: /root/kadai2/ros2_ws/install/person_msgs/share/person_msgs/cmake/export_person_msgs__rosidl_typesupport_fastrtps_cppExport-noconfig.cmake
[5.541s] -- Installing: /root/kadai2/ros2_ws/install/person_msgs/share/person_msgs/cmake/person_msgs__rosidl_typesupport_introspection_cppExport.cmake
[5.541s] -- Installing: /root/kadai2/ros2_ws/install/person_msgs/share/person_msgs/cmake/person_msgs__rosidl_typesupport_introspection_cppExport-noconfig.cmake
[5.542s] -- Installing: /root/kadai2/ros2_ws/install/person_msgs/share/person_msgs/cmake/person_msgs__rosidl_typesupport_cppExport.cmake
[5.542s] -- Installing: /root/kadai2/ros2_ws/install/person_msgs/share/person_msgs/cmake/person_msgs__rosidl_typesupport_cppExport-noconfig.cmake
[5.542s] -- Installing: /root/kadai2/ros2_ws/install/person_msgs/share/person_msgs/cmake/export_person_msgs__rosidl_generator_pyExport.cmake
[5.543s] -- Installing: /root/kadai2/ros2_ws/install/person_msgs/share/person_msgs/cmake/export_person_msgs__rosidl_generator_pyExport-noconfig.cmake
[5.543s] -- Installing: /root/kadai2/ros2_ws/install/person_msgs/share/person_msgs/cmake/rosidl_cmake-extras.cmake
[5.543s] -- Installing: /root/kadai2/ros2_ws/install/person_msgs/share/person_msgs/cmake/ament_cmake_export_include_directories-extras.cmake
[5.543s] -- Installing: /root/kadai2/ros2_ws/install/person_msgs/share/person_msgs/cmake/ament_cmake_export_libraries-extras.cmake
[5.543s] -- Installing: /root/kadai2/ros2_ws/install/person_msgs/share/person_msgs/cmake/ament_cmake_export_targets-extras.cmake
[5.543s] -- Installing: /root/kadai2/ros2_ws/install/person_msgs/share/person_msgs/cmake/rosidl_cmake_export_typesupport_targets-extras.cmake
[5.543s] -- Installing: /root/kadai2/ros2_ws/install/person_msgs/share/person_msgs/cmake/ament_cmake_export_dependencies-extras.cmake
[5.543s] -- Installing: /root/kadai2/ros2_ws/install/person_msgs/share/person_msgs/cmake/rosidl_cmake_export_typesupport_libraries-extras.cmake
[5.543s] -- Installing: /root/kadai2/ros2_ws/install/person_msgs/share/person_msgs/cmake/person_msgsConfig.cmake
[5.543s] -- Installing: /root/kadai2/ros2_ws/install/person_msgs/share/person_msgs/cmake/person_msgsConfig-version.cmake
[5.543s] -- Installing: /root/kadai2/ros2_ws/install/person_msgs/share/person_msgs/package.xml
[5.549s] Invoked command in '/root/kadai2/ros2_ws/build/person_msgs' returned '0': CMAKE_PREFIX_PATH=/root/kadai2/ros2_ws/install/mypkg:/root/ros2_ws/install/mypkg:/opt/ros/humble /usr/bin/cmake --install /root/kadai2/ros2_ws/build/person_msgs
