[0.628s] Invoking command in '/root/kadai2/ros2_ws/src/mypkg': PYTHONPATH=/root/kadai2/ros2_ws/install/mypkg/lib/python3.10/site-packages:${PYTHONPATH} /usr/bin/python3 setup.py egg_info --egg-base ../../build/mypkg build --build-base /root/kadai2/ros2_ws/build/mypkg/build install --prefix /root/kadai2/ros2_ws/install/mypkg --record /root/kadai2/ros2_ws/build/mypkg/install.log --single-version-externally-managed
[0.856s] running egg_info
[0.856s] writing ../../build/mypkg/mypkg.egg-info/PKG-INFO
[0.857s] writing dependency_links to ../../build/mypkg/mypkg.egg-info/dependency_links.txt
[0.857s] writing entry points to ../../build/mypkg/mypkg.egg-info/entry_points.txt
[0.857s] writing requirements to ../../build/mypkg/mypkg.egg-info/requires.txt
[0.857s] writing top-level names to ../../build/mypkg/mypkg.egg-info/top_level.txt
[0.859s] reading manifest file '../../build/mypkg/mypkg.egg-info/SOURCES.txt'
[0.859s] writing manifest file '../../build/mypkg/mypkg.egg-info/SOURCES.txt'
[0.859s] running build
[0.860s] running build_py
[0.860s] running install
[0.860s] /usr/lib/python3/dist-packages/setuptools/command/install.py:34: SetuptoolsDeprecationWarning: setup.py install is deprecated. Use build and pip and other standards-based tools.
[0.860s]   warnings.warn(
[0.861s] running install_lib
[0.862s] running install_data
[0.862s] copying launch/talk_listen.launch.py -> /root/kadai2/ros2_ws/install/mypkg/share/mypkg
[0.863s] running install_egg_info
[0.864s] removing '/root/kadai2/ros2_ws/install/mypkg/lib/python3.10/site-packages/mypkg-0.0.0-py3.10.egg-info' (and everything under it)
[0.864s] Copying ../../build/mypkg/mypkg.egg-info to /root/kadai2/ros2_ws/install/mypkg/lib/python3.10/site-packages/mypkg-0.0.0-py3.10.egg-info
[0.865s] running install_scripts
[0.887s] Installing listener script to /root/kadai2/ros2_ws/install/mypkg/lib/mypkg
[0.887s] Installing talker script to /root/kadai2/ros2_ws/install/mypkg/lib/mypkg
[0.887s] writing list of installed files to '/root/kadai2/ros2_ws/build/mypkg/install.log'
[0.918s] Invoked command in '/root/kadai2/ros2_ws/src/mypkg' returned '0': PYTHONPATH=/root/kadai2/ros2_ws/install/mypkg/lib/python3.10/site-packages:${PYTHONPATH} /usr/bin/python3 setup.py egg_info --egg-base ../../build/mypkg build --build-base /root/kadai2/ros2_ws/build/mypkg/build install --prefix /root/kadai2/ros2_ws/install/mypkg --record /root/kadai2/ros2_ws/build/mypkg/install.log --single-version-externally-managed
