[0.262s] Invoking command in '/root/kadai2/ros2_ws/build/person_msgs': CMAKE_PREFIX_PATH=/root/kadai2/ros2_ws/install/mypkg:/root/ros2_ws/install/mypkg:/opt/ros/humble /usr/bin/cmake /root/kadai2/ros2_ws/src/person_msgs -DCMAKE_INSTALL_PREFIX=/root/kadai2/ros2_ws/install/person_msgs
[0.637s] -- The C compiler identification is GNU 11.3.0
[1.391s] -- The CXX compiler identification is GNU 11.3.0
[1.945s] -- Detecting C compiler ABI info
[2.150s] -- Detecting C compiler ABI info - done
[2.158s] -- Check for working C compiler: /usr/bin/cc - skipped
[2.188s] -- Detecting C compile features
[2.190s] -- Detecting C compile features - done
[2.198s] -- Detecting CXX compiler ABI info
[2.405s] -- Detecting CXX compiler ABI info - done
[2.412s] -- Check for working CXX compiler: /usr/bin/c++ - skipped
[2.412s] -- Detecting CXX compile features
[2.413s] -- Detecting CXX compile features - done
[2.454s] -- Found ament_cmake: 1.3.2 (/opt/ros/humble/share/ament_cmake/cmake)
[2.645s] -- Found Python3: /usr/bin/python3.10 (found version "3.10.6") found components: Interpreter 
[2.798s] -- Found rosidl_default_generators: 1.2.0 (/opt/ros/humble/share/rosidl_default_generators/cmake)
[2.808s] -- Using all available rosidl_typesupport_c: rosidl_typesupport_fastrtps_c;rosidl_typesupport_introspection_c
[2.824s] -- Found rosidl_adapter: 3.1.3 (/opt/ros/humble/share/rosidl_adapter/cmake)
[3.173s] -- Using all available rosidl_typesupport_cpp: rosidl_typesupport_fastrtps_cpp;rosidl_typesupport_introspection_cpp
[3.240s] [31mCMake Error at /opt/ros/humble/share/rosidl_cmake/cmake/rosidl_generate_interfaces.cmake:93 (message):
[3.241s]   rosidl_generate_interfaces() the passed file 'msg/Person.msg' doesn't exist
[3.241s]   relative to the CMAKE_CURRENT_SOURCE_DIR
[3.241s]   '/root/kadai2/ros2_ws/src/person_msgs'
[3.241s] Call Stack (most recent call first):
[3.241s]   CMakeLists.txt:11 (rosidl_generate_interfaces)
[3.241s] 
[3.241s] [0m
[3.241s] -- Configuring incomplete, errors occurred!
[3.241s] See also "/root/kadai2/ros2_ws/build/person_msgs/CMakeFiles/CMakeOutput.log".
[3.248s] Invoked command in '/root/kadai2/ros2_ws/build/person_msgs' returned '1': CMAKE_PREFIX_PATH=/root/kadai2/ros2_ws/install/mypkg:/root/ros2_ws/install/mypkg:/opt/ros/humble /usr/bin/cmake /root/kadai2/ros2_ws/src/person_msgs -DCMAKE_INSTALL_PREFIX=/root/kadai2/ros2_ws/install/person_msgs
