[0.284s] Invoking command in '/root/kadai2/ros2_ws/build/person_msgs': CMAKE_PREFIX_PATH=${CMAKE_PREFIX_PATH}:/root/kadai2/ros2_ws/install/mypkg:/root/ros2_ws/install/mypkg:/opt/ros/humble /usr/bin/cmake --build /root/kadai2/ros2_ws/build/person_msgs -- -j8 -l8
[0.337s] [ 12%] Built target person_msgs__rosidl_generator_c
[0.337s] [ 12%] Built target person_msgs__cpp
[0.346s] [ 12%] Built target ament_cmake_python_copy_person_msgs
[0.361s] [ 22%] Built target person_msgs__rosidl_typesupport_c
[0.361s] [ 32%] Built target person_msgs__rosidl_typesupport_introspection_cpp
[0.362s] [ 41%] Built target person_msgs__rosidl_typesupport_fastrtps_c
[0.369s] [ 51%] Built target person_msgs__rosidl_typesupport_fastrtps_cpp
[0.369s] [ 70%] Built target person_msgs__rosidl_typesupport_cpp
[0.369s] [ 70%] Built target person_msgs__rosidl_typesupport_introspection_c
[0.387s] [ 70%] Built target person_msgs
[0.408s] [ 74%] Built target person_msgs__py
[0.430s] [ 80%] Built target person_msgs__rosidl_generator_py
[0.451s] [ 93%] Built target person_msgs__rosidl_typesupport_fastrtps_c__pyext
[0.451s] [ 93%] Built target person_msgs__rosidl_typesupport_introspection_c__pyext
[0.453s] [100%] Built target person_msgs__rosidl_typesupport_c__pyext
[0.608s] running egg_info
[0.609s] writing person_msgs.egg-info/PKG-INFO
[0.610s] writing dependency_links to person_msgs.egg-info/dependency_links.txt
[0.610s] writing top-level names to person_msgs.egg-info/top_level.txt
[0.612s] reading manifest file 'person_msgs.egg-info/SOURCES.txt'
[0.613s] writing manifest file 'person_msgs.egg-info/SOURCES.txt'
[0.640s] [100%] Built target ament_cmake_python_build_person_msgs_egg
[0.651s] Invoked command in '/root/kadai2/ros2_ws/build/person_msgs' returned '0': CMAKE_PREFIX_PATH=${CMAKE_PREFIX_PATH}:/root/kadai2/ros2_ws/install/mypkg:/root/ros2_ws/install/mypkg:/opt/ros/humble /usr/bin/cmake --build /root/kadai2/ros2_ws/build/person_msgs -- -j8 -l8
[0.743s] Invoking command in '/root/kadai2/ros2_ws/build/person_msgs': CMAKE_PREFIX_PATH=${CMAKE_PREFIX_PATH}:/root/kadai2/ros2_ws/install/mypkg:/root/ros2_ws/install/mypkg:/opt/ros/humble /usr/bin/cmake --install /root/kadai2/ros2_ws/build/person_msgs
[0.750s] -- Install configuration: ""
[0.751s] -- Up-to-date: /root/kadai2/ros2_ws/install/person_msgs/share/ament_index/resource_index/rosidl_interfaces/person_msgs
[0.751s] -- Up-to-date: /root/kadai2/ros2_ws/install/person_msgs/include/person_msgs/person_msgs
[0.751s] -- Up-to-date: /root/kadai2/ros2_ws/install/person_msgs/include/person_msgs/person_msgs/msg
[0.751s] -- Up-to-date: /root/kadai2/ros2_ws/install/person_msgs/include/person_msgs/person_msgs/msg/person.h
[0.751s] -- Up-to-date: /root/kadai2/ros2_ws/install/person_msgs/include/person_msgs/person_msgs/msg/rosidl_generator_c__visibility_control.h
[0.752s] -- Up-to-date: /root/kadai2/ros2_ws/install/person_msgs/include/person_msgs/person_msgs/msg/detail
[0.752s] -- Up-to-date: /root/kadai2/ros2_ws/install/person_msgs/include/person_msgs/person_msgs/msg/detail/person__functions.c
[0.752s] -- Up-to-date: /root/kadai2/ros2_ws/install/person_msgs/include/person_msgs/person_msgs/msg/detail/person__type_support.h
[0.752s] -- Up-to-date: /root/kadai2/ros2_ws/install/person_msgs/include/person_msgs/person_msgs/msg/detail/person__functions.h
[0.752s] -- Up-to-date: /root/kadai2/ros2_ws/install/person_msgs/include/person_msgs/person_msgs/msg/detail/person__struct.h
[0.752s] -- Up-to-date: /root/kadai2/ros2_ws/install/person_msgs/share/person_msgs/environment/library_path.sh
[0.753s] -- Up-to-date: /root/kadai2/ros2_ws/install/person_msgs/share/person_msgs/environment/library_path.dsv
[0.753s] -- Up-to-date: /root/kadai2/ros2_ws/install/person_msgs/lib/libperson_msgs__rosidl_generator_c.so
[0.753s] -- Up-to-date: /root/kadai2/ros2_ws/install/person_msgs/include/person_msgs/person_msgs
[0.754s] -- Up-to-date: /root/kadai2/ros2_ws/install/person_msgs/include/person_msgs/person_msgs/msg
[0.754s] -- Up-to-date: /root/kadai2/ros2_ws/install/person_msgs/include/person_msgs/person_msgs/msg/rosidl_typesupport_fastrtps_c__visibility_control.h
[0.754s] -- Up-to-date: /root/kadai2/ros2_ws/install/person_msgs/include/person_msgs/person_msgs/msg/detail
[0.755s] -- Up-to-date: /root/kadai2/ros2_ws/install/person_msgs/include/person_msgs/person_msgs/msg/detail/person__rosidl_typesupport_fastrtps_c.h
[0.755s] -- Up-to-date: /root/kadai2/ros2_ws/install/person_msgs/lib/libperson_msgs__rosidl_typesupport_fastrtps_c.so
[0.755s] -- Up-to-date: /root/kadai2/ros2_ws/install/person_msgs/include/person_msgs/person_msgs
[0.755s] -- Up-to-date: /root/kadai2/ros2_ws/install/person_msgs/include/person_msgs/person_msgs/msg
[0.756s] -- Up-to-date: /root/kadai2/ros2_ws/install/person_msgs/include/person_msgs/person_msgs/msg/rosidl_typesupport_introspection_c__visibility_control.h
[0.756s] -- Up-to-date: /root/kadai2/ros2_ws/install/person_msgs/include/person_msgs/person_msgs/msg/detail
[0.756s] -- Up-to-date: /root/kadai2/ros2_ws/install/person_msgs/include/person_msgs/person_msgs/msg/detail/person__type_support.c
[0.757s] -- Up-to-date: /root/kadai2/ros2_ws/install/person_msgs/include/person_msgs/person_msgs/msg/detail/person__rosidl_typesupport_introspection_c.h
[0.757s] -- Up-to-date: /root/kadai2/ros2_ws/install/person_msgs/lib/libperson_msgs__rosidl_typesupport_introspection_c.so
[0.757s] -- Up-to-date: /root/kadai2/ros2_ws/install/person_msgs/lib/libperson_msgs__rosidl_typesupport_c.so
[0.757s] -- Up-to-date: /root/kadai2/ros2_ws/install/person_msgs/include/person_msgs/person_msgs
[0.758s] -- Up-to-date: /root/kadai2/ros2_ws/install/person_msgs/include/person_msgs/person_msgs/msg
[0.758s] -- Up-to-date: /root/kadai2/ros2_ws/install/person_msgs/include/person_msgs/person_msgs/msg/person.hpp
[0.758s] -- Up-to-date: /root/kadai2/ros2_ws/install/person_msgs/include/person_msgs/person_msgs/msg/detail
[0.758s] -- Up-to-date: /root/kadai2/ros2_ws/install/person_msgs/include/person_msgs/person_msgs/msg/detail/person__builder.hpp
[0.759s] -- Up-to-date: /root/kadai2/ros2_ws/install/person_msgs/include/person_msgs/person_msgs/msg/detail/person__traits.hpp
[0.759s] -- Up-to-date: /root/kadai2/ros2_ws/install/person_msgs/include/person_msgs/person_msgs/msg/detail/person__struct.hpp
[0.759s] -- Up-to-date: /root/kadai2/ros2_ws/install/person_msgs/include/person_msgs/person_msgs
[0.759s] -- Up-to-date: /root/kadai2/ros2_ws/install/person_msgs/include/person_msgs/person_msgs/msg
[0.759s] -- Up-to-date: /root/kadai2/ros2_ws/install/person_msgs/include/person_msgs/person_msgs/msg/rosidl_typesupport_fastrtps_cpp__visibility_control.h
[0.759s] -- Up-to-date: /root/kadai2/ros2_ws/install/person_msgs/include/person_msgs/person_msgs/msg/detail
[0.759s] -- Up-to-date: /root/kadai2/ros2_ws/install/person_msgs/include/person_msgs/person_msgs/msg/detail/dds_fastrtps
[0.760s] -- Up-to-date: /root/kadai2/ros2_ws/install/person_msgs/include/person_msgs/person_msgs/msg/detail/person__rosidl_typesupport_fastrtps_cpp.hpp
[0.760s] -- Up-to-date: /root/kadai2/ros2_ws/install/person_msgs/lib/libperson_msgs__rosidl_typesupport_fastrtps_cpp.so
[0.760s] -- Up-to-date: /root/kadai2/ros2_ws/install/person_msgs/include/person_msgs/person_msgs
[0.760s] -- Up-to-date: /root/kadai2/ros2_ws/install/person_msgs/include/person_msgs/person_msgs/msg
[0.760s] -- Up-to-date: /root/kadai2/ros2_ws/install/person_msgs/include/person_msgs/person_msgs/msg/detail
[0.760s] -- Up-to-date: /root/kadai2/ros2_ws/install/person_msgs/include/person_msgs/person_msgs/msg/detail/person__rosidl_typesupport_introspection_cpp.hpp
[0.760s] -- Up-to-date: /root/kadai2/ros2_ws/install/person_msgs/include/person_msgs/person_msgs/msg/detail/person__type_support.cpp
[0.760s] -- Up-to-date: /root/kadai2/ros2_ws/install/person_msgs/lib/libperson_msgs__rosidl_typesupport_introspection_cpp.so
[0.761s] -- Up-to-date: /root/kadai2/ros2_ws/install/person_msgs/lib/libperson_msgs__rosidl_typesupport_cpp.so
[0.761s] -- Up-to-date: /root/kadai2/ros2_ws/install/person_msgs/share/person_msgs/environment/pythonpath.sh
[0.761s] -- Up-to-date: /root/kadai2/ros2_ws/install/person_msgs/share/person_msgs/environment/pythonpath.dsv
[0.761s] -- Up-to-date: /root/kadai2/ros2_ws/install/person_msgs/local/lib/python3.10/dist-packages/person_msgs-0.0.0-py3.10.egg-info
[0.761s] -- Installing: /root/kadai2/ros2_ws/install/person_msgs/local/lib/python3.10/dist-packages/person_msgs-0.0.0-py3.10.egg-info/top_level.txt
[0.761s] -- Installing: /root/kadai2/ros2_ws/install/person_msgs/local/lib/python3.10/dist-packages/person_msgs-0.0.0-py3.10.egg-info/dependency_links.txt
[0.761s] -- Installing: /root/kadai2/ros2_ws/install/person_msgs/local/lib/python3.10/dist-packages/person_msgs-0.0.0-py3.10.egg-info/SOURCES.txt
[0.761s] -- Installing: /root/kadai2/ros2_ws/install/person_msgs/local/lib/python3.10/dist-packages/person_msgs-0.0.0-py3.10.egg-info/PKG-INFO
[0.762s] -- Up-to-date: /root/kadai2/ros2_ws/install/person_msgs/local/lib/python3.10/dist-packages/person_msgs
[0.762s] -- Up-to-date: /root/kadai2/ros2_ws/install/person_msgs/local/lib/python3.10/dist-packages/person_msgs/libperson_msgs__rosidl_generator_py.so
[0.762s] -- Up-to-date: /root/kadai2/ros2_ws/install/person_msgs/local/lib/python3.10/dist-packages/person_msgs/_person_msgs_s.ep.rosidl_typesupport_introspection_c.c
[0.762s] -- Up-to-date: /root/kadai2/ros2_ws/install/person_msgs/local/lib/python3.10/dist-packages/person_msgs/_person_msgs_s.ep.rosidl_typesupport_c.c
[0.762s] -- Up-to-date: /root/kadai2/ros2_ws/install/person_msgs/local/lib/python3.10/dist-packages/person_msgs/person_msgs_s__rosidl_typesupport_fastrtps_c.cpython-310-x86_64-linux-gnu.so
[0.762s] -- Up-to-date: /root/kadai2/ros2_ws/install/person_msgs/local/lib/python3.10/dist-packages/person_msgs/msg
[0.762s] -- Up-to-date: /root/kadai2/ros2_ws/install/person_msgs/local/lib/python3.10/dist-packages/person_msgs/msg/_person.py
[0.762s] -- Up-to-date: /root/kadai2/ros2_ws/install/person_msgs/local/lib/python3.10/dist-packages/person_msgs/msg/_person_s.c
[0.763s] -- Up-to-date: /root/kadai2/ros2_ws/install/person_msgs/local/lib/python3.10/dist-packages/person_msgs/msg/__init__.py
[0.763s] -- Up-to-date: /root/kadai2/ros2_ws/install/person_msgs/local/lib/python3.10/dist-packages/person_msgs/person_msgs_s__rosidl_typesupport_introspection_c.cpython-310-x86_64-linux-gnu.so
[0.763s] -- Up-to-date: /root/kadai2/ros2_ws/install/person_msgs/local/lib/python3.10/dist-packages/person_msgs/person_msgs_s__rosidl_typesupport_c.cpython-310-x86_64-linux-gnu.so
[0.763s] -- Up-to-date: /root/kadai2/ros2_ws/install/person_msgs/local/lib/python3.10/dist-packages/person_msgs/_person_msgs_s.ep.rosidl_typesupport_fastrtps_c.c
[0.763s] -- Up-to-date: /root/kadai2/ros2_ws/install/person_msgs/local/lib/python3.10/dist-packages/person_msgs/__init__.py
[0.818s] Listing '/root/kadai2/ros2_ws/install/person_msgs/local/lib/python3.10/dist-packages/person_msgs'...
[0.818s] Listing '/root/kadai2/ros2_ws/install/person_msgs/local/lib/python3.10/dist-packages/person_msgs/msg'...
[0.827s] -- Up-to-date: /root/kadai2/ros2_ws/install/person_msgs/local/lib/python3.10/dist-packages/person_msgs/person_msgs_s__rosidl_typesupport_fastrtps_c.cpython-310-x86_64-linux-gnu.so
[0.827s] -- Up-to-date: /root/kadai2/ros2_ws/install/person_msgs/local/lib/python3.10/dist-packages/person_msgs/person_msgs_s__rosidl_typesupport_introspection_c.cpython-310-x86_64-linux-gnu.so
[0.827s] -- Up-to-date: /root/kadai2/ros2_ws/install/person_msgs/local/lib/python3.10/dist-packages/person_msgs/person_msgs_s__rosidl_typesupport_c.cpython-310-x86_64-linux-gnu.so
[0.828s] -- Up-to-date: /root/kadai2/ros2_ws/install/person_msgs/lib/libperson_msgs__rosidl_generator_py.so
[0.828s] -- Up-to-date: /root/kadai2/ros2_ws/install/person_msgs/share/person_msgs/msg/Person.idl
[0.828s] -- Up-to-date: /root/kadai2/ros2_ws/install/person_msgs/share/person_msgs/msg/Person.msg
[0.829s] -- Up-to-date: /root/kadai2/ros2_ws/install/person_msgs/share/ament_index/resource_index/package_run_dependencies/person_msgs
[0.829s] -- Up-to-date: /root/kadai2/ros2_ws/install/person_msgs/share/ament_index/resource_index/parent_prefix_path/person_msgs
[0.830s] -- Up-to-date: /root/kadai2/ros2_ws/install/person_msgs/share/person_msgs/environment/ament_prefix_path.sh
[0.830s] -- Up-to-date: /root/kadai2/ros2_ws/install/person_msgs/share/person_msgs/environment/ament_prefix_path.dsv
[0.831s] -- Up-to-date: /root/kadai2/ros2_ws/install/person_msgs/share/person_msgs/environment/path.sh
[0.831s] -- Up-to-date: /root/kadai2/ros2_ws/install/person_msgs/share/person_msgs/environment/path.dsv
[0.831s] -- Up-to-date: /root/kadai2/ros2_ws/install/person_msgs/share/person_msgs/local_setup.bash
[0.832s] -- Up-to-date: /root/kadai2/ros2_ws/install/person_msgs/share/person_msgs/local_setup.sh
[0.832s] -- Up-to-date: /root/kadai2/ros2_ws/install/person_msgs/share/person_msgs/local_setup.zsh
[0.833s] -- Up-to-date: /root/kadai2/ros2_ws/install/person_msgs/share/person_msgs/local_setup.dsv
[0.833s] -- Installing: /root/kadai2/ros2_ws/install/person_msgs/share/person_msgs/package.dsv
[0.833s] -- Up-to-date: /root/kadai2/ros2_ws/install/person_msgs/share/ament_index/resource_index/packages/person_msgs
[0.834s] -- Up-to-date: /root/kadai2/ros2_ws/install/person_msgs/share/person_msgs/cmake/export_person_msgs__rosidl_generator_cExport.cmake
[0.834s] -- Up-to-date: /root/kadai2/ros2_ws/install/person_msgs/share/person_msgs/cmake/export_person_msgs__rosidl_generator_cExport-noconfig.cmake
[0.835s] -- Up-to-date: /root/kadai2/ros2_ws/install/person_msgs/share/person_msgs/cmake/export_person_msgs__rosidl_typesupport_fastrtps_cExport.cmake
[0.835s] -- Up-to-date: /root/kadai2/ros2_ws/install/person_msgs/share/person_msgs/cmake/export_person_msgs__rosidl_typesupport_fastrtps_cExport-noconfig.cmake
[0.836s] -- Up-to-date: /root/kadai2/ros2_ws/install/person_msgs/share/person_msgs/cmake/person_msgs__rosidl_typesupport_introspection_cExport.cmake
[0.836s] -- Up-to-date: /root/kadai2/ros2_ws/install/person_msgs/share/person_msgs/cmake/person_msgs__rosidl_typesupport_introspection_cExport-noconfig.cmake
[0.836s] -- Up-to-date: /root/kadai2/ros2_ws/install/person_msgs/share/person_msgs/cmake/person_msgs__rosidl_typesupport_cExport.cmake
[0.837s] -- Up-to-date: /root/kadai2/ros2_ws/install/person_msgs/share/person_msgs/cmake/person_msgs__rosidl_typesupport_cExport-noconfig.cmake
[0.837s] -- Up-to-date: /root/kadai2/ros2_ws/install/person_msgs/share/person_msgs/cmake/export_person_msgs__rosidl_generator_cppExport.cmake
[0.838s] -- Up-to-date: /root/kadai2/ros2_ws/install/person_msgs/share/person_msgs/cmake/export_person_msgs__rosidl_typesupport_fastrtps_cppExport.cmake
[0.838s] -- Up-to-date: /root/kadai2/ros2_ws/install/person_msgs/share/person_msgs/cmake/export_person_msgs__rosidl_typesupport_fastrtps_cppExport-noconfig.cmake
[0.838s] -- Up-to-date: /root/kadai2/ros2_ws/install/person_msgs/share/person_msgs/cmake/person_msgs__rosidl_typesupport_introspection_cppExport.cmake
[0.839s] -- Up-to-date: /root/kadai2/ros2_ws/install/person_msgs/share/person_msgs/cmake/person_msgs__rosidl_typesupport_introspection_cppExport-noconfig.cmake
[0.839s] -- Up-to-date: /root/kadai2/ros2_ws/install/person_msgs/share/person_msgs/cmake/person_msgs__rosidl_typesupport_cppExport.cmake
[0.839s] -- Up-to-date: /root/kadai2/ros2_ws/install/person_msgs/share/person_msgs/cmake/person_msgs__rosidl_typesupport_cppExport-noconfig.cmake
[0.840s] -- Up-to-date: /root/kadai2/ros2_ws/install/person_msgs/share/person_msgs/cmake/export_person_msgs__rosidl_generator_pyExport.cmake
[0.841s] -- Up-to-date: /root/kadai2/ros2_ws/install/person_msgs/share/person_msgs/cmake/export_person_msgs__rosidl_generator_pyExport-noconfig.cmake
[0.841s] -- Up-to-date: /root/kadai2/ros2_ws/install/person_msgs/share/person_msgs/cmake/rosidl_cmake-extras.cmake
[0.842s] -- Up-to-date: /root/kadai2/ros2_ws/install/person_msgs/share/person_msgs/cmake/ament_cmake_export_include_directories-extras.cmake
[0.843s] -- Up-to-date: /root/kadai2/ros2_ws/install/person_msgs/share/person_msgs/cmake/ament_cmake_export_libraries-extras.cmake
[0.843s] -- Up-to-date: /root/kadai2/ros2_ws/install/person_msgs/share/person_msgs/cmake/ament_cmake_export_targets-extras.cmake
[0.843s] -- Up-to-date: /root/kadai2/ros2_ws/install/person_msgs/share/person_msgs/cmake/rosidl_cmake_export_typesupport_targets-extras.cmake
[0.844s] -- Up-to-date: /root/kadai2/ros2_ws/install/person_msgs/share/person_msgs/cmake/ament_cmake_export_dependencies-extras.cmake
[0.845s] -- Up-to-date: /root/kadai2/ros2_ws/install/person_msgs/share/person_msgs/cmake/rosidl_cmake_export_typesupport_libraries-extras.cmake
[0.846s] -- Up-to-date: /root/kadai2/ros2_ws/install/person_msgs/share/person_msgs/cmake/person_msgsConfig.cmake
[0.846s] -- Up-to-date: /root/kadai2/ros2_ws/install/person_msgs/share/person_msgs/cmake/person_msgsConfig-version.cmake
[0.846s] -- Up-to-date: /root/kadai2/ros2_ws/install/person_msgs/share/person_msgs/package.xml
[0.846s] Invoked command in '/root/kadai2/ros2_ws/build/person_msgs' returned '0': CMAKE_PREFIX_PATH=${CMAKE_PREFIX_PATH}:/root/kadai2/ros2_ws/install/mypkg:/root/ros2_ws/install/mypkg:/opt/ros/humble /usr/bin/cmake --install /root/kadai2/ros2_ws/build/person_msgs
