[0.726s] Invoking command in '/root/kadai2/ros2_ws/src/mypkg': PYTHONPATH=/root/kadai2/ros2_ws/install/mypkg/lib/python3.10/site-packages:${PYTHONPATH} /usr/bin/python3 setup.py egg_info --egg-base ../../build/mypkg build --build-base /root/kadai2/ros2_ws/build/mypkg/build install --prefix /root/kadai2/ros2_ws/install/mypkg --record /root/kadai2/ros2_ws/build/mypkg/install.log --single-version-externally-managed
[0.966s] running egg_info
[0.967s] writing ../../build/mypkg/mypkg.egg-info/PKG-INFO
[0.967s] writing dependency_links to ../../build/mypkg/mypkg.egg-info/dependency_links.txt
[0.967s] writing entry points to ../../build/mypkg/mypkg.egg-info/entry_points.txt
[0.967s] writing requirements to ../../build/mypkg/mypkg.egg-info/requires.txt
[0.967s] writing top-level names to ../../build/mypkg/mypkg.egg-info/top_level.txt
[0.969s] reading manifest file '../../build/mypkg/mypkg.egg-info/SOURCES.txt'
[0.971s] writing manifest file '../../build/mypkg/mypkg.egg-info/SOURCES.txt'
[0.971s] running build
[0.971s] running build_py
[0.971s] running install
[0.972s] /usr/lib/python3/dist-packages/setuptools/command/install.py:34: SetuptoolsDeprecationWarning: setup.py install is deprecated. Use build and pip and other standards-based tools.
[0.972s]   warnings.warn(
[0.972s] running install_lib
[0.974s] running install_data
[0.974s] running install_egg_info
[0.976s] removing '/root/kadai2/ros2_ws/install/mypkg/lib/python3.10/site-packages/mypkg-0.0.0-py3.10.egg-info' (and everything under it)
[0.976s] Copying ../../build/mypkg/mypkg.egg-info to /root/kadai2/ros2_ws/install/mypkg/lib/python3.10/site-packages/mypkg-0.0.0-py3.10.egg-info
[0.977s] running install_scripts
[0.997s] Installing listener script to /root/kadai2/ros2_ws/install/mypkg/lib/mypkg
[0.997s] Installing talker script to /root/kadai2/ros2_ws/install/mypkg/lib/mypkg
[0.998s] writing list of installed files to '/root/kadai2/ros2_ws/build/mypkg/install.log'
[1.029s] Invoked command in '/root/kadai2/ros2_ws/src/mypkg' returned '0': PYTHONPATH=/root/kadai2/ros2_ws/install/mypkg/lib/python3.10/site-packages:${PYTHONPATH} /usr/bin/python3 setup.py egg_info --egg-base ../../build/mypkg build --build-base /root/kadai2/ros2_ws/build/mypkg/build install --prefix /root/kadai2/ros2_ws/install/mypkg --record /root/kadai2/ros2_ws/build/mypkg/install.log --single-version-externally-managed
